Startpoint: _3768_ (rising edge-triggered flip-flop clocked by clk)
Endpoint: _3751_ (rising edge-triggered flip-flop clocked by clk)
Path Group: clk
Path Type: max

   Delay     Time   Description
-----------------------------------------------------------
   0.000    0.000   clock clk (rise edge)
   0.000    0.000   clock network delay (ideal)
   0.000    0.000 ^ _3768_/CK (DFFS_X1)
   0.114    0.114 v _3768_/Q (DFFS_X1)
   0.217    0.330 ^ _2610_/ZN (NOR3_X1)
   0.051    0.381 v _2613_/ZN (NAND2_X1)
   0.394    0.775 ^ _2614_/ZN (AOI211_X1)
   0.056    0.831 v _2621_/ZN (AOI222_X1)
   0.170    1.001 ^ _2638_/ZN (NAND2_X1)
   0.026    1.027 v _2693_/ZN (OAI22_X1)
   0.195    1.222 ^ _2925_/ZN (OAI221_X1)
   0.010    1.232 v _3530_/ZN (NOR3_X1)
   0.076    1.307 ^ _3533_/ZN (AOI211_X1)
   0.024    1.332 v _3534_/ZN (OAI21_X1)
   0.102    1.434 ^ _3535_/ZN (AOI221_X1)
   0.033    1.467 v _3556_/ZN (OAI211_X1)
   0.000    1.467 v _3751_/D (DFFR_X1)
            1.467   data arrival time

  10.000   10.000   clock clk (rise edge)
   0.000   10.000   clock network delay (ideal)
   0.000   10.000   clock reconvergence pessimism
           10.000 ^ _3751_/CK (DFFR_X1)
  -0.046    9.954   library setup time
            9.954   data required time
-----------------------------------------------------------
            9.954   data required time
           -1.467   data arrival time
-----------------------------------------------------------
            8.487   slack (MET)


