
 /----------------------------------------------------------------------------\
 |  yosys -- Yosys Open SYnthesis Suite                                       |
 |  Copyright (C) 2012 - 2025  Claire Xenia Wolf <claire@yosyshq.com>         |
 |  Distributed under an ISC-like license, type "license" to see terms        |
 \----------------------------------------------------------------------------/
 Yosys 0.57+218 (git sha1 7ebd97216, g++ 11.4.0-1ubuntu1~22.04 -fPIC -O3)

-- Running command `
  read_verilog ./ref_solution/initial_island_1.sv;
  hierarchy -top LBP;
  proc; opt; fsm; opt; memory; opt;
  techmap; opt;
  dfflibmap -liberty /home/weiber/project/NanGate45-Synopsys-Enablement/NanGate45/lib/NangateOpenCellLibrary_typical.lib;
  abc       -liberty /home/weiber/project/NanGate45-Synopsys-Enablement/NanGate45/lib/NangateOpenCellLibrary_typical.lib;
  stat      -liberty /home/weiber/project/NanGate45-Synopsys-Enablement/NanGate45/lib/NangateOpenCellLibrary_typical.lib;
  write_verilog -noattr mapped.v
' --

1. Executing Verilog-2005 frontend: ./ref_solution/initial_island_1.sv
Parsing Verilog input from `./ref_solution/initial_island_1.sv' to AST representation.
verilog frontend filename ./ref_solution/initial_island_1.sv
Generating RTLIL representation for module `\LBP'.
Successfully finished Verilog frontend.

2. Executing HIERARCHY pass (managing design hierarchy).

2.1. Analyzing design hierarchy..
Top module:  \LBP

2.2. Analyzing design hierarchy..
Top module:  \LBP
Removed 0 unused modules.

3. Executing PROC pass (convert processes to netlists).

3.1. Executing PROC_CLEAN pass (remove empty switches from decision trees).
Cleaned up 0 empty switches.

3.2. Executing PROC_RMDEAD pass (remove dead branches from decision trees).
Marked 3 switch rules as full_case in process $proc$./ref_solution/initial_island_1.sv:173$41 in module LBP.
Marked 1 switch rules as full_case in process $proc$./ref_solution/initial_island_1.sv:166$39 in module LBP.
Marked 2 switch rules as full_case in process $proc$./ref_solution/initial_island_1.sv:144$36 in module LBP.
Marked 1 switch rules as full_case in process $proc$./ref_solution/initial_island_1.sv:137$34 in module LBP.
Marked 2 switch rules as full_case in process $proc$./ref_solution/initial_island_1.sv:129$32 in module LBP.
Marked 2 switch rules as full_case in process $proc$./ref_solution/initial_island_1.sv:121$28 in module LBP.
Marked 1 switch rules as full_case in process $proc$./ref_solution/initial_island_1.sv:112$26 in module LBP.
Marked 2 switch rules as full_case in process $proc$./ref_solution/initial_island_1.sv:104$22 in module LBP.
Marked 1 switch rules as full_case in process $proc$./ref_solution/initial_island_1.sv:97$17 in module LBP.
Marked 2 switch rules as full_case in process $proc$./ref_solution/initial_island_1.sv:90$11 in module LBP.
Marked 4 switch rules as full_case in process $proc$./ref_solution/initial_island_1.sv:65$7 in module LBP.
Marked 1 switch rules as full_case in process $proc$./ref_solution/initial_island_1.sv:58$6 in module LBP.
Removed a total of 0 dead cases.

3.3. Executing PROC_PRUNE pass (remove redundant assignments in processes).
Removed 3 redundant assignments.
Promoted 1 assignment to connection.

3.4. Executing PROC_INIT pass (extract init attributes).

3.5. Executing PROC_ARST pass (detect async resets in processes).
Found async reset \reset in `\LBP.$proc$./ref_solution/initial_island_1.sv:173$41'.
Found async reset \reset in `\LBP.$proc$./ref_solution/initial_island_1.sv:166$39'.
Found async reset \reset in `\LBP.$proc$./ref_solution/initial_island_1.sv:144$36'.
Found async reset \reset in `\LBP.$proc$./ref_solution/initial_island_1.sv:137$34'.
Found async reset \reset in `\LBP.$proc$./ref_solution/initial_island_1.sv:129$32'.
Found async reset \reset in `\LBP.$proc$./ref_solution/initial_island_1.sv:121$28'.
Found async reset \reset in `\LBP.$proc$./ref_solution/initial_island_1.sv:112$26'.
Found async reset \reset in `\LBP.$proc$./ref_solution/initial_island_1.sv:104$22'.
Found async reset \reset in `\LBP.$proc$./ref_solution/initial_island_1.sv:97$17'.
Found async reset \reset in `\LBP.$proc$./ref_solution/initial_island_1.sv:90$11'.
Found async reset \reset in `\LBP.$proc$./ref_solution/initial_island_1.sv:58$6'.

3.6. Executing PROC_ROM pass (convert switches to ROMs).
Converted 0 switches.
<suppressed ~21 debug messages>

3.7. Executing PROC_MUX pass (convert decision trees to multiplexers).
Creating decoders for process `\LBP.$proc$./ref_solution/initial_island_1.sv:173$41'.
     1/2: $0\gc_data[7:0]
     2/2: $0\lbp_data[7:0]
Creating decoders for process `\LBP.$proc$./ref_solution/initial_island_1.sv:166$39'.
     1/1: $0\lbp_addr[13:0]
Creating decoders for process `\LBP.$proc$./ref_solution/initial_island_1.sv:144$36'.
     1/1: $0\gray_addr[13:0]
Creating decoders for process `\LBP.$proc$./ref_solution/initial_island_1.sv:137$34'.
     1/1: $0\finish[0:0]
Creating decoders for process `\LBP.$proc$./ref_solution/initial_island_1.sv:129$32'.
     1/1: $0\lbp_valid[0:0]
Creating decoders for process `\LBP.$proc$./ref_solution/initial_island_1.sv:121$28'.
     1/1: $0\gray_req[0:0]
Creating decoders for process `\LBP.$proc$./ref_solution/initial_island_1.sv:112$26'.
     1/1: $0\gc_addr[13:0]
Creating decoders for process `\LBP.$proc$./ref_solution/initial_island_1.sv:104$22'.
     1/1: $0\counter_G[3:0]
Creating decoders for process `\LBP.$proc$./ref_solution/initial_island_1.sv:97$17'.
     1/1: $0\y[6:0]
Creating decoders for process `\LBP.$proc$./ref_solution/initial_island_1.sv:90$11'.
     1/1: $0\x[6:0]
Creating decoders for process `\LBP.$proc$./ref_solution/initial_island_1.sv:65$7'.
     1/4: $4\next_state[2:0]
     2/4: $3\next_state[2:0]
     3/4: $2\next_state[2:0]
     4/4: $1\next_state[2:0]
Creating decoders for process `\LBP.$proc$./ref_solution/initial_island_1.sv:58$6'.
     1/1: $0\current_state[2:0]

3.8. Executing PROC_DLATCH pass (convert process syncs to latches).
No latch inferred for signal `\LBP.\next_state' from process `\LBP.$proc$./ref_solution/initial_island_1.sv:65$7'.

3.9. Executing PROC_DFF pass (convert process syncs to FFs).
Creating register for signal `\LBP.\lbp_data' using process `\LBP.$proc$./ref_solution/initial_island_1.sv:173$41'.
  created $adff cell `$procdff$133' with positive edge clock and positive level reset.
Creating register for signal `\LBP.\gc_data' using process `\LBP.$proc$./ref_solution/initial_island_1.sv:173$41'.
  created $adff cell `$procdff$136' with positive edge clock and positive level reset.
Creating register for signal `\LBP.\lbp_addr' using process `\LBP.$proc$./ref_solution/initial_island_1.sv:166$39'.
  created $adff cell `$procdff$139' with positive edge clock and positive level reset.
Creating register for signal `\LBP.\gray_addr' using process `\LBP.$proc$./ref_solution/initial_island_1.sv:144$36'.
  created $adff cell `$procdff$142' with positive edge clock and positive level reset.
Creating register for signal `\LBP.\finish' using process `\LBP.$proc$./ref_solution/initial_island_1.sv:137$34'.
  created $adff cell `$procdff$145' with positive edge clock and positive level reset.
Creating register for signal `\LBP.\lbp_valid' using process `\LBP.$proc$./ref_solution/initial_island_1.sv:129$32'.
  created $adff cell `$procdff$148' with positive edge clock and positive level reset.
Creating register for signal `\LBP.\gray_req' using process `\LBP.$proc$./ref_solution/initial_island_1.sv:121$28'.
  created $adff cell `$procdff$151' with positive edge clock and positive level reset.
Creating register for signal `\LBP.\gc_addr' using process `\LBP.$proc$./ref_solution/initial_island_1.sv:112$26'.
  created $adff cell `$procdff$154' with positive edge clock and positive level reset.
Creating register for signal `\LBP.\counter_G' using process `\LBP.$proc$./ref_solution/initial_island_1.sv:104$22'.
  created $adff cell `$procdff$157' with positive edge clock and positive level reset.
Creating register for signal `\LBP.\y' using process `\LBP.$proc$./ref_solution/initial_island_1.sv:97$17'.
  created $adff cell `$procdff$160' with positive edge clock and positive level reset.
Creating register for signal `\LBP.\x' using process `\LBP.$proc$./ref_solution/initial_island_1.sv:90$11'.
  created $adff cell `$procdff$163' with positive edge clock and positive level reset.
Creating register for signal `\LBP.\current_state' using process `\LBP.$proc$./ref_solution/initial_island_1.sv:58$6'.
  created $adff cell `$procdff$166' with positive edge clock and positive level reset.

3.10. Executing PROC_MEMWR pass (convert process memory writes to cells).

3.11. Executing PROC_CLEAN pass (remove empty switches from decision trees).
Found and cleaned up 4 empty switches in `\LBP.$proc$./ref_solution/initial_island_1.sv:173$41'.
Removing empty process `LBP.$proc$./ref_solution/initial_island_1.sv:173$41'.
Found and cleaned up 1 empty switch in `\LBP.$proc$./ref_solution/initial_island_1.sv:166$39'.
Removing empty process `LBP.$proc$./ref_solution/initial_island_1.sv:166$39'.
Found and cleaned up 3 empty switches in `\LBP.$proc$./ref_solution/initial_island_1.sv:144$36'.
Removing empty process `LBP.$proc$./ref_solution/initial_island_1.sv:144$36'.
Found and cleaned up 1 empty switch in `\LBP.$proc$./ref_solution/initial_island_1.sv:137$34'.
Removing empty process `LBP.$proc$./ref_solution/initial_island_1.sv:137$34'.
Found and cleaned up 1 empty switch in `\LBP.$proc$./ref_solution/initial_island_1.sv:129$32'.
Removing empty process `LBP.$proc$./ref_solution/initial_island_1.sv:129$32'.
Found and cleaned up 1 empty switch in `\LBP.$proc$./ref_solution/initial_island_1.sv:121$28'.
Removing empty process `LBP.$proc$./ref_solution/initial_island_1.sv:121$28'.
Found and cleaned up 1 empty switch in `\LBP.$proc$./ref_solution/initial_island_1.sv:112$26'.
Removing empty process `LBP.$proc$./ref_solution/initial_island_1.sv:112$26'.
Found and cleaned up 2 empty switches in `\LBP.$proc$./ref_solution/initial_island_1.sv:104$22'.
Removing empty process `LBP.$proc$./ref_solution/initial_island_1.sv:104$22'.
Found and cleaned up 1 empty switch in `\LBP.$proc$./ref_solution/initial_island_1.sv:97$17'.
Removing empty process `LBP.$proc$./ref_solution/initial_island_1.sv:97$17'.
Found and cleaned up 2 empty switches in `\LBP.$proc$./ref_solution/initial_island_1.sv:90$11'.
Removing empty process `LBP.$proc$./ref_solution/initial_island_1.sv:90$11'.
Found and cleaned up 4 empty switches in `\LBP.$proc$./ref_solution/initial_island_1.sv:65$7'.
Removing empty process `LBP.$proc$./ref_solution/initial_island_1.sv:65$7'.
Removing empty process `LBP.$proc$./ref_solution/initial_island_1.sv:58$6'.
Cleaned up 21 empty switches.

3.12. Executing OPT_EXPR pass (perform const folding).
Optimizing module LBP.
<suppressed ~16 debug messages>

4. Executing OPT pass (performing simple optimizations).

4.1. Executing OPT_EXPR pass (perform const folding).
Optimizing module LBP.

4.2. Executing OPT_MERGE pass (detect identical cells).
Finding identical cells in module `\LBP'.
<suppressed ~60 debug messages>
Removed a total of 20 cells.

4.3. Executing OPT_MUXTREE pass (detect dead branches in mux trees).
Running muxtree optimizer on module \LBP..
  Creating internal representation of mux trees.
  Evaluating internal representation of mux trees.
  Analyzing evaluation results.
    dead port 2/2 on $mux $procmux$112.
    dead port 2/2 on $mux $procmux$104.
    dead port 2/2 on $mux $procmux$122.
Removed 3 multiplexer ports.
<suppressed ~37 debug messages>

4.4. Executing OPT_REDUCE pass (consolidate $*mux and $reduce_* inputs).
  Optimizing cells in module \LBP.
Performed a total of 0 changes.

4.5. Executing OPT_MERGE pass (detect identical cells).
Finding identical cells in module `\LBP'.
Removed a total of 0 cells.

4.6. Executing OPT_DFF pass (perform DFF optimizations).
Adding EN signal on $procdff$157 ($adff) from module LBP (D = $procmux$90_Y, Q = \counter_G).
Adding EN signal on $procdff$133 ($adff) from module LBP (D = $procmux$56_Y, Q = \lbp_data).
Adding EN signal on $procdff$163 ($adff) from module LBP (D = $procmux$97_Y, Q = \x).
Adding EN signal on $procdff$136 ($adff) from module LBP (D = \gray_data, Q = \gc_data).
Adding EN signal on $procdff$154 ($adff) from module LBP (D = { \y \x }, Q = \gc_addr).
Adding EN signal on $procdff$139 ($adff) from module LBP (D = \gc_addr, Q = \lbp_addr).
Adding EN signal on $procdff$160 ($adff) from module LBP (D = $add$./ref_solution/initial_island_1.sv:100$21_Y, Q = \y).
Adding EN signal on $procdff$142 ($adff) from module LBP (D = $procmux$75_Y, Q = \gray_addr).
Adding EN signal on $procdff$145 ($adff) from module LBP (D = 1'1, Q = \finish).

4.7. Executing OPT_CLEAN pass (remove unused cells and wires).
Finding unused cells or wires in module \LBP..
Removed 6 unused cells and 85 unused wires.
<suppressed ~7 debug messages>

4.8. Executing OPT_EXPR pass (perform const folding).
Optimizing module LBP.
<suppressed ~5 debug messages>

4.9. Rerunning OPT passes. (Maybe there is more to do..)

4.10. Executing OPT_MUXTREE pass (detect dead branches in mux trees).
Running muxtree optimizer on module \LBP..
  Creating internal representation of mux trees.
  Evaluating internal representation of mux trees.
  Analyzing evaluation results.
Removed 0 multiplexer ports.
<suppressed ~23 debug messages>

4.11. Executing OPT_REDUCE pass (consolidate $*mux and $reduce_* inputs).
  Optimizing cells in module \LBP.
Performed a total of 0 changes.

4.12. Executing OPT_MERGE pass (detect identical cells).
Finding identical cells in module `\LBP'.
Removed a total of 0 cells.

4.13. Executing OPT_DFF pass (perform DFF optimizations).

4.14. Executing OPT_CLEAN pass (remove unused cells and wires).
Finding unused cells or wires in module \LBP..

4.15. Executing OPT_EXPR pass (perform const folding).
Optimizing module LBP.

4.16. Finished fast OPT passes. (There is nothing left to do.)

5. Executing FSM pass (extract and optimize FSM).

5.1. Executing FSM_DETECT pass (finding FSMs in design).
Not marking LBP.current_state as FSM state register:
    Circuit seems to be self-resetting.

5.2. Executing FSM_EXTRACT pass (extracting FSM from design).

5.3. Executing FSM_OPT pass (simple optimizations of FSMs).

5.4. Executing OPT_CLEAN pass (remove unused cells and wires).
Finding unused cells or wires in module \LBP..

5.5. Executing FSM_OPT pass (simple optimizations of FSMs).

5.6. Executing FSM_RECODE pass (re-assigning FSM state encoding).

5.7. Executing FSM_INFO pass (dumping all available information on FSM cells).

5.8. Executing FSM_MAP pass (mapping FSMs to basic logic).

6. Executing OPT pass (performing simple optimizations).

6.1. Executing OPT_EXPR pass (perform const folding).
Optimizing module LBP.

6.2. Executing OPT_MERGE pass (detect identical cells).
Finding identical cells in module `\LBP'.
Removed a total of 0 cells.

6.3. Executing OPT_MUXTREE pass (detect dead branches in mux trees).
Running muxtree optimizer on module \LBP..
  Creating internal representation of mux trees.
  Evaluating internal representation of mux trees.
  Analyzing evaluation results.
Removed 0 multiplexer ports.
<suppressed ~23 debug messages>

6.4. Executing OPT_REDUCE pass (consolidate $*mux and $reduce_* inputs).
  Optimizing cells in module \LBP.
Performed a total of 0 changes.

6.5. Executing OPT_MERGE pass (detect identical cells).
Finding identical cells in module `\LBP'.
Removed a total of 0 cells.

6.6. Executing OPT_DFF pass (perform DFF optimizations).

6.7. Executing OPT_CLEAN pass (remove unused cells and wires).
Finding unused cells or wires in module \LBP..

6.8. Executing OPT_EXPR pass (perform const folding).
Optimizing module LBP.

6.9. Finished fast OPT passes. (There is nothing left to do.)

7. Executing MEMORY pass.

7.1. Executing OPT_MEM pass (optimize memories).
Performed a total of 0 transformations.

7.2. Executing OPT_MEM_PRIORITY pass (removing unnecessary memory write priority relations).
Performed a total of 0 transformations.

7.3. Executing OPT_MEM_FEEDBACK pass (finding memory read-to-write feedback paths).

7.4. Executing MEMORY_BMUX2ROM pass (converting muxes to ROMs).

7.5. Executing MEMORY_DFF pass (merging $dff cells to $memrd).

7.6. Executing OPT_CLEAN pass (remove unused cells and wires).
Finding unused cells or wires in module \LBP..

7.7. Executing MEMORY_SHARE pass (consolidating $memrd/$memwr cells).

7.8. Executing OPT_MEM_WIDEN pass (optimize memories where all ports are wide).
Performed a total of 0 transformations.

7.9. Executing OPT_CLEAN pass (remove unused cells and wires).
Finding unused cells or wires in module \LBP..

7.10. Executing MEMORY_COLLECT pass (generating $mem cells).

7.11. Executing MEMORY_MAP pass (converting memories to logic and flip-flops).

8. Executing OPT pass (performing simple optimizations).

8.1. Executing OPT_EXPR pass (perform const folding).
Optimizing module LBP.

8.2. Executing OPT_MERGE pass (detect identical cells).
Finding identical cells in module `\LBP'.
Removed a total of 0 cells.

8.3. Executing OPT_MUXTREE pass (detect dead branches in mux trees).
Running muxtree optimizer on module \LBP..
  Creating internal representation of mux trees.
  Evaluating internal representation of mux trees.
  Analyzing evaluation results.
Removed 0 multiplexer ports.
<suppressed ~23 debug messages>

8.4. Executing OPT_REDUCE pass (consolidate $*mux and $reduce_* inputs).
  Optimizing cells in module \LBP.
Performed a total of 0 changes.

8.5. Executing OPT_MERGE pass (detect identical cells).
Finding identical cells in module `\LBP'.
Removed a total of 0 cells.

8.6. Executing OPT_DFF pass (perform DFF optimizations).

8.7. Executing OPT_CLEAN pass (remove unused cells and wires).
Finding unused cells or wires in module \LBP..

8.8. Executing OPT_EXPR pass (perform const folding).
Optimizing module LBP.

8.9. Finished fast OPT passes. (There is nothing left to do.)

9. Executing TECHMAP pass (map to technology primitives).

9.1. Executing Verilog-2005 frontend: /usr/local/bin/../share/yosys/techmap.v
Parsing Verilog input from `/usr/local/bin/../share/yosys/techmap.v' to AST representation.
verilog frontend filename /usr/local/bin/../share/yosys/techmap.v
Generating RTLIL representation for module `\_90_simplemap_bool_ops'.
Generating RTLIL representation for module `\_90_simplemap_reduce_ops'.
Generating RTLIL representation for module `\_90_simplemap_logic_ops'.
Generating RTLIL representation for module `\_90_simplemap_compare_ops'.
Generating RTLIL representation for module `\_90_simplemap_various'.
Generating RTLIL representation for module `\_90_simplemap_registers'.
Generating RTLIL representation for module `\_90_shift_ops_shr_shl_sshl_sshr'.
Generating RTLIL representation for module `\_90_shift_shiftx'.
Generating RTLIL representation for module `\_90_fa'.
Generating RTLIL representation for module `\_90_lcu_brent_kung'.
Generating RTLIL representation for module `\_90_alu'.
Generating RTLIL representation for module `\_90_macc'.
Generating RTLIL representation for module `\_90_alumacc'.
Generating RTLIL representation for module `\$__div_mod_u'.
Generating RTLIL representation for module `\$__div_mod_trunc'.
Generating RTLIL representation for module `\_90_div'.
Generating RTLIL representation for module `\_90_mod'.
Generating RTLIL representation for module `\$__div_mod_floor'.
Generating RTLIL representation for module `\_90_divfloor'.
Generating RTLIL representation for module `\_90_modfloor'.
Generating RTLIL representation for module `\_90_pow'.
Generating RTLIL representation for module `\_90_pmux'.
Generating RTLIL representation for module `\_90_demux'.
Generating RTLIL representation for module `\_90_lut'.
Generating RTLIL representation for module `\$connect'.
Generating RTLIL representation for module `\$input_port'.
Successfully finished Verilog frontend.

9.2. Continuing TECHMAP pass.
Running "alumacc" on wrapper $extern:wrap:$sub:A_SIGNED=0:A_WIDTH=7:B_SIGNED=0:B_WIDTH=7:Y_WIDTH=7:394426c56d1a028ba8fdd5469b163e04011def47.
Using template $extern:wrap:$sub:A_SIGNED=0:A_WIDTH=7:B_SIGNED=0:B_WIDTH=7:Y_WIDTH=7:394426c56d1a028ba8fdd5469b163e04011def47 for cells of type $extern:wrap:$sub:A_SIGNED=0:A_WIDTH=7:B_SIGNED=0:B_WIDTH=7:Y_WIDTH=7:394426c56d1a028ba8fdd5469b163e04011def47.
Using extmapper simplemap for cells of type $ne.
Running "alumacc" on wrapper $extern:wrap:$sub:A_SIGNED=0:A_WIDTH=4:B_SIGNED=0:B_WIDTH=4:Y_WIDTH=4:394426c56d1a028ba8fdd5469b163e04011def47.
Using template $extern:wrap:$sub:A_SIGNED=0:A_WIDTH=4:B_SIGNED=0:B_WIDTH=4:Y_WIDTH=4:394426c56d1a028ba8fdd5469b163e04011def47 for cells of type $extern:wrap:$sub:A_SIGNED=0:A_WIDTH=4:B_SIGNED=0:B_WIDTH=4:Y_WIDTH=4:394426c56d1a028ba8fdd5469b163e04011def47.
Using extmapper simplemap for cells of type $eq.
Using extmapper simplemap for cells of type $reduce_bool.
Using extmapper simplemap for cells of type $not.
Running "alumacc" on wrapper $extern:wrap:$add:A_SIGNED=0:A_WIDTH=7:B_SIGNED=0:B_WIDTH=7:Y_WIDTH=7:394426c56d1a028ba8fdd5469b163e04011def47.
Using template $extern:wrap:$add:A_SIGNED=0:A_WIDTH=7:B_SIGNED=0:B_WIDTH=7:Y_WIDTH=7:394426c56d1a028ba8fdd5469b163e04011def47 for cells of type $extern:wrap:$add:A_SIGNED=0:A_WIDTH=7:B_SIGNED=0:B_WIDTH=7:Y_WIDTH=7:394426c56d1a028ba8fdd5469b163e04011def47.
Using extmapper simplemap for cells of type $logic_and.
Using extmapper simplemap for cells of type $reduce_and.
Running "alumacc" on wrapper $extern:wrap:$add:A_SIGNED=0:A_WIDTH=4:B_SIGNED=0:B_WIDTH=4:Y_WIDTH=4:394426c56d1a028ba8fdd5469b163e04011def47.
Using template $extern:wrap:$add:A_SIGNED=0:A_WIDTH=4:B_SIGNED=0:B_WIDTH=4:Y_WIDTH=4:394426c56d1a028ba8fdd5469b163e04011def47 for cells of type $extern:wrap:$add:A_SIGNED=0:A_WIDTH=4:B_SIGNED=0:B_WIDTH=4:Y_WIDTH=4:394426c56d1a028ba8fdd5469b163e04011def47.
Using extmapper simplemap for cells of type $logic_or.
Running "alumacc" on wrapper $extern:wrap:$ge:A_SIGNED=0:A_WIDTH=8:B_SIGNED=0:B_WIDTH=8:Y_WIDTH=1:394426c56d1a028ba8fdd5469b163e04011def47.
Using template $extern:wrap:$ge:A_SIGNED=0:A_WIDTH=8:B_SIGNED=0:B_WIDTH=8:Y_WIDTH=1:394426c56d1a028ba8fdd5469b163e04011def47 for cells of type $extern:wrap:$ge:A_SIGNED=0:A_WIDTH=8:B_SIGNED=0:B_WIDTH=8:Y_WIDTH=1:394426c56d1a028ba8fdd5469b163e04011def47.
Using template $paramod$constmap:1f59caf647f1be38ac0cbc361504be01ec619f94$paramod$20922950378e956ec563ae959f0d9c5eecccda9f\_90_shift_ops_shr_shl_sshl_sshr for cells of type $shl.
Running "alumacc" on wrapper $extern:wrap:$add:A_SIGNED=0:A_WIDTH=8:B_SIGNED=0:B_WIDTH=8:Y_WIDTH=8:394426c56d1a028ba8fdd5469b163e04011def47.
Using template $extern:wrap:$add:A_SIGNED=0:A_WIDTH=8:B_SIGNED=0:B_WIDTH=8:Y_WIDTH=8:394426c56d1a028ba8fdd5469b163e04011def47 for cells of type $extern:wrap:$add:A_SIGNED=0:A_WIDTH=8:B_SIGNED=0:B_WIDTH=8:Y_WIDTH=8:394426c56d1a028ba8fdd5469b163e04011def47.
Using template $paramod$f1acac279148b9a1d647b9fcdbbf4f7673a96754\_90_pmux for cells of type $pmux.
Using extmapper simplemap for cells of type $logic_not.
Using extmapper simplemap for cells of type $adffe.
Using template $paramod$56f7ce6d87f8add68ca646dc02d7695a3189f8e5\_90_pmux for cells of type $pmux.
Using extmapper simplemap for cells of type $adff.
Using template $paramod$dbcdc7e8aa1a4080cea2deda6fdc8772064f4d90\_90_alu for cells of type $alu.
Using template $paramod$740b056ede97228d3eae64ea2fdc81f0a33e0fe7\_90_alu for cells of type $alu.
Using extmapper simplemap for cells of type $or.
Using template $paramod$a1bc51c02ce12ac21eb18988e83292af48ed7d72\_90_alu for cells of type $alu.
Using extmapper simplemap for cells of type $reduce_or.
Using extmapper simplemap for cells of type $and.
Using extmapper simplemap for cells of type $xor.
Using template $paramod\_90_fa\WIDTH=32'00000000000000000000000000000111 for cells of type $fa.
Using template $paramod\_90_lcu_brent_kung\WIDTH=32'00000000000000000000000000000111 for cells of type $lcu.
Using extmapper simplemap for cells of type $pos.
Using template $paramod\_90_fa\WIDTH=32'00000000000000000000000000000100 for cells of type $fa.
Using template $paramod\_90_lcu_brent_kung\WIDTH=32'00000000000000000000000000000100 for cells of type $lcu.
Using template $paramod\_90_fa\WIDTH=32'00000000000000000000000000001000 for cells of type $fa.
Using template $paramod\_90_lcu_brent_kung\WIDTH=32'00000000000000000000000000001000 for cells of type $lcu.
No more expansions possible.
<suppressed ~1162 debug messages>

10. Executing OPT pass (performing simple optimizations).

10.1. Executing OPT_EXPR pass (perform const folding).
Optimizing module LBP.
<suppressed ~581 debug messages>

10.2. Executing OPT_MERGE pass (detect identical cells).
Finding identical cells in module `\LBP'.
<suppressed ~174 debug messages>
Removed a total of 58 cells.

10.3. Executing OPT_MUXTREE pass (detect dead branches in mux trees).
Running muxtree optimizer on module \LBP..
  Creating internal representation of mux trees.
  No muxes found in this module.
Removed 0 multiplexer ports.

10.4. Executing OPT_REDUCE pass (consolidate $*mux and $reduce_* inputs).
  Optimizing cells in module \LBP.
Performed a total of 0 changes.

10.5. Executing OPT_MERGE pass (detect identical cells).
Finding identical cells in module `\LBP'.
Removed a total of 0 cells.

10.6. Executing OPT_DFF pass (perform DFF optimizations).

10.7. Executing OPT_CLEAN pass (remove unused cells and wires).
Finding unused cells or wires in module \LBP..
Removed 46 unused cells and 597 unused wires.
<suppressed ~47 debug messages>

10.8. Executing OPT_EXPR pass (perform const folding).
Optimizing module LBP.

10.9. Rerunning OPT passes. (Maybe there is more to do..)

10.10. Executing OPT_MUXTREE pass (detect dead branches in mux trees).
Running muxtree optimizer on module \LBP..
  Creating internal representation of mux trees.
  No muxes found in this module.
Removed 0 multiplexer ports.

10.11. Executing OPT_REDUCE pass (consolidate $*mux and $reduce_* inputs).
  Optimizing cells in module \LBP.
Performed a total of 0 changes.

10.12. Executing OPT_MERGE pass (detect identical cells).
Finding identical cells in module `\LBP'.
Removed a total of 0 cells.

10.13. Executing OPT_DFF pass (perform DFF optimizations).

10.14. Executing OPT_CLEAN pass (remove unused cells and wires).
Finding unused cells or wires in module \LBP..

10.15. Executing OPT_EXPR pass (perform const folding).
Optimizing module LBP.

10.16. Finished fast OPT passes. (There is nothing left to do.)

11. Executing DFFLIBMAP pass (mapping DFF cells to sequential cells from liberty file).
  cell DFF_X1 (noninv, pins=4, area=4.52) is a direct match for cell type $_DFF_P_.
  cell DFFR_X1 (noninv, pins=5, area=5.32) is a direct match for cell type $_DFF_PN0_.
  cell DFFS_X1 (noninv, pins=5, area=5.32) is a direct match for cell type $_DFF_PN1_.
  cell DFFRS_X1 (noninv, pins=6, area=6.38) is a direct match for cell type $_DFFSR_PNN_.
  final dff cell mappings:
    unmapped dff cell: $_DFF_N_
    \DFF_X1 _DFF_P_ (.CK( C), .D( D), .Q( Q), .QN(~Q));
    unmapped dff cell: $_DFF_NN0_
    unmapped dff cell: $_DFF_NN1_
    unmapped dff cell: $_DFF_NP0_
    unmapped dff cell: $_DFF_NP1_
    \DFFR_X1 _DFF_PN0_ (.CK( C), .D( D), .Q( Q), .QN(~Q), .RN( R));
    \DFFS_X1 _DFF_PN1_ (.CK( C), .D( D), .Q( Q), .QN(~Q), .SN( R));
    unmapped dff cell: $_DFF_PP0_
    unmapped dff cell: $_DFF_PP1_
    unmapped dff cell: $_DFFE_NN_
    unmapped dff cell: $_DFFE_NP_
    unmapped dff cell: $_DFFE_PN_
    unmapped dff cell: $_DFFE_PP_
    unmapped dff cell: $_DFFSR_NNN_
    unmapped dff cell: $_DFFSR_NNP_
    unmapped dff cell: $_DFFSR_NPN_
    unmapped dff cell: $_DFFSR_NPP_
    \DFFRS_X1 _DFFSR_PNN_ (.CK( C), .D( D), .Q( Q), .QN(~Q), .RN( R), .SN( S));
    unmapped dff cell: $_DFFSR_PNP_
    unmapped dff cell: $_DFFSR_PPN_
    unmapped dff cell: $_DFFSR_PPP_

11.1. Executing DFFLEGALIZE pass (convert FFs to types supported by the target).
<suppressed ~8 debug messages>
Mapping DFF cells in module `\LBP':
  mapped 78 $_DFF_PN0_ cells to \DFFR_X1 cells.
  mapped 4 $_DFF_PN1_ cells to \DFFS_X1 cells.

12. Executing ABC pass (technology mapping using ABC).

12.1. Extracting gate netlist of module `\LBP' to `<abc-temp-dir>/input.blif'..
Replacing 44 occurrences of constant undef bits with constant zero bits

12.1.1. Executed ABC.
Extracted 780 gates and 914 wires to a netlist network with 131 inputs and 164 outputs.
Running ABC script: <abc-temp-dir>/abc.script
ABC: UC Berkeley, ABC 1.01 (compiled Sep 27 2025 20:16:06)
ABC: abc 01> empty
ABC: abc 01> source <abc-temp-dir>/abc.script
ABC: + read_blif <abc-temp-dir>/input.blif 
ABC: + read_lib -w /home/weiber/project/NanGate45-Synopsys-Enablement/NanGate45/lib/NangateOpenCellLibrary_typical.lib 
ABC: Parsing finished successfully.  Parsing time =     0.03 sec
ABC: Scl_LibertyReadGenlib() skipped cell "ANTENNA_X1" due to dont_use attribute.
ABC: Scl_LibertyReadGenlib() skipped cell "CLKGATETST_X1" without logic function.
ABC: Scl_LibertyReadGenlib() skipped cell "CLKGATETST_X2" without logic function.
ABC: Scl_LibertyReadGenlib() skipped cell "CLKGATETST_X4" without logic function.
ABC: Scl_LibertyReadGenlib() skipped cell "CLKGATETST_X8" without logic function.
ABC: Scl_LibertyReadGenlib() skipped cell "CLKGATE_X1" without logic function.
ABC: Scl_LibertyReadGenlib() skipped cell "CLKGATE_X2" without logic function.
ABC: Scl_LibertyReadGenlib() skipped cell "CLKGATE_X4" without logic function.
ABC: Scl_LibertyReadGenlib() skipped cell "CLKGATE_X8" without logic function.
ABC: Scl_LibertyReadGenlib() skipped sequential cell "DFFRS_X1".
ABC: Scl_LibertyReadGenlib() skipped sequential cell "DFFRS_X2".
ABC: Scl_LibertyReadGenlib() skipped sequential cell "DFFR_X1".
ABC: Scl_LibertyReadGenlib() skipped sequential cell "DFFR_X2".
ABC: Scl_LibertyReadGenlib() skipped sequential cell "DFFS_X1".
ABC: Scl_LibertyReadGenlib() skipped sequential cell "DFFS_X2".
ABC: Scl_LibertyReadGenlib() skipped sequential cell "DFF_X1".
ABC: Scl_LibertyReadGenlib() skipped sequential cell "DFF_X2".
ABC: Scl_LibertyReadGenlib() skipped sequential cell "DLH_X1".
ABC: Scl_LibertyReadGenlib() skipped sequential cell "DLH_X2".
ABC: Scl_LibertyReadGenlib() skipped sequential cell "DLL_X1".
ABC: Scl_LibertyReadGenlib() skipped sequential cell "DLL_X2".
ABC: Scl_LibertyReadGenlib() skipped cell "FILLCELL_X1" due to dont_use attribute.
ABC: Scl_LibertyReadGenlib() skipped cell "TAPCELL_X1" due to dont_use attribute.
ABC: Scl_LibertyReadGenlib() skipped cell "FILLCELL_X2" due to dont_use attribute.
ABC: Scl_LibertyReadGenlib() skipped cell "FILLCELL_X4" due to dont_use attribute.
ABC: Scl_LibertyReadGenlib() skipped cell "FILLCELL_X8" due to dont_use attribute.
ABC: Scl_LibertyReadGenlib() skipped cell "FILLCELL_X16" due to dont_use attribute.
ABC: Scl_LibertyReadGenlib() skipped cell "FILLCELL_X32" due to dont_use attribute.
ABC: Scl_LibertyReadGenlib() skipped cell "LOGIC0_X1" due to dont_use attribute.
ABC: Scl_LibertyReadGenlib() skipped cell "LOGIC1_X1" due to dont_use attribute.
ABC: Scl_LibertyReadGenlib() skipped sequential cell "SDFFRS_X1".
ABC: Scl_LibertyReadGenlib() skipped sequential cell "SDFFRS_X2".
ABC: Scl_LibertyReadGenlib() skipped sequential cell "SDFFR_X1".
ABC: Scl_LibertyReadGenlib() skipped sequential cell "SDFFR_X2".
ABC: Scl_LibertyReadGenlib() skipped sequential cell "SDFFS_X1".
ABC: Scl_LibertyReadGenlib() skipped sequential cell "SDFFS_X2".
ABC: Scl_LibertyReadGenlib() skipped sequential cell "SDFF_X1".
ABC: Scl_LibertyReadGenlib() skipped sequential cell "SDFF_X2".
ABC: Scl_LibertyReadGenlib() skipped three-state cell "TBUF_X1".
ABC: Scl_LibertyReadGenlib() skipped three-state cell "TBUF_X2".
ABC: Scl_LibertyReadGenlib() skipped three-state cell "TBUF_X4".
ABC: Scl_LibertyReadGenlib() skipped three-state cell "TBUF_X8".
ABC: Scl_LibertyReadGenlib() skipped three-state cell "TBUF_X16".
ABC: Scl_LibertyReadGenlib() skipped three-state cell "TINV_X1".
ABC: Scl_LibertyReadGenlib() skipped sequential cell "TLAT_X1".
ABC: Library "NangateOpenCellLibrary" from "/home/weiber/project/NanGate45-Synopsys-Enablement/NanGate45/lib/NangateOpenCellLibrary_typical.lib" has 90 cells (45 skipped: 21 seq; 6 tri-state; 8 no func; 10 dont_use; 0 with 2 outputs; 0 with 3+ outputs).  Time =     0.04 sec
ABC: Memory =   11.38 MB. Time =     0.04 sec
ABC: Warning: Detected 2 multi-output cells (for example, "FA_X1").
ABC: + strash 
ABC: + &get -n 
ABC: + &fraig -x 
ABC: + &put 
ABC: + scorr 
ABC: Warning: The network is combinational (run "fraig" or "fraig_sweep").
ABC: + dc2 
ABC: + dretime 
ABC: + strash 
ABC: + &get -n 
ABC: + &dch -f 
ABC: + &nf 
ABC: + &put 
ABC: + write_blif <abc-temp-dir>/output.blif 

12.1.2. Re-integrating ABC results.
ABC RESULTS:           AND2_X1 cells:       12
ABC RESULTS:           AND3_X1 cells:        2
ABC RESULTS:         AOI211_X1 cells:        4
ABC RESULTS:          AOI21_X1 cells:       21
ABC RESULTS:         AOI221_X1 cells:        4
ABC RESULTS:         AOI222_X1 cells:       10
ABC RESULTS:          AOI22_X1 cells:       13
ABC RESULTS:            INV_X1 cells:      119
ABC RESULTS:           MUX2_X1 cells:       48
ABC RESULTS:          NAND2_X1 cells:       32
ABC RESULTS:          NAND3_X1 cells:       13
ABC RESULTS:          NAND4_X1 cells:        1
ABC RESULTS:           NOR2_X1 cells:       31
ABC RESULTS:           NOR3_X1 cells:        5
ABC RESULTS:           NOR4_X1 cells:        5
ABC RESULTS:          OAI21_X1 cells:       29
ABC RESULTS:         OAI221_X1 cells:        6
ABC RESULTS:          OAI22_X1 cells:        7
ABC RESULTS:          OAI33_X1 cells:        1
ABC RESULTS:            OR2_X1 cells:       12
ABC RESULTS:            OR3_X1 cells:        3
ABC RESULTS:            OR4_X1 cells:        2
ABC RESULTS:          XNOR2_X1 cells:       27
ABC RESULTS:           XOR2_X1 cells:        6
ABC RESULTS:        internal signals:      619
ABC RESULTS:           input signals:      131
ABC RESULTS:          output signals:      164
Removing temp directory.
Removing global temp directory.

13. Printing statistics.

=== LBP ===

        +----------Local Count, excluding submodules.
        |        +-Local Area, excluding submodules.
        |        | 
     1055        - wires
     1717        - wire bits
       30        - public wires
      240        - public wire bits
       10        - ports
       50        - port bits
      495  878.598 cells
       12   12.768   AND2_X1
        2     2.66   AND3_X1
        4     5.32   AOI211_X1
       21   22.344   AOI21_X1
        4    6.384   AOI221_X1
       10    21.28   AOI222_X1
       13    17.29   AOI22_X1
       78   414.96   DFFR_X1
        4    21.28   DFFS_X1
      119   63.308   INV_X1
       48   89.376   MUX2_X1
       32   25.536   NAND2_X1
       13   13.832   NAND3_X1
        1     1.33   NAND4_X1
       31   24.738   NOR2_X1
        5     5.32   NOR3_X1
        5     6.65   NOR4_X1
       29   30.856   OAI21_X1
        6    9.576   OAI221_X1
        7     9.31   OAI22_X1
        1    1.862   OAI33_X1
       12   12.768   OR2_X1
        3     3.99   OR3_X1
        2    3.192   OR4_X1
       27   43.092   XNOR2_X1
        6    9.576   XOR2_X1

   Chip area for module '\LBP': 878.598000
     of which used for sequential elements: 436.240000 (49.65%)

14. Executing Verilog backend.

14.1. Executing BMUXMAP pass.

14.2. Executing DEMUXMAP pass.
Dumping module `\LBP'.

End of script. Logfile hash: 51be300403, CPU: user 0.18s system 0.01s, MEM: 38.95 MB peak
Yosys 0.57+218 (git sha1 7ebd97216, g++ 11.4.0-1ubuntu1~22.04 -fPIC -O3)
Time spent: 43% 1x abc (0 sec), 19% 1x stat (0 sec), ...
