Startpoint: _1519_ (rising edge-triggered flip-flop clocked by clk)
Endpoint: _1508_ (rising edge-triggered flip-flop clocked by clk)
Path Group: clk
Path Type: max

   Delay     Time   Description
-----------------------------------------------------------
   0.000    0.000   clock clk (rise edge)
   0.000    0.000   clock network delay (ideal)
   0.000    0.000 ^ _1519_/CK (DFFR_X1)
   0.087    0.087 v _1519_/Q (DFFR_X1)
   0.054    0.141 v _1047_/ZN (OR2_X1)
   0.052    0.193 ^ _1062_/ZN (NOR2_X1)
   0.023    0.216 v _1064_/ZN (AOI21_X1)
   0.440    0.656 ^ _1109_/ZN (NOR3_X1)
   0.100    0.756 v _1116_/ZN (AOI21_X1)
   0.123    0.879 ^ _1117_/ZN (AOI222_X1)
   0.007    0.886 v _1118_/ZN (INV_X1)
   0.000    0.886 v _1508_/D (DFFR_X1)
            0.886   data arrival time

  10.000   10.000   clock clk (rise edge)
   0.000   10.000   clock network delay (ideal)
   0.000   10.000   clock reconvergence pessimism
           10.000 ^ _1508_/CK (DFFR_X1)
  -0.041    9.959   library setup time
            9.959   data required time
-----------------------------------------------------------
            9.959   data required time
           -0.886   data arrival time
-----------------------------------------------------------
            9.073   slack (MET)


