Startpoint: _9059_ (rising edge-triggered flip-flop clocked by clk)
Endpoint: _9165_ (rising edge-triggered flip-flop clocked by clk)
Path Group: clk
Path Type: max

   Delay     Time   Description
-----------------------------------------------------------
   0.000    0.000   clock clk (rise edge)
   0.000    0.000   clock network delay (ideal)
   0.000    0.000 ^ _9059_/CK (DFFR_X1)
   0.153    0.153 ^ _9059_/Q (DFFR_X1)
   0.030    0.183 v _5346_/ZN (INV_X1)
   0.036    0.219 ^ _5552_/ZN (OAI211_X1)
   0.264    0.483 v _5553_/ZN (NAND2_X1)
   0.165    0.648 v _5617_/ZN (OR2_X1)
   0.032    0.680 ^ _7811_/ZN (NAND2_X1)
   0.072    0.752 ^ _7813_/Z (XOR2_X1)
   0.070    0.821 ^ _7816_/Z (XOR2_X1)
   0.018    0.839 v _7819_/ZN (NOR3_X1)
   0.061    0.901 ^ _7877_/ZN (NOR3_X1)
   0.018    0.918 v _7884_/ZN (NOR2_X1)
   0.048    0.966 v _7931_/ZN (XNOR2_X1)
   0.065    1.031 v _7959_/Z (XOR2_X1)
   0.058    1.089 v _7983_/ZN (XNOR2_X1)
   0.063    1.152 v _7985_/ZN (OR2_X1)
   0.066    1.218 ^ _7988_/ZN (NOR3_X1)
   0.027    1.244 v _8002_/ZN (AOI21_X1)
   0.123    1.367 v _8004_/ZN (OR4_X1)
   0.061    1.428 ^ _8006_/ZN (AOI211_X1)
   0.029    1.457 v _8008_/ZN (OAI21_X1)
   0.039    1.496 ^ _8010_/ZN (AOI21_X1)
   0.026    1.522 v _8011_/ZN (OAI21_X1)
   0.037    1.559 ^ _8013_/ZN (AOI21_X1)
   0.030    1.589 v _8014_/ZN (OAI21_X1)
   0.039    1.628 ^ _8016_/ZN (AOI21_X1)
   0.028    1.656 v _8018_/ZN (OAI21_X1)
   0.043    1.699 ^ _8019_/ZN (AOI21_X1)
   0.020    1.719 v _8020_/ZN (NOR2_X1)
   0.051    1.770 ^ _8022_/ZN (AOI211_X1)
   0.049    1.819 v _8024_/ZN (OAI33_X1)
   0.085    1.904 v _8026_/ZN (OR3_X1)
   0.036    1.939 ^ _8030_/ZN (AOI21_X1)
   0.032    1.972 v _8033_/ZN (OAI21_X1)
   0.051    2.023 ^ _8034_/ZN (AOI21_X1)
   0.014    2.037 v _8131_/ZN (NOR3_X1)
   0.054    2.091 v _8132_/ZN (OR2_X1)
   0.044    2.135 v _8285_/ZN (XNOR2_X1)
   0.055    2.190 ^ _8286_/ZN (OAI21_X1)
   0.030    2.220 v _8288_/ZN (AOI211_X1)
   0.101    2.321 ^ _8290_/ZN (OAI33_X1)
   0.035    2.356 v _8293_/ZN (AOI21_X1)
   0.045    2.401 ^ _8296_/ZN (OAI211_X1)
   0.028    2.429 v _8298_/ZN (NAND3_X1)
   0.038    2.467 ^ _8300_/ZN (AOI21_X1)
   0.025    2.492 v _8301_/ZN (OAI21_X1)
   0.041    2.532 v _8303_/ZN (AND3_X1)
   0.069    2.601 ^ _8304_/ZN (NOR3_X1)
   0.014    2.615 v _8350_/ZN (NOR2_X1)
   0.066    2.681 ^ _8351_/ZN (AOI22_X1)
   0.016    2.697 v _8352_/ZN (OAI21_X1)
   0.000    2.697 v _9165_/D (DFFR_X1)
            2.697   data arrival time

  10.000   10.000   clock clk (rise edge)
   0.000   10.000   clock network delay (ideal)
   0.000   10.000   clock reconvergence pessimism
           10.000 ^ _9165_/CK (DFFR_X1)
  -0.043    9.957   library setup time
            9.957   data required time
-----------------------------------------------------------
            9.957   data required time
           -2.697   data arrival time
-----------------------------------------------------------
            7.260   slack (MET)


