
 /----------------------------------------------------------------------------\
 |  yosys -- Yosys Open SYnthesis Suite                                       |
 |  Copyright (C) 2012 - 2025  Claire Xenia Wolf <claire@yosyshq.com>         |
 |  Distributed under an ISC-like license, type "license" to see terms        |
 \----------------------------------------------------------------------------/
 Yosys 0.57+72 (git sha1 fa02d71f6, g++ 11.4.0-1ubuntu1~22.04 -fPIC -O3)

-- Running command `
  read_verilog ./ref_solution/initial_island_1.sv;
  hierarchy -top huffman;
  proc; opt; fsm; opt; memory; opt;
  techmap; opt;
  dfflibmap -liberty /home/weiber/project/NanGate45-Synopsys-Enablement/NanGate45/lib/NangateOpenCellLibrary_typical.lib;
  abc       -liberty /home/weiber/project/NanGate45-Synopsys-Enablement/NanGate45/lib/NangateOpenCellLibrary_typical.lib;
  stat      -liberty /home/weiber/project/NanGate45-Synopsys-Enablement/NanGate45/lib/NangateOpenCellLibrary_typical.lib;
  write_verilog -noattr mapped.v
' --

1. Executing Verilog-2005 frontend: ./ref_solution/initial_island_1.sv
Parsing Verilog input from `./ref_solution/initial_island_1.sv' to AST representation.
Generating RTLIL representation for module `\huffman'.
Warning: Replacing memory \CNT_array with list of registers. See ./ref_solution/initial_island_1.sv:69
Warning: Replacing memory \CNT_group with list of registers. See ./ref_solution/initial_island_1.sv:68
Warning: Replacing memory \M_array with list of registers. See ./ref_solution/initial_island_1.sv:67
Warning: Replacing memory \HC_array with list of registers. See ./ref_solution/initial_island_1.sv:66
Successfully finished Verilog frontend.

2. Executing HIERARCHY pass (managing design hierarchy).

2.1. Analyzing design hierarchy..
Top module:  \huffman

2.2. Analyzing design hierarchy..
Top module:  \huffman
Removed 0 unused modules.

3. Executing PROC pass (convert processes to netlists).

3.1. Executing PROC_CLEAN pass (remove empty switches from decision trees).
Cleaned up 0 empty switches.

3.2. Executing PROC_RMDEAD pass (remove dead branches from decision trees).
Removed 1 dead cases from process $proc$./ref_solution/initial_island_1.sv:168$205 in module huffman.
Marked 3 switch rules as full_case in process $proc$./ref_solution/initial_island_1.sv:168$205 in module huffman.
Removed 1 dead cases from process $proc$./ref_solution/initial_island_1.sv:59$44 in module huffman.
Marked 17 switch rules as full_case in process $proc$./ref_solution/initial_island_1.sv:59$44 in module huffman.
Removed a total of 2 dead cases.

3.3. Executing PROC_PRUNE pass (remove redundant assignments in processes).
Removed 1 redundant assignment.
Promoted 36 assignments to connections.

3.4. Executing PROC_INIT pass (extract init attributes).

3.5. Executing PROC_ARST pass (detect async resets in processes).
Found async reset \reset in `\huffman.$proc$./ref_solution/initial_island_1.sv:59$44'.

3.6. Executing PROC_ROM pass (convert switches to ROMs).
Converted 0 switches.
<suppressed ~35 debug messages>

3.7. Executing PROC_MUX pass (convert decision trees to multiplexers).
Creating decoders for process `\huffman.$proc$./ref_solution/initial_island_1.sv:168$205'.
     1/7: $2$mem2reg_rd$\CNT_array$./ref_solution/initial_island_1.sv:181$19_DATA[7:0]$221
     2/7: $2$mem2reg_rd$\CNT_array$./ref_solution/initial_island_1.sv:181$18_DATA[7:0]$220
     3/7: $1\nt_state[1:0]
     4/7: $1$mem2reg_rd$\CNT_array$./ref_solution/initial_island_1.sv:181$19_DATA[7:0]$213
     5/7: $1$mem2reg_rd$\CNT_array$./ref_solution/initial_island_1.sv:181$19_ADDR[2:0]$212
     6/7: $1$mem2reg_rd$\CNT_array$./ref_solution/initial_island_1.sv:181$18_DATA[7:0]$211
     7/7: $1$mem2reg_rd$\CNT_array$./ref_solution/initial_island_1.sv:181$18_ADDR[2:0]$210
Creating decoders for process `\huffman.$proc$./ref_solution/initial_island_1.sv:59$44'.
     1/122: $3$mem2reg_rd$\CNT_array$./ref_solution/initial_island_1.sv:149$16_DATA[7:0]$202
     2/122: $3$mem2reg_rd$\CNT_array$./ref_solution/initial_island_1.sv:149$15_DATA[7:0]$201
     3/122: $4$mem2reg_rd$\CNT_group$./ref_solution/initial_island_1.sv:128$13_DATA[3:0]$173
     4/122: $4$mem2reg_rd$\CNT_array$./ref_solution/initial_island_1.sv:126$12_DATA[7:0]$172
     5/122: $3$mem2reg_rd$\CNT_group$./ref_solution/initial_island_1.sv:128$13_DATA[3:0]$171
     6/122: $3$mem2reg_rd$\CNT_group$./ref_solution/initial_island_1.sv:128$13_ADDR[2:0]$170
     7/122: $3$mem2reg_rd$\CNT_array$./ref_solution/initial_island_1.sv:126$12_DATA[7:0]$169
     8/122: $3$mem2reg_rd$\CNT_array$./ref_solution/initial_island_1.sv:126$12_ADDR[2:0]$168
     9/122: $3$mem2reg_rd$\CNT_array$./ref_solution/initial_island_1.sv:125$11_DATA[7:0]$164
    10/122: $3$mem2reg_rd$\CNT_array$./ref_solution/initial_island_1.sv:125$10_DATA[7:0]$163
    11/122: $4$mem2reg_rd$\CNT_group$./ref_solution/initial_island_1.sv:119$9_DATA[3:0]$162
    12/122: $4$mem2reg_rd$\CNT_array$./ref_solution/initial_island_1.sv:117$8_DATA[7:0]$161
    13/122: $3$mem2reg_rd$\CNT_group$./ref_solution/initial_island_1.sv:119$9_DATA[3:0]$160
    14/122: $3$mem2reg_rd$\CNT_group$./ref_solution/initial_island_1.sv:119$9_ADDR[2:0]$159
    15/122: $3$mem2reg_rd$\CNT_array$./ref_solution/initial_island_1.sv:117$8_DATA[7:0]$158
    16/122: $3$mem2reg_rd$\CNT_array$./ref_solution/initial_island_1.sv:117$8_ADDR[2:0]$157
    17/122: $3$mem2reg_rd$\CNT_group$./ref_solution/initial_island_1.sv:116$7_DATA[3:0]$150
    18/122: $3$mem2reg_rd$\CNT_array$./ref_solution/initial_island_1.sv:116$6_DATA[7:0]$149
    19/122: $3$mem2reg_rd$\CNT_array$./ref_solution/initial_island_1.sv:116$5_DATA[7:0]$148
    20/122: $4$mem2reg_rd$\CNT_array$./ref_solution/initial_island_1.sv:87$4_DATA[7:0]$143
    21/122: $3$mem2reg_wr$\CNT_array$./ref_solution/initial_island_1.sv:87$3_ADDR[2:0]$139
    22/122: $3$mem2reg_wr$\CNT_array$./ref_solution/initial_island_1.sv:87$3_DATA[7:0]$140
    23/122: $3$mem2reg_rd$\CNT_array$./ref_solution/initial_island_1.sv:87$4_DATA[7:0]$142
    24/122: $3$mem2reg_rd$\CNT_array$./ref_solution/initial_island_1.sv:87$4_ADDR[2:0]$141
    25/122: $2$mem2reg_rd$\CNT_array$./ref_solution/initial_island_1.sv:87$4_DATA[7:0]$108
    26/122: $2$mem2reg_rd$\CNT_array$./ref_solution/initial_island_1.sv:87$4_ADDR[2:0]$107
    27/122: $2$mem2reg_wr$\CNT_array$./ref_solution/initial_island_1.sv:87$3_DATA[7:0]$106
    28/122: $2$mem2reg_wr$\CNT_array$./ref_solution/initial_island_1.sv:87$3_ADDR[2:0]$105
    29/122: $2$mem2reg_wr$\CNT_array$./ref_solution/initial_island_1.sv:150$17_DATA[7:0]$134
    30/122: $2$mem2reg_wr$\CNT_array$./ref_solution/initial_island_1.sv:150$17_ADDR[2:0]$133
    31/122: $2$mem2reg_rd$\CNT_array$./ref_solution/initial_island_1.sv:149$16_DATA[7:0]$132
    32/122: $2$mem2reg_rd$\CNT_array$./ref_solution/initial_island_1.sv:149$16_ADDR[2:0]$131
    33/122: $2$mem2reg_rd$\CNT_array$./ref_solution/initial_island_1.sv:149$15_DATA[7:0]$130
    34/122: $2$mem2reg_rd$\CNT_array$./ref_solution/initial_island_1.sv:149$15_ADDR[2:0]$129
    35/122: $2$mem2reg_wr$\CNT_array$./ref_solution/initial_island_1.sv:149$14_DATA[7:0]$128
    36/122: $2$mem2reg_wr$\CNT_array$./ref_solution/initial_island_1.sv:149$14_ADDR[2:0]$127
    37/122: $2$mem2reg_rd$\CNT_group$./ref_solution/initial_island_1.sv:128$13_DATA[3:0]$126
    38/122: $2$mem2reg_rd$\CNT_group$./ref_solution/initial_island_1.sv:128$13_ADDR[2:0]$125
    39/122: $2$mem2reg_rd$\CNT_array$./ref_solution/initial_island_1.sv:126$12_DATA[7:0]$124
    40/122: $2$mem2reg_rd$\CNT_array$./ref_solution/initial_island_1.sv:126$12_ADDR[2:0]$123
    41/122: $2$mem2reg_rd$\CNT_array$./ref_solution/initial_island_1.sv:125$11_DATA[7:0]$122
    42/122: $2$mem2reg_rd$\CNT_array$./ref_solution/initial_island_1.sv:125$11_ADDR[2:0]$121
    43/122: $2$mem2reg_rd$\CNT_array$./ref_solution/initial_island_1.sv:125$10_DATA[7:0]$120
    44/122: $2$mem2reg_rd$\CNT_array$./ref_solution/initial_island_1.sv:125$10_ADDR[2:0]$119
    45/122: $2$mem2reg_rd$\CNT_group$./ref_solution/initial_island_1.sv:119$9_DATA[3:0]$118
    46/122: $2$mem2reg_rd$\CNT_group$./ref_solution/initial_island_1.sv:119$9_ADDR[2:0]$117
    47/122: $2$mem2reg_rd$\CNT_array$./ref_solution/initial_island_1.sv:117$8_DATA[7:0]$116
    48/122: $2$mem2reg_rd$\CNT_array$./ref_solution/initial_island_1.sv:117$8_ADDR[2:0]$115
    49/122: $2$mem2reg_rd$\CNT_group$./ref_solution/initial_island_1.sv:116$7_DATA[3:0]$114
    50/122: $2$mem2reg_rd$\CNT_group$./ref_solution/initial_island_1.sv:116$7_ADDR[2:0]$113
    51/122: $2$mem2reg_rd$\CNT_array$./ref_solution/initial_island_1.sv:116$6_DATA[7:0]$112
    52/122: $2$mem2reg_rd$\CNT_array$./ref_solution/initial_island_1.sv:116$6_ADDR[2:0]$111
    53/122: $2$mem2reg_rd$\CNT_array$./ref_solution/initial_island_1.sv:116$5_DATA[7:0]$110
    54/122: $2$mem2reg_rd$\CNT_array$./ref_solution/initial_island_1.sv:116$5_ADDR[2:0]$109
    55/122: $2\i[31:0]
    56/122: $1$mem2reg_wr$\CNT_array$./ref_solution/initial_island_1.sv:150$17_DATA[7:0]$104
    57/122: $1$mem2reg_wr$\CNT_array$./ref_solution/initial_island_1.sv:150$17_ADDR[2:0]$103
    58/122: $1$mem2reg_rd$\CNT_array$./ref_solution/initial_island_1.sv:149$16_DATA[7:0]$102
    59/122: $1$mem2reg_rd$\CNT_array$./ref_solution/initial_island_1.sv:149$16_ADDR[2:0]$101
    60/122: $1$mem2reg_rd$\CNT_array$./ref_solution/initial_island_1.sv:149$15_DATA[7:0]$100
    61/122: $1$mem2reg_rd$\CNT_array$./ref_solution/initial_island_1.sv:149$15_ADDR[2:0]$99
    62/122: $1$mem2reg_wr$\CNT_array$./ref_solution/initial_island_1.sv:149$14_DATA[7:0]$98
    63/122: $1$mem2reg_wr$\CNT_array$./ref_solution/initial_island_1.sv:149$14_ADDR[2:0]$97
    64/122: $1$mem2reg_rd$\CNT_group$./ref_solution/initial_island_1.sv:128$13_DATA[3:0]$96
    65/122: $1$mem2reg_rd$\CNT_group$./ref_solution/initial_island_1.sv:128$13_ADDR[2:0]$95
    66/122: $1$mem2reg_rd$\CNT_array$./ref_solution/initial_island_1.sv:126$12_DATA[7:0]$94
    67/122: $1$mem2reg_rd$\CNT_array$./ref_solution/initial_island_1.sv:126$12_ADDR[2:0]$93
    68/122: $1$mem2reg_rd$\CNT_array$./ref_solution/initial_island_1.sv:125$11_DATA[7:0]$92
    69/122: $1$mem2reg_rd$\CNT_array$./ref_solution/initial_island_1.sv:125$11_ADDR[2:0]$91
    70/122: $1$mem2reg_rd$\CNT_array$./ref_solution/initial_island_1.sv:125$10_DATA[7:0]$90
    71/122: $1$mem2reg_rd$\CNT_array$./ref_solution/initial_island_1.sv:125$10_ADDR[2:0]$89
    72/122: $1$mem2reg_rd$\CNT_group$./ref_solution/initial_island_1.sv:119$9_DATA[3:0]$88
    73/122: $1$mem2reg_rd$\CNT_group$./ref_solution/initial_island_1.sv:119$9_ADDR[2:0]$87
    74/122: $1$mem2reg_rd$\CNT_array$./ref_solution/initial_island_1.sv:117$8_DATA[7:0]$86
    75/122: $1$mem2reg_rd$\CNT_array$./ref_solution/initial_island_1.sv:117$8_ADDR[2:0]$85
    76/122: $1$mem2reg_rd$\CNT_group$./ref_solution/initial_island_1.sv:116$7_DATA[3:0]$84
    77/122: $1$mem2reg_rd$\CNT_group$./ref_solution/initial_island_1.sv:116$7_ADDR[2:0]$83
    78/122: $1$mem2reg_rd$\CNT_array$./ref_solution/initial_island_1.sv:116$6_DATA[7:0]$82
    79/122: $1$mem2reg_rd$\CNT_array$./ref_solution/initial_island_1.sv:116$6_ADDR[2:0]$81
    80/122: $1$mem2reg_rd$\CNT_array$./ref_solution/initial_island_1.sv:116$5_DATA[7:0]$80
    81/122: $1$mem2reg_rd$\CNT_array$./ref_solution/initial_island_1.sv:116$5_ADDR[2:0]$79
    82/122: $1$mem2reg_rd$\CNT_array$./ref_solution/initial_island_1.sv:87$4_DATA[7:0]$78
    83/122: $1$mem2reg_rd$\CNT_array$./ref_solution/initial_island_1.sv:87$4_ADDR[2:0]$77
    84/122: $1$mem2reg_wr$\CNT_array$./ref_solution/initial_island_1.sv:87$3_DATA[7:0]$76
    85/122: $1$mem2reg_wr$\CNT_array$./ref_solution/initial_island_1.sv:87$3_ADDR[2:0]$75
    86/122: $1\i[31:0]
    87/122: $0\cr_state[1:0]
    88/122: $0\CNT_array[6][7:0]
    89/122: $0\CNT_array[5][7:0]
    90/122: $0\CNT_array[4][7:0]
    91/122: $0\CNT_array[3][7:0]
    92/122: $0\CNT_array[2][7:0]
    93/122: $0\CNT_array[1][7:0]
    94/122: $0\CNT_array[0][7:0]
    95/122: $0\CNT_group[6][3:0]
    96/122: $0\CNT_group[5][3:0]
    97/122: $0\CNT_group[4][3:0]
    98/122: $0\CNT_group[3][3:0]
    99/122: $0\CNT_group[2][3:0]
   100/122: $0\CNT_group[1][3:0]
   101/122: $0\M_array[6][7:0]
   102/122: $0\M_array[5][7:0]
   103/122: $0\M_array[4][7:0]
   104/122: $0\M_array[3][7:0]
   105/122: $0\M_array[2][7:0]
   106/122: $0\M_array[1][7:0]
   107/122: $0\HC_array[6][7:0]
   108/122: $0\HC_array[5][7:0]
   109/122: $0\HC_array[4][7:0]
   110/122: $0\HC_array[3][7:0]
   111/122: $0\HC_array[2][7:0]
   112/122: $0\HC_array[1][7:0]
   113/122: $0\group_count[3:0]
   114/122: $0\group2_index[3:0]
   115/122: $0\group1_index[3:0]
   116/122: $0\min2_index[2:0]
   117/122: $0\min1_index[2:0]
   118/122: $0\min2[7:0]
   119/122: $0\min1[7:0]
   120/122: $0\counter[7:0]
   121/122: $0\code_valid[0:0]
   122/122: $0\CNT_valid[0:0]

3.8. Executing PROC_DLATCH pass (convert process syncs to latches).
No latch inferred for signal `\huffman.\nt_state' from process `\huffman.$proc$./ref_solution/initial_island_1.sv:168$205'.
No latch inferred for signal `\huffman.$mem2reg_rd$\CNT_array$./ref_solution/initial_island_1.sv:181$18_ADDR' from process `\huffman.$proc$./ref_solution/initial_island_1.sv:168$205'.
No latch inferred for signal `\huffman.$mem2reg_rd$\CNT_array$./ref_solution/initial_island_1.sv:181$18_DATA' from process `\huffman.$proc$./ref_solution/initial_island_1.sv:168$205'.
No latch inferred for signal `\huffman.$mem2reg_rd$\CNT_array$./ref_solution/initial_island_1.sv:181$19_ADDR' from process `\huffman.$proc$./ref_solution/initial_island_1.sv:168$205'.
No latch inferred for signal `\huffman.$mem2reg_rd$\CNT_array$./ref_solution/initial_island_1.sv:181$19_DATA' from process `\huffman.$proc$./ref_solution/initial_island_1.sv:168$205'.

3.9. Executing PROC_DFF pass (convert process syncs to FFs).
Creating register for signal `\huffman.\i' using process `\huffman.$proc$./ref_solution/initial_island_1.sv:59$44'.
  created $adff cell `$procdff$1039' with positive edge clock and positive level reset.
Creating register for signal `\huffman.\CNT_valid' using process `\huffman.$proc$./ref_solution/initial_island_1.sv:59$44'.
  created $adff cell `$procdff$1042' with positive edge clock and positive level reset.
Creating register for signal `\huffman.\code_valid' using process `\huffman.$proc$./ref_solution/initial_island_1.sv:59$44'.
  created $adff cell `$procdff$1045' with positive edge clock and positive level reset.
Creating register for signal `\huffman.\cr_state' using process `\huffman.$proc$./ref_solution/initial_island_1.sv:59$44'.
  created $adff cell `$procdff$1048' with positive edge clock and positive level reset.
Creating register for signal `\huffman.\counter' using process `\huffman.$proc$./ref_solution/initial_island_1.sv:59$44'.
  created $adff cell `$procdff$1051' with positive edge clock and positive level reset.
Creating register for signal `\huffman.\min1' using process `\huffman.$proc$./ref_solution/initial_island_1.sv:59$44'.
  created $adff cell `$procdff$1054' with positive edge clock and positive level reset.
Creating register for signal `\huffman.\min2' using process `\huffman.$proc$./ref_solution/initial_island_1.sv:59$44'.
  created $adff cell `$procdff$1057' with positive edge clock and positive level reset.
Creating register for signal `\huffman.\min1_index' using process `\huffman.$proc$./ref_solution/initial_island_1.sv:59$44'.
  created $adff cell `$procdff$1060' with positive edge clock and positive level reset.
Creating register for signal `\huffman.\min2_index' using process `\huffman.$proc$./ref_solution/initial_island_1.sv:59$44'.
  created $adff cell `$procdff$1063' with positive edge clock and positive level reset.
Creating register for signal `\huffman.\group1_index' using process `\huffman.$proc$./ref_solution/initial_island_1.sv:59$44'.
  created $adff cell `$procdff$1066' with positive edge clock and positive level reset.
Creating register for signal `\huffman.\group2_index' using process `\huffman.$proc$./ref_solution/initial_island_1.sv:59$44'.
  created $adff cell `$procdff$1069' with positive edge clock and positive level reset.
Creating register for signal `\huffman.\group_count' using process `\huffman.$proc$./ref_solution/initial_island_1.sv:59$44'.
  created $adff cell `$procdff$1072' with positive edge clock and positive level reset.
Creating register for signal `\huffman.\HC_array[1]' using process `\huffman.$proc$./ref_solution/initial_island_1.sv:59$44'.
  created $adff cell `$procdff$1075' with positive edge clock and positive level reset.
Creating register for signal `\huffman.\HC_array[2]' using process `\huffman.$proc$./ref_solution/initial_island_1.sv:59$44'.
  created $adff cell `$procdff$1078' with positive edge clock and positive level reset.
Creating register for signal `\huffman.\HC_array[3]' using process `\huffman.$proc$./ref_solution/initial_island_1.sv:59$44'.
  created $adff cell `$procdff$1081' with positive edge clock and positive level reset.
Creating register for signal `\huffman.\HC_array[4]' using process `\huffman.$proc$./ref_solution/initial_island_1.sv:59$44'.
  created $adff cell `$procdff$1084' with positive edge clock and positive level reset.
Creating register for signal `\huffman.\HC_array[5]' using process `\huffman.$proc$./ref_solution/initial_island_1.sv:59$44'.
  created $adff cell `$procdff$1087' with positive edge clock and positive level reset.
Creating register for signal `\huffman.\HC_array[6]' using process `\huffman.$proc$./ref_solution/initial_island_1.sv:59$44'.
  created $adff cell `$procdff$1090' with positive edge clock and positive level reset.
Creating register for signal `\huffman.\M_array[1]' using process `\huffman.$proc$./ref_solution/initial_island_1.sv:59$44'.
  created $adff cell `$procdff$1093' with positive edge clock and positive level reset.
Creating register for signal `\huffman.\M_array[2]' using process `\huffman.$proc$./ref_solution/initial_island_1.sv:59$44'.
  created $adff cell `$procdff$1096' with positive edge clock and positive level reset.
Creating register for signal `\huffman.\M_array[3]' using process `\huffman.$proc$./ref_solution/initial_island_1.sv:59$44'.
  created $adff cell `$procdff$1099' with positive edge clock and positive level reset.
Creating register for signal `\huffman.\M_array[4]' using process `\huffman.$proc$./ref_solution/initial_island_1.sv:59$44'.
  created $adff cell `$procdff$1102' with positive edge clock and positive level reset.
Creating register for signal `\huffman.\M_array[5]' using process `\huffman.$proc$./ref_solution/initial_island_1.sv:59$44'.
  created $adff cell `$procdff$1105' with positive edge clock and positive level reset.
Creating register for signal `\huffman.\M_array[6]' using process `\huffman.$proc$./ref_solution/initial_island_1.sv:59$44'.
  created $adff cell `$procdff$1108' with positive edge clock and positive level reset.
Creating register for signal `\huffman.\CNT_group[1]' using process `\huffman.$proc$./ref_solution/initial_island_1.sv:59$44'.
  created $adff cell `$procdff$1111' with positive edge clock and positive level reset.
Creating register for signal `\huffman.\CNT_group[2]' using process `\huffman.$proc$./ref_solution/initial_island_1.sv:59$44'.
  created $adff cell `$procdff$1114' with positive edge clock and positive level reset.
Creating register for signal `\huffman.\CNT_group[3]' using process `\huffman.$proc$./ref_solution/initial_island_1.sv:59$44'.
  created $adff cell `$procdff$1117' with positive edge clock and positive level reset.
Creating register for signal `\huffman.\CNT_group[4]' using process `\huffman.$proc$./ref_solution/initial_island_1.sv:59$44'.
  created $adff cell `$procdff$1120' with positive edge clock and positive level reset.
Creating register for signal `\huffman.\CNT_group[5]' using process `\huffman.$proc$./ref_solution/initial_island_1.sv:59$44'.
  created $adff cell `$procdff$1123' with positive edge clock and positive level reset.
Creating register for signal `\huffman.\CNT_group[6]' using process `\huffman.$proc$./ref_solution/initial_island_1.sv:59$44'.
  created $adff cell `$procdff$1126' with positive edge clock and positive level reset.
Creating register for signal `\huffman.\CNT_array[0]' using process `\huffman.$proc$./ref_solution/initial_island_1.sv:59$44'.
  created $dff cell `$procdff$1131' with positive edge clock.
Creating register for signal `\huffman.\CNT_array[1]' using process `\huffman.$proc$./ref_solution/initial_island_1.sv:59$44'.
  created $adff cell `$procdff$1134' with positive edge clock and positive level reset.
Creating register for signal `\huffman.\CNT_array[2]' using process `\huffman.$proc$./ref_solution/initial_island_1.sv:59$44'.
  created $adff cell `$procdff$1137' with positive edge clock and positive level reset.
Creating register for signal `\huffman.\CNT_array[3]' using process `\huffman.$proc$./ref_solution/initial_island_1.sv:59$44'.
  created $adff cell `$procdff$1140' with positive edge clock and positive level reset.
Creating register for signal `\huffman.\CNT_array[4]' using process `\huffman.$proc$./ref_solution/initial_island_1.sv:59$44'.
  created $adff cell `$procdff$1143' with positive edge clock and positive level reset.
Creating register for signal `\huffman.\CNT_array[5]' using process `\huffman.$proc$./ref_solution/initial_island_1.sv:59$44'.
  created $adff cell `$procdff$1146' with positive edge clock and positive level reset.
Creating register for signal `\huffman.\CNT_array[6]' using process `\huffman.$proc$./ref_solution/initial_island_1.sv:59$44'.
  created $adff cell `$procdff$1149' with positive edge clock and positive level reset.
Creating register for signal `\huffman.$mem2reg_wr$\CNT_array$./ref_solution/initial_island_1.sv:87$3_ADDR' using process `\huffman.$proc$./ref_solution/initial_island_1.sv:59$44'.
  created $adff cell `$procdff$1152' with positive edge clock and positive level reset.
Creating register for signal `\huffman.$mem2reg_wr$\CNT_array$./ref_solution/initial_island_1.sv:87$3_DATA' using process `\huffman.$proc$./ref_solution/initial_island_1.sv:59$44'.
  created $adff cell `$procdff$1155' with positive edge clock and positive level reset.
Creating register for signal `\huffman.$mem2reg_rd$\CNT_array$./ref_solution/initial_island_1.sv:87$4_ADDR' using process `\huffman.$proc$./ref_solution/initial_island_1.sv:59$44'.
  created $adff cell `$procdff$1158' with positive edge clock and positive level reset.
Creating register for signal `\huffman.$mem2reg_rd$\CNT_array$./ref_solution/initial_island_1.sv:87$4_DATA' using process `\huffman.$proc$./ref_solution/initial_island_1.sv:59$44'.
  created $adff cell `$procdff$1161' with positive edge clock and positive level reset.
Creating register for signal `\huffman.$mem2reg_rd$\CNT_array$./ref_solution/initial_island_1.sv:116$5_ADDR' using process `\huffman.$proc$./ref_solution/initial_island_1.sv:59$44'.
  created $adff cell `$procdff$1164' with positive edge clock and positive level reset.
Creating register for signal `\huffman.$mem2reg_rd$\CNT_array$./ref_solution/initial_island_1.sv:116$5_DATA' using process `\huffman.$proc$./ref_solution/initial_island_1.sv:59$44'.
  created $adff cell `$procdff$1167' with positive edge clock and positive level reset.
Creating register for signal `\huffman.$mem2reg_rd$\CNT_array$./ref_solution/initial_island_1.sv:116$6_ADDR' using process `\huffman.$proc$./ref_solution/initial_island_1.sv:59$44'.
  created $adff cell `$procdff$1170' with positive edge clock and positive level reset.
Creating register for signal `\huffman.$mem2reg_rd$\CNT_array$./ref_solution/initial_island_1.sv:116$6_DATA' using process `\huffman.$proc$./ref_solution/initial_island_1.sv:59$44'.
  created $adff cell `$procdff$1173' with positive edge clock and positive level reset.
Creating register for signal `\huffman.$mem2reg_rd$\CNT_group$./ref_solution/initial_island_1.sv:116$7_ADDR' using process `\huffman.$proc$./ref_solution/initial_island_1.sv:59$44'.
  created $adff cell `$procdff$1176' with positive edge clock and positive level reset.
Creating register for signal `\huffman.$mem2reg_rd$\CNT_group$./ref_solution/initial_island_1.sv:116$7_DATA' using process `\huffman.$proc$./ref_solution/initial_island_1.sv:59$44'.
  created $adff cell `$procdff$1179' with positive edge clock and positive level reset.
Creating register for signal `\huffman.$mem2reg_rd$\CNT_array$./ref_solution/initial_island_1.sv:117$8_ADDR' using process `\huffman.$proc$./ref_solution/initial_island_1.sv:59$44'.
  created $adff cell `$procdff$1182' with positive edge clock and positive level reset.
Creating register for signal `\huffman.$mem2reg_rd$\CNT_array$./ref_solution/initial_island_1.sv:117$8_DATA' using process `\huffman.$proc$./ref_solution/initial_island_1.sv:59$44'.
  created $adff cell `$procdff$1185' with positive edge clock and positive level reset.
Creating register for signal `\huffman.$mem2reg_rd$\CNT_group$./ref_solution/initial_island_1.sv:119$9_ADDR' using process `\huffman.$proc$./ref_solution/initial_island_1.sv:59$44'.
  created $adff cell `$procdff$1188' with positive edge clock and positive level reset.
Creating register for signal `\huffman.$mem2reg_rd$\CNT_group$./ref_solution/initial_island_1.sv:119$9_DATA' using process `\huffman.$proc$./ref_solution/initial_island_1.sv:59$44'.
  created $adff cell `$procdff$1191' with positive edge clock and positive level reset.
Creating register for signal `\huffman.$mem2reg_rd$\CNT_array$./ref_solution/initial_island_1.sv:125$10_ADDR' using process `\huffman.$proc$./ref_solution/initial_island_1.sv:59$44'.
  created $adff cell `$procdff$1194' with positive edge clock and positive level reset.
Creating register for signal `\huffman.$mem2reg_rd$\CNT_array$./ref_solution/initial_island_1.sv:125$10_DATA' using process `\huffman.$proc$./ref_solution/initial_island_1.sv:59$44'.
  created $adff cell `$procdff$1197' with positive edge clock and positive level reset.
Creating register for signal `\huffman.$mem2reg_rd$\CNT_array$./ref_solution/initial_island_1.sv:125$11_ADDR' using process `\huffman.$proc$./ref_solution/initial_island_1.sv:59$44'.
  created $adff cell `$procdff$1200' with positive edge clock and positive level reset.
Creating register for signal `\huffman.$mem2reg_rd$\CNT_array$./ref_solution/initial_island_1.sv:125$11_DATA' using process `\huffman.$proc$./ref_solution/initial_island_1.sv:59$44'.
  created $adff cell `$procdff$1203' with positive edge clock and positive level reset.
Creating register for signal `\huffman.$mem2reg_rd$\CNT_array$./ref_solution/initial_island_1.sv:126$12_ADDR' using process `\huffman.$proc$./ref_solution/initial_island_1.sv:59$44'.
  created $adff cell `$procdff$1206' with positive edge clock and positive level reset.
Creating register for signal `\huffman.$mem2reg_rd$\CNT_array$./ref_solution/initial_island_1.sv:126$12_DATA' using process `\huffman.$proc$./ref_solution/initial_island_1.sv:59$44'.
  created $adff cell `$procdff$1209' with positive edge clock and positive level reset.
Creating register for signal `\huffman.$mem2reg_rd$\CNT_group$./ref_solution/initial_island_1.sv:128$13_ADDR' using process `\huffman.$proc$./ref_solution/initial_island_1.sv:59$44'.
  created $adff cell `$procdff$1212' with positive edge clock and positive level reset.
Creating register for signal `\huffman.$mem2reg_rd$\CNT_group$./ref_solution/initial_island_1.sv:128$13_DATA' using process `\huffman.$proc$./ref_solution/initial_island_1.sv:59$44'.
  created $adff cell `$procdff$1215' with positive edge clock and positive level reset.
Creating register for signal `\huffman.$mem2reg_wr$\CNT_array$./ref_solution/initial_island_1.sv:149$14_ADDR' using process `\huffman.$proc$./ref_solution/initial_island_1.sv:59$44'.
  created $adff cell `$procdff$1218' with positive edge clock and positive level reset.
Creating register for signal `\huffman.$mem2reg_wr$\CNT_array$./ref_solution/initial_island_1.sv:149$14_DATA' using process `\huffman.$proc$./ref_solution/initial_island_1.sv:59$44'.
  created $adff cell `$procdff$1221' with positive edge clock and positive level reset.
Creating register for signal `\huffman.$mem2reg_rd$\CNT_array$./ref_solution/initial_island_1.sv:149$15_ADDR' using process `\huffman.$proc$./ref_solution/initial_island_1.sv:59$44'.
  created $adff cell `$procdff$1224' with positive edge clock and positive level reset.
Creating register for signal `\huffman.$mem2reg_rd$\CNT_array$./ref_solution/initial_island_1.sv:149$15_DATA' using process `\huffman.$proc$./ref_solution/initial_island_1.sv:59$44'.
  created $adff cell `$procdff$1227' with positive edge clock and positive level reset.
Creating register for signal `\huffman.$mem2reg_rd$\CNT_array$./ref_solution/initial_island_1.sv:149$16_ADDR' using process `\huffman.$proc$./ref_solution/initial_island_1.sv:59$44'.
  created $adff cell `$procdff$1230' with positive edge clock and positive level reset.
Creating register for signal `\huffman.$mem2reg_rd$\CNT_array$./ref_solution/initial_island_1.sv:149$16_DATA' using process `\huffman.$proc$./ref_solution/initial_island_1.sv:59$44'.
  created $adff cell `$procdff$1233' with positive edge clock and positive level reset.
Creating register for signal `\huffman.$mem2reg_wr$\CNT_array$./ref_solution/initial_island_1.sv:150$17_ADDR' using process `\huffman.$proc$./ref_solution/initial_island_1.sv:59$44'.
  created $adff cell `$procdff$1236' with positive edge clock and positive level reset.
Creating register for signal `\huffman.$mem2reg_wr$\CNT_array$./ref_solution/initial_island_1.sv:150$17_DATA' using process `\huffman.$proc$./ref_solution/initial_island_1.sv:59$44'.
  created $adff cell `$procdff$1239' with positive edge clock and positive level reset.

3.10. Executing PROC_MEMWR pass (convert process memory writes to cells).

3.11. Executing PROC_CLEAN pass (remove empty switches from decision trees).
Found and cleaned up 3 empty switches in `\huffman.$proc$./ref_solution/initial_island_1.sv:168$205'.
Removing empty process `huffman.$proc$./ref_solution/initial_island_1.sv:168$205'.
Found and cleaned up 32 empty switches in `\huffman.$proc$./ref_solution/initial_island_1.sv:59$44'.
Removing empty process `huffman.$proc$./ref_solution/initial_island_1.sv:59$44'.
Cleaned up 35 empty switches.

3.12. Executing OPT_EXPR pass (perform const folding).
Optimizing module huffman.
<suppressed ~135 debug messages>

4. Executing OPT pass (performing simple optimizations).

4.1. Executing OPT_EXPR pass (perform const folding).
Optimizing module huffman.

4.2. Executing OPT_MERGE pass (detect identical cells).
Finding identical cells in module `\huffman'.
<suppressed ~1041 debug messages>
Removed a total of 347 cells.

4.3. Executing OPT_MUXTREE pass (detect dead branches in mux trees).
Running muxtree optimizer on module \huffman..
  Creating internal representation of mux trees.
  Evaluating internal representation of mux trees.
  Analyzing evaluation results.
    dead port 1/5 on $pmux $procmux$582.
    dead port 2/5 on $pmux $procmux$582.
    dead port 3/5 on $pmux $procmux$582.
    dead port 4/5 on $pmux $procmux$582.
    dead port 5/5 on $pmux $procmux$582.
    dead port 1/5 on $pmux $procmux$577.
    dead port 2/5 on $pmux $procmux$577.
    dead port 3/5 on $pmux $procmux$577.
    dead port 4/5 on $pmux $procmux$577.
    dead port 5/5 on $pmux $procmux$577.
    dead port 1/5 on $pmux $procmux$572.
    dead port 2/5 on $pmux $procmux$572.
    dead port 3/5 on $pmux $procmux$572.
    dead port 4/5 on $pmux $procmux$572.
    dead port 5/5 on $pmux $procmux$572.
    dead port 1/5 on $pmux $procmux$567.
    dead port 2/5 on $pmux $procmux$567.
    dead port 3/5 on $pmux $procmux$567.
    dead port 4/5 on $pmux $procmux$567.
    dead port 5/5 on $pmux $procmux$567.
    dead port 1/5 on $pmux $procmux$562.
    dead port 2/5 on $pmux $procmux$562.
    dead port 3/5 on $pmux $procmux$562.
    dead port 4/5 on $pmux $procmux$562.
    dead port 5/5 on $pmux $procmux$562.
    dead port 1/5 on $pmux $procmux$557.
    dead port 2/5 on $pmux $procmux$557.
    dead port 3/5 on $pmux $procmux$557.
    dead port 4/5 on $pmux $procmux$557.
    dead port 5/5 on $pmux $procmux$557.
    dead port 1/5 on $pmux $procmux$552.
    dead port 2/5 on $pmux $procmux$552.
    dead port 3/5 on $pmux $procmux$552.
    dead port 4/5 on $pmux $procmux$552.
    dead port 5/5 on $pmux $procmux$552.
    dead port 1/5 on $pmux $procmux$547.
    dead port 2/5 on $pmux $procmux$547.
    dead port 3/5 on $pmux $procmux$547.
    dead port 4/5 on $pmux $procmux$547.
    dead port 5/5 on $pmux $procmux$547.
    dead port 1/5 on $pmux $procmux$542.
    dead port 2/5 on $pmux $procmux$542.
    dead port 3/5 on $pmux $procmux$542.
    dead port 4/5 on $pmux $procmux$542.
    dead port 5/5 on $pmux $procmux$542.
    dead port 1/5 on $pmux $procmux$537.
    dead port 2/5 on $pmux $procmux$537.
    dead port 3/5 on $pmux $procmux$537.
    dead port 4/5 on $pmux $procmux$537.
    dead port 5/5 on $pmux $procmux$537.
    dead port 1/5 on $pmux $procmux$532.
    dead port 2/5 on $pmux $procmux$532.
    dead port 3/5 on $pmux $procmux$532.
    dead port 4/5 on $pmux $procmux$532.
    dead port 5/5 on $pmux $procmux$532.
    dead port 1/2 on $mux $procmux$530.
    dead port 2/2 on $mux $procmux$530.
    dead port 1/2 on $mux $procmux$528.
    dead port 2/2 on $mux $procmux$528.
    dead port 1/2 on $mux $procmux$522.
    dead port 2/2 on $mux $procmux$522.
    dead port 1/2 on $mux $procmux$520.
    dead port 2/2 on $mux $procmux$520.
    dead port 1/2 on $mux $procmux$514.
    dead port 2/2 on $mux $procmux$514.
    dead port 1/2 on $mux $procmux$512.
    dead port 2/2 on $mux $procmux$512.
    dead port 1/2 on $mux $procmux$506.
    dead port 2/2 on $mux $procmux$506.
    dead port 1/2 on $mux $procmux$504.
    dead port 2/2 on $mux $procmux$504.
    dead port 1/2 on $mux $procmux$442.
    dead port 2/2 on $mux $procmux$442.
    dead port 1/2 on $mux $procmux$440.
    dead port 2/2 on $mux $procmux$440.
    dead port 1/2 on $mux $procmux$435.
    dead port 2/2 on $mux $procmux$435.
    dead port 1/2 on $mux $procmux$433.
    dead port 2/2 on $mux $procmux$433.
    dead port 1/2 on $mux $procmux$428.
    dead port 2/2 on $mux $procmux$428.
    dead port 1/2 on $mux $procmux$426.
    dead port 2/2 on $mux $procmux$426.
    dead port 1/2 on $mux $procmux$421.
    dead port 2/2 on $mux $procmux$421.
    dead port 1/2 on $mux $procmux$419.
    dead port 2/2 on $mux $procmux$419.
    dead port 2/2 on $mux $procmux$414.
    dead port 2/2 on $mux $procmux$412.
    dead port 2/2 on $mux $procmux$398.
    dead port 2/2 on $mux $procmux$396.
    dead port 1/5 on $pmux $procmux$677.
    dead port 2/5 on $pmux $procmux$677.
    dead port 3/5 on $pmux $procmux$677.
    dead port 4/5 on $pmux $procmux$677.
    dead port 5/5 on $pmux $procmux$677.
    dead port 1/2 on $mux $procmux$356.
    dead port 2/2 on $mux $procmux$356.
    dead port 1/5 on $pmux $procmux$672.
    dead port 2/5 on $pmux $procmux$672.
    dead port 3/5 on $pmux $procmux$672.
    dead port 4/5 on $pmux $procmux$672.
    dead port 5/5 on $pmux $procmux$672.
    dead port 1/2 on $mux $procmux$354.
    dead port 2/2 on $mux $procmux$354.
    dead port 1/2 on $mux $procmux$349.
    dead port 2/2 on $mux $procmux$349.
    dead port 1/2 on $mux $procmux$347.
    dead port 2/2 on $mux $procmux$347.
    dead port 1/2 on $mux $procmux$342.
    dead port 2/2 on $mux $procmux$342.
    dead port 1/2 on $mux $procmux$340.
    dead port 2/2 on $mux $procmux$340.
    dead port 1/2 on $mux $procmux$335.
    dead port 2/2 on $mux $procmux$335.
    dead port 1/2 on $mux $procmux$333.
    dead port 2/2 on $mux $procmux$333.
    dead port 2/2 on $mux $procmux$328.
    dead port 2/2 on $mux $procmux$326.
    dead port 1/5 on $pmux $procmux$667.
    dead port 2/5 on $pmux $procmux$667.
    dead port 3/5 on $pmux $procmux$667.
    dead port 4/5 on $pmux $procmux$667.
    dead port 5/5 on $pmux $procmux$667.
    dead port 1/5 on $pmux $procmux$662.
    dead port 2/5 on $pmux $procmux$662.
    dead port 3/5 on $pmux $procmux$662.
    dead port 4/5 on $pmux $procmux$662.
    dead port 5/5 on $pmux $procmux$662.
    dead port 2/2 on $mux $procmux$312.
    dead port 2/2 on $mux $procmux$310.
    dead port 1/5 on $pmux $procmux$657.
    dead port 2/5 on $pmux $procmux$657.
    dead port 3/5 on $pmux $procmux$657.
    dead port 4/5 on $pmux $procmux$657.
    dead port 5/5 on $pmux $procmux$657.
    dead port 1/5 on $pmux $procmux$652.
    dead port 2/5 on $pmux $procmux$652.
    dead port 3/5 on $pmux $procmux$652.
    dead port 4/5 on $pmux $procmux$652.
    dead port 5/5 on $pmux $procmux$652.
    dead port 1/5 on $pmux $procmux$647.
    dead port 2/5 on $pmux $procmux$647.
    dead port 3/5 on $pmux $procmux$647.
    dead port 4/5 on $pmux $procmux$647.
    dead port 5/5 on $pmux $procmux$647.
    dead port 1/5 on $pmux $procmux$642.
    dead port 2/5 on $pmux $procmux$642.
    dead port 3/5 on $pmux $procmux$642.
    dead port 4/5 on $pmux $procmux$642.
    dead port 5/5 on $pmux $procmux$642.
    dead port 1/5 on $pmux $procmux$637.
    dead port 2/5 on $pmux $procmux$637.
    dead port 3/5 on $pmux $procmux$637.
    dead port 4/5 on $pmux $procmux$637.
    dead port 5/5 on $pmux $procmux$637.
    dead port 1/5 on $pmux $procmux$269.
    dead port 2/5 on $pmux $procmux$269.
    dead port 3/5 on $pmux $procmux$269.
    dead port 4/5 on $pmux $procmux$269.
    dead port 5/5 on $pmux $procmux$269.
    dead port 1/5 on $pmux $procmux$632.
    dead port 2/5 on $pmux $procmux$632.
    dead port 3/5 on $pmux $procmux$632.
    dead port 4/5 on $pmux $procmux$632.
    dead port 5/5 on $pmux $procmux$632.
    dead port 1/5 on $pmux $procmux$264.
    dead port 2/5 on $pmux $procmux$264.
    dead port 3/5 on $pmux $procmux$264.
    dead port 4/5 on $pmux $procmux$264.
    dead port 5/5 on $pmux $procmux$264.
    dead port 1/5 on $pmux $procmux$627.
    dead port 2/5 on $pmux $procmux$627.
    dead port 3/5 on $pmux $procmux$627.
    dead port 4/5 on $pmux $procmux$627.
    dead port 5/5 on $pmux $procmux$627.
    dead port 1/5 on $pmux $procmux$259.
    dead port 2/5 on $pmux $procmux$259.
    dead port 3/5 on $pmux $procmux$259.
    dead port 4/5 on $pmux $procmux$259.
    dead port 5/5 on $pmux $procmux$259.
    dead port 1/5 on $pmux $procmux$622.
    dead port 2/5 on $pmux $procmux$622.
    dead port 3/5 on $pmux $procmux$622.
    dead port 4/5 on $pmux $procmux$622.
    dead port 5/5 on $pmux $procmux$622.
    dead port 1/5 on $pmux $procmux$254.
    dead port 2/5 on $pmux $procmux$254.
    dead port 3/5 on $pmux $procmux$254.
    dead port 4/5 on $pmux $procmux$254.
    dead port 5/5 on $pmux $procmux$254.
    dead port 1/5 on $pmux $procmux$617.
    dead port 2/5 on $pmux $procmux$617.
    dead port 3/5 on $pmux $procmux$617.
    dead port 4/5 on $pmux $procmux$617.
    dead port 5/5 on $pmux $procmux$617.
    dead port 1/5 on $pmux $procmux$612.
    dead port 2/5 on $pmux $procmux$612.
    dead port 3/5 on $pmux $procmux$612.
    dead port 4/5 on $pmux $procmux$612.
    dead port 5/5 on $pmux $procmux$612.
    dead port 1/5 on $pmux $procmux$607.
    dead port 2/5 on $pmux $procmux$607.
    dead port 3/5 on $pmux $procmux$607.
    dead port 4/5 on $pmux $procmux$607.
    dead port 5/5 on $pmux $procmux$607.
    dead port 1/5 on $pmux $procmux$602.
    dead port 2/5 on $pmux $procmux$602.
    dead port 3/5 on $pmux $procmux$602.
    dead port 4/5 on $pmux $procmux$602.
    dead port 5/5 on $pmux $procmux$602.
    dead port 1/5 on $pmux $procmux$597.
    dead port 2/5 on $pmux $procmux$597.
    dead port 3/5 on $pmux $procmux$597.
    dead port 4/5 on $pmux $procmux$597.
    dead port 5/5 on $pmux $procmux$597.
    dead port 1/5 on $pmux $procmux$592.
    dead port 2/5 on $pmux $procmux$592.
    dead port 3/5 on $pmux $procmux$592.
    dead port 4/5 on $pmux $procmux$592.
    dead port 5/5 on $pmux $procmux$592.
    dead port 1/5 on $pmux $procmux$587.
    dead port 2/5 on $pmux $procmux$587.
    dead port 3/5 on $pmux $procmux$587.
    dead port 4/5 on $pmux $procmux$587.
    dead port 5/5 on $pmux $procmux$587.
Removed 226 multiplexer ports.
<suppressed ~214 debug messages>

4.4. Executing OPT_REDUCE pass (consolidate $*mux and $reduce_* inputs).
  Optimizing cells in module \huffman.
    New ctrl vector for $pmux cell $procmux$682: { $procmux$1016_CMP $auto$opt_reduce.cc:137:opt_pmux$1241 }
  Optimizing cells in module \huffman.
Performed a total of 1 changes.

4.5. Executing OPT_MERGE pass (detect identical cells).
Finding identical cells in module `\huffman'.
<suppressed ~42 debug messages>
Removed a total of 14 cells.

4.6. Executing OPT_DFF pass (perform DFF optimizations).
Adding EN signal on $procdff$1066 ($adff) from module huffman (D = $4$mem2reg_rd$\CNT_group$./ref_solution/initial_island_1.sv:119$9_DATA[3:0]$162, Q = \group1_index).
Adding EN signal on $procdff$1146 ($adff) from module huffman (D = $procmux$707_Y, Q = \CNT_array[5]).
Adding EN signal on $procdff$1069 ($adff) from module huffman (D = $procmux$976_Y, Q = \group2_index).
Adding EN signal on $procdff$1111 ($adff) from module huffman (D = $procmux$879_Y, Q = \CNT_group[1]).
Adding EN signal on $procdff$1072 ($adff) from module huffman (D = $add$./ref_solution/initial_island_1.sv:151$204_Y [3:0], Q = \group_count).
Adding EN signal on $procdff$1131 ($dff) from module huffman (D = $procmux$827_Y, Q = \CNT_array[0]).
Adding EN signal on $procdff$1060 ($adff) from module huffman (D = \counter [2:0], Q = \min1_index).
Adding EN signal on $procdff$1075 ($adff) from module huffman (D = $procmux$963_Y, Q = \HC_array[1]).
Adding EN signal on $procdff$1126 ($adff) from module huffman (D = $procmux$844_Y, Q = \CNT_group[6]).
Adding EN signal on $procdff$1114 ($adff) from module huffman (D = $procmux$872_Y, Q = \CNT_group[2]).
Adding EN signal on $procdff$1078 ($adff) from module huffman (D = $procmux$956_Y, Q = \HC_array[2]).
Adding EN signal on $procdff$1149 ($adff) from module huffman (D = $procmux$692_Y, Q = \CNT_array[6]).
Adding EN signal on $procdff$1108 ($adff) from module huffman (D = $procmux$886_Y, Q = \M_array[6]).
Adding EN signal on $procdff$1081 ($adff) from module huffman (D = $procmux$949_Y, Q = \HC_array[3]).
Adding EN signal on $procdff$1084 ($adff) from module huffman (D = $procmux$942_Y, Q = \HC_array[4]).
Adding EN signal on $procdff$1117 ($adff) from module huffman (D = $procmux$865_Y, Q = \CNT_group[3]).
Adding EN signal on $procdff$1051 ($adff) from module huffman (D = $procmux$1023_Y, Q = \counter).
Adding EN signal on $procdff$1087 ($adff) from module huffman (D = $procmux$935_Y, Q = \HC_array[5]).
Adding EN signal on $procdff$1134 ($adff) from module huffman (D = $procmux$797_Y, Q = \CNT_array[1]).
Adding EN signal on $procdff$1090 ($adff) from module huffman (D = $procmux$928_Y, Q = \HC_array[6]).
Adding EN signal on $procdff$1120 ($adff) from module huffman (D = $procmux$858_Y, Q = \CNT_group[4]).
Adding EN signal on $procdff$1105 ($adff) from module huffman (D = $procmux$893_Y, Q = \M_array[5]).
Adding EN signal on $procdff$1093 ($adff) from module huffman (D = $procmux$921_Y, Q = \M_array[1]).
Adding EN signal on $procdff$1054 ($adff) from module huffman (D = $procmux$1015_Y, Q = \min1).
Adding EN signal on $procdff$1096 ($adff) from module huffman (D = $procmux$914_Y, Q = \M_array[2]).
Adding EN signal on $procdff$1123 ($adff) from module huffman (D = $procmux$851_Y, Q = \CNT_group[5]).
Adding EN signal on $procdff$1102 ($adff) from module huffman (D = $procmux$900_Y, Q = \M_array[4]).
Adding EN signal on $procdff$1099 ($adff) from module huffman (D = $procmux$907_Y, Q = \M_array[3]).
Adding EN signal on $procdff$1063 ($adff) from module huffman (D = $procmux$993_Y, Q = \min2_index).
Adding EN signal on $procdff$1143 ($adff) from module huffman (D = $procmux$725_Y, Q = \CNT_array[4]).
Adding EN signal on $procdff$1039 ($adff) from module huffman (D = $procmux$682_Y, Q = \i).
Adding EN signal on $procdff$1057 ($adff) from module huffman (D = $procmux$1005_Y, Q = \min2).
Adding EN signal on $procdff$1137 ($adff) from module huffman (D = $procmux$770_Y, Q = \CNT_array[2]).
Adding EN signal on $procdff$1042 ($adff) from module huffman (D = $procmux$1032_Y, Q = \CNT_valid).
Adding EN signal on $procdff$1140 ($adff) from module huffman (D = $procmux$746_Y, Q = \CNT_array[3]).
Adding EN signal on $procdff$1045 ($adff) from module huffman (D = 1'1, Q = \code_valid).
Setting constant 1-bit at position 0 on $procdff$1161 ($adff) from module huffman.
Setting constant 1-bit at position 1 on $procdff$1161 ($adff) from module huffman.
Setting constant 1-bit at position 2 on $procdff$1161 ($adff) from module huffman.
Setting constant 1-bit at position 3 on $procdff$1161 ($adff) from module huffman.
Setting constant 1-bit at position 4 on $procdff$1161 ($adff) from module huffman.
Setting constant 1-bit at position 5 on $procdff$1161 ($adff) from module huffman.
Setting constant 1-bit at position 6 on $procdff$1161 ($adff) from module huffman.
Setting constant 1-bit at position 7 on $procdff$1161 ($adff) from module huffman.
Setting constant 1-bit at position 0 on $procdff$1176 ($adff) from module huffman.
Setting constant 1-bit at position 1 on $procdff$1176 ($adff) from module huffman.
Setting constant 1-bit at position 2 on $procdff$1176 ($adff) from module huffman.
Setting constant 1-bit at position 0 on $procdff$1191 ($adff) from module huffman.
Setting constant 1-bit at position 1 on $procdff$1191 ($adff) from module huffman.
Setting constant 1-bit at position 2 on $procdff$1191 ($adff) from module huffman.
Setting constant 1-bit at position 3 on $procdff$1191 ($adff) from module huffman.

4.7. Executing OPT_CLEAN pass (remove unused cells and wires).
Finding unused cells or wires in module \huffman..
Removed 31 unused cells and 785 unused wires.
<suppressed ~36 debug messages>

4.8. Executing OPT_EXPR pass (perform const folding).
Optimizing module huffman.
<suppressed ~31 debug messages>

4.9. Rerunning OPT passes. (Maybe there is more to do..)

4.10. Executing OPT_MUXTREE pass (detect dead branches in mux trees).
Running muxtree optimizer on module \huffman..
  Creating internal representation of mux trees.
  Evaluating internal representation of mux trees.
  Analyzing evaluation results.
Removed 0 multiplexer ports.
<suppressed ~143 debug messages>

4.11. Executing OPT_REDUCE pass (consolidate $*mux and $reduce_* inputs).
  Optimizing cells in module \huffman.
Performed a total of 0 changes.

4.12. Executing OPT_MERGE pass (detect identical cells).
Finding identical cells in module `\huffman'.
<suppressed ~123 debug messages>
Removed a total of 41 cells.

4.13. Executing OPT_DFF pass (perform DFF optimizations).

4.14. Executing OPT_CLEAN pass (remove unused cells and wires).
Finding unused cells or wires in module \huffman..
Removed 0 unused cells and 41 unused wires.
<suppressed ~1 debug messages>

4.15. Executing OPT_EXPR pass (perform const folding).
Optimizing module huffman.

4.16. Rerunning OPT passes. (Maybe there is more to do..)

4.17. Executing OPT_MUXTREE pass (detect dead branches in mux trees).
Running muxtree optimizer on module \huffman..
  Creating internal representation of mux trees.
  Evaluating internal representation of mux trees.
  Analyzing evaluation results.
Removed 0 multiplexer ports.
<suppressed ~143 debug messages>

4.18. Executing OPT_REDUCE pass (consolidate $*mux and $reduce_* inputs).
  Optimizing cells in module \huffman.
Performed a total of 0 changes.

4.19. Executing OPT_MERGE pass (detect identical cells).
Finding identical cells in module `\huffman'.
Removed a total of 0 cells.

4.20. Executing OPT_DFF pass (perform DFF optimizations).

4.21. Executing OPT_CLEAN pass (remove unused cells and wires).
Finding unused cells or wires in module \huffman..

4.22. Executing OPT_EXPR pass (perform const folding).
Optimizing module huffman.

4.23. Finished fast OPT passes. (There is nothing left to do.)

5. Executing FSM pass (extract and optimize FSM).

5.1. Executing FSM_DETECT pass (finding FSMs in design).
Not marking huffman.cr_state as FSM state register:
    Circuit seems to be self-resetting.

5.2. Executing FSM_EXTRACT pass (extracting FSM from design).

5.3. Executing FSM_OPT pass (simple optimizations of FSMs).

5.4. Executing OPT_CLEAN pass (remove unused cells and wires).
Finding unused cells or wires in module \huffman..

5.5. Executing FSM_OPT pass (simple optimizations of FSMs).

5.6. Executing FSM_RECODE pass (re-assigning FSM state encoding).

5.7. Executing FSM_INFO pass (dumping all available information on FSM cells).

5.8. Executing FSM_MAP pass (mapping FSMs to basic logic).

6. Executing OPT pass (performing simple optimizations).

6.1. Executing OPT_EXPR pass (perform const folding).
Optimizing module huffman.

6.2. Executing OPT_MERGE pass (detect identical cells).
Finding identical cells in module `\huffman'.
Removed a total of 0 cells.

6.3. Executing OPT_MUXTREE pass (detect dead branches in mux trees).
Running muxtree optimizer on module \huffman..
  Creating internal representation of mux trees.
  Evaluating internal representation of mux trees.
  Analyzing evaluation results.
Removed 0 multiplexer ports.
<suppressed ~143 debug messages>

6.4. Executing OPT_REDUCE pass (consolidate $*mux and $reduce_* inputs).
  Optimizing cells in module \huffman.
Performed a total of 0 changes.

6.5. Executing OPT_MERGE pass (detect identical cells).
Finding identical cells in module `\huffman'.
Removed a total of 0 cells.

6.6. Executing OPT_DFF pass (perform DFF optimizations).

6.7. Executing OPT_CLEAN pass (remove unused cells and wires).
Finding unused cells or wires in module \huffman..

6.8. Executing OPT_EXPR pass (perform const folding).
Optimizing module huffman.

6.9. Finished fast OPT passes. (There is nothing left to do.)

7. Executing MEMORY pass.

7.1. Executing OPT_MEM pass (optimize memories).
Performed a total of 0 transformations.

7.2. Executing OPT_MEM_PRIORITY pass (removing unnecessary memory write priority relations).
Performed a total of 0 transformations.

7.3. Executing OPT_MEM_FEEDBACK pass (finding memory read-to-write feedback paths).

7.4. Executing MEMORY_BMUX2ROM pass (converting muxes to ROMs).

7.5. Executing MEMORY_DFF pass (merging $dff cells to $memrd).

7.6. Executing OPT_CLEAN pass (remove unused cells and wires).
Finding unused cells or wires in module \huffman..

7.7. Executing MEMORY_SHARE pass (consolidating $memrd/$memwr cells).

7.8. Executing OPT_MEM_WIDEN pass (optimize memories where all ports are wide).
Performed a total of 0 transformations.

7.9. Executing OPT_CLEAN pass (remove unused cells and wires).
Finding unused cells or wires in module \huffman..

7.10. Executing MEMORY_COLLECT pass (generating $mem cells).

7.11. Executing MEMORY_MAP pass (converting memories to logic and flip-flops).

8. Executing OPT pass (performing simple optimizations).

8.1. Executing OPT_EXPR pass (perform const folding).
Optimizing module huffman.

8.2. Executing OPT_MERGE pass (detect identical cells).
Finding identical cells in module `\huffman'.
Removed a total of 0 cells.

8.3. Executing OPT_MUXTREE pass (detect dead branches in mux trees).
Running muxtree optimizer on module \huffman..
  Creating internal representation of mux trees.
  Evaluating internal representation of mux trees.
  Analyzing evaluation results.
Removed 0 multiplexer ports.
<suppressed ~143 debug messages>

8.4. Executing OPT_REDUCE pass (consolidate $*mux and $reduce_* inputs).
  Optimizing cells in module \huffman.
Performed a total of 0 changes.

8.5. Executing OPT_MERGE pass (detect identical cells).
Finding identical cells in module `\huffman'.
Removed a total of 0 cells.

8.6. Executing OPT_DFF pass (perform DFF optimizations).

8.7. Executing OPT_CLEAN pass (remove unused cells and wires).
Finding unused cells or wires in module \huffman..

8.8. Executing OPT_EXPR pass (perform const folding).
Optimizing module huffman.

8.9. Finished fast OPT passes. (There is nothing left to do.)

9. Executing TECHMAP pass (map to technology primitives).

9.1. Executing Verilog-2005 frontend: /usr/local/bin/../share/yosys/techmap.v
Parsing Verilog input from `/usr/local/bin/../share/yosys/techmap.v' to AST representation.
Generating RTLIL representation for module `\_90_simplemap_bool_ops'.
Generating RTLIL representation for module `\_90_simplemap_reduce_ops'.
Generating RTLIL representation for module `\_90_simplemap_logic_ops'.
Generating RTLIL representation for module `\_90_simplemap_compare_ops'.
Generating RTLIL representation for module `\_90_simplemap_various'.
Generating RTLIL representation for module `\_90_simplemap_registers'.
Generating RTLIL representation for module `\_90_shift_ops_shr_shl_sshl_sshr'.
Generating RTLIL representation for module `\_90_shift_shiftx'.
Generating RTLIL representation for module `\_90_fa'.
Generating RTLIL representation for module `\_90_lcu_brent_kung'.
Generating RTLIL representation for module `\_90_alu'.
Generating RTLIL representation for module `\_90_macc'.
Generating RTLIL representation for module `\_90_alumacc'.
Generating RTLIL representation for module `\$__div_mod_u'.
Generating RTLIL representation for module `\$__div_mod_trunc'.
Generating RTLIL representation for module `\_90_div'.
Generating RTLIL representation for module `\_90_mod'.
Generating RTLIL representation for module `\$__div_mod_floor'.
Generating RTLIL representation for module `\_90_divfloor'.
Generating RTLIL representation for module `\_90_modfloor'.
Generating RTLIL representation for module `\_90_pow'.
Generating RTLIL representation for module `\_90_pmux'.
Generating RTLIL representation for module `\_90_demux'.
Generating RTLIL representation for module `\_90_lut'.
Successfully finished Verilog frontend.

9.2. Continuing TECHMAP pass.
Using template $paramod$constmap:04a57963b77af3725135d43a9ae2c9d70f31ed85$paramod$9e74eba60ad79e14e57285732e674d1efca7dfee\_90_shift_ops_shr_shl_sshl_sshr for cells of type $shr.
Using extmapper simplemap for cells of type $reduce_bool.
Using extmapper simplemap for cells of type $reduce_and.
Running "alumacc" on wrapper $extern:wrap:$sub:A_SIGNED=0:A_WIDTH=32:B_SIGNED=0:B_WIDTH=8:Y_WIDTH=32:394426c56d1a028ba8fdd5469b163e04011def47.
Using template $extern:wrap:$sub:A_SIGNED=0:A_WIDTH=32:B_SIGNED=0:B_WIDTH=8:Y_WIDTH=32:394426c56d1a028ba8fdd5469b163e04011def47 for cells of type $extern:wrap:$sub:A_SIGNED=0:A_WIDTH=32:B_SIGNED=0:B_WIDTH=8:Y_WIDTH=32:394426c56d1a028ba8fdd5469b163e04011def47.
Analyzing pattern of constant bits for this cell:
Creating constmapped module `$paramod$constmap:5ea52934ad4aabaf7099e06e8d9bb13fffef5c97$paramod$9e74eba60ad79e14e57285732e674d1efca7dfee\_90_shift_ops_shr_shl_sshl_sshr'.

9.10. Executing OPT_MUXTREE pass (detect dead branches in mux trees).
Running muxtree optimizer on module $paramod$constmap:5ea52934ad4aabaf7099e06e8d9bb13fffef5c97$paramod$9e74eba60ad79e14e57285732e674d1efca7dfee\_90_shift_ops_shr_shl_sshl_sshr..
  Creating internal representation of mux trees.
  No muxes found in this module.
Removed 0 multiplexer ports.
<suppressed ~308 debug messages>

9.11. Executing OPT_EXPR pass (perform const folding).
Optimizing module $paramod$constmap:5ea52934ad4aabaf7099e06e8d9bb13fffef5c97$paramod$9e74eba60ad79e14e57285732e674d1efca7dfee\_90_shift_ops_shr_shl_sshl_sshr.
<suppressed ~64 debug messages>
Removed 0 unused cells and 12 unused wires.
Using template $paramod$constmap:5ea52934ad4aabaf7099e06e8d9bb13fffef5c97$paramod$9e74eba60ad79e14e57285732e674d1efca7dfee\_90_shift_ops_shr_shl_sshl_sshr for cells of type $shr.
Using extmapper simplemap for cells of type $eq.
Running "alumacc" on wrapper $extern:wrap:$add:A_SIGNED=0:A_WIDTH=8:B_SIGNED=0:B_WIDTH=8:Y_WIDTH=8:394426c56d1a028ba8fdd5469b163e04011def47.
Using template $extern:wrap:$add:A_SIGNED=0:A_WIDTH=8:B_SIGNED=0:B_WIDTH=8:Y_WIDTH=8:394426c56d1a028ba8fdd5469b163e04011def47 for cells of type $extern:wrap:$add:A_SIGNED=0:A_WIDTH=8:B_SIGNED=0:B_WIDTH=8:Y_WIDTH=8:394426c56d1a028ba8fdd5469b163e04011def47.
Using extmapper simplemap for cells of type $ne.
Running "alumacc" on wrapper $extern:wrap:$lt:A_SIGNED=0:A_WIDTH=8:B_SIGNED=0:B_WIDTH=8:Y_WIDTH=1:394426c56d1a028ba8fdd5469b163e04011def47.
Using template $extern:wrap:$lt:A_SIGNED=0:A_WIDTH=8:B_SIGNED=0:B_WIDTH=8:Y_WIDTH=1:394426c56d1a028ba8fdd5469b163e04011def47 for cells of type $extern:wrap:$lt:A_SIGNED=0:A_WIDTH=8:B_SIGNED=0:B_WIDTH=8:Y_WIDTH=1:394426c56d1a028ba8fdd5469b163e04011def47.
Running "alumacc" on wrapper $extern:wrap:$sub:A_SIGNED=0:A_WIDTH=4:B_SIGNED=0:B_WIDTH=32:Y_WIDTH=32:394426c56d1a028ba8fdd5469b163e04011def47.
Using template $extern:wrap:$sub:A_SIGNED=0:A_WIDTH=4:B_SIGNED=0:B_WIDTH=32:Y_WIDTH=32:394426c56d1a028ba8fdd5469b163e04011def47 for cells of type $extern:wrap:$sub:A_SIGNED=0:A_WIDTH=4:B_SIGNED=0:B_WIDTH=32:Y_WIDTH=32:394426c56d1a028ba8fdd5469b163e04011def47.
Using extmapper simplemap for cells of type $logic_and.
Using extmapper simplemap for cells of type $logic_or.
Running "alumacc" on wrapper $extern:wrap:$le:A_SIGNED=0:A_WIDTH=8:B_SIGNED=0:B_WIDTH=8:Y_WIDTH=1:394426c56d1a028ba8fdd5469b163e04011def47.
Using template $extern:wrap:$le:A_SIGNED=0:A_WIDTH=8:B_SIGNED=0:B_WIDTH=8:Y_WIDTH=1:394426c56d1a028ba8fdd5469b163e04011def47 for cells of type $extern:wrap:$le:A_SIGNED=0:A_WIDTH=8:B_SIGNED=0:B_WIDTH=8:Y_WIDTH=1:394426c56d1a028ba8fdd5469b163e04011def47.
Running "alumacc" on wrapper $extern:wrap:$ge:A_SIGNED=0:A_WIDTH=8:B_SIGNED=0:B_WIDTH=8:Y_WIDTH=1:394426c56d1a028ba8fdd5469b163e04011def47.
Using template $extern:wrap:$ge:A_SIGNED=0:A_WIDTH=8:B_SIGNED=0:B_WIDTH=8:Y_WIDTH=1:394426c56d1a028ba8fdd5469b163e04011def47 for cells of type $extern:wrap:$ge:A_SIGNED=0:A_WIDTH=8:B_SIGNED=0:B_WIDTH=8:Y_WIDTH=1:394426c56d1a028ba8fdd5469b163e04011def47.
Running "alumacc" on wrapper $extern:wrap:$add:A_SIGNED=0:A_WIDTH=8:B_SIGNED=0:B_WIDTH=32:Y_WIDTH=32:394426c56d1a028ba8fdd5469b163e04011def47.
Using template $extern:wrap:$add:A_SIGNED=0:A_WIDTH=8:B_SIGNED=0:B_WIDTH=32:Y_WIDTH=32:394426c56d1a028ba8fdd5469b163e04011def47 for cells of type $extern:wrap:$add:A_SIGNED=0:A_WIDTH=8:B_SIGNED=0:B_WIDTH=32:Y_WIDTH=32:394426c56d1a028ba8fdd5469b163e04011def47.
Running "alumacc" on wrapper $extern:wrap:$add:A_SIGNED=0:A_WIDTH=4:B_SIGNED=0:B_WIDTH=32:Y_WIDTH=32:394426c56d1a028ba8fdd5469b163e04011def47.
Using template $extern:wrap:$add:A_SIGNED=0:A_WIDTH=4:B_SIGNED=0:B_WIDTH=32:Y_WIDTH=32:394426c56d1a028ba8fdd5469b163e04011def47 for cells of type $extern:wrap:$add:A_SIGNED=0:A_WIDTH=4:B_SIGNED=0:B_WIDTH=32:Y_WIDTH=32:394426c56d1a028ba8fdd5469b163e04011def47.
Using extmapper simplemap for cells of type $logic_not.
Running "alumacc" on wrapper $extern:wrap:$add:A_SIGNED=0:A_WIDTH=8:B_SIGNED=0:B_WIDTH=8:Y_WIDTH=32:394426c56d1a028ba8fdd5469b163e04011def47.
Using template $extern:wrap:$add:A_SIGNED=0:A_WIDTH=8:B_SIGNED=0:B_WIDTH=8:Y_WIDTH=32:394426c56d1a028ba8fdd5469b163e04011def47 for cells of type $extern:wrap:$add:A_SIGNED=0:A_WIDTH=8:B_SIGNED=0:B_WIDTH=8:Y_WIDTH=32:394426c56d1a028ba8fdd5469b163e04011def47.
Using extmapper simplemap for cells of type $adffe.
Using template $paramod$068ad458e7761d78e5eed8238508872e7b0aef95\_90_pmux for cells of type $pmux.
Using template $paramod$d7387fdb214042e5ef2d69a3f74948694b4bb65e\_90_pmux for cells of type $pmux.
Using template $paramod$33afdd83bf3811dac2de7a968d39eea5718691bc\_90_pmux for cells of type $pmux.
Using extmapper simplemap for cells of type $not.
Using template $paramod$fc16b9f758000d363d24f130038bd99b46b4fa1b\_90_pmux for cells of type $pmux.
Using template $paramod$c5c783b17ab1d780abfad8cfe6563a0a7b47a3b0\_90_pmux for cells of type $pmux.
Using extmapper simplemap for cells of type $adff.
Using extmapper simplemap for cells of type $dffe.
Using template $paramod$47f54ff2f0cc9449305556c1cf611d590a7c17fb\_90_alu for cells of type $alu.
Using template $paramod$a1bc51c02ce12ac21eb18988e83292af48ed7d72\_90_alu for cells of type $alu.
Using template $paramod$a7817265ef3ab2ee43da53bbd8a90f6450d412d9\_90_alu for cells of type $alu.
Using extmapper simplemap for cells of type $or.
Using template $paramod$91f82ead1edc61e0a1452110f15ef747116b421b\_90_alu for cells of type $alu.
Using template $paramod$c2132c6f269906fe95d26e5536e09c5af769348d\_90_alu for cells of type $alu.
Using extmapper simplemap for cells of type $and.
Using extmapper simplemap for cells of type $xor.
Using template $paramod\_90_lcu_brent_kung\WIDTH=32'00000000000000000000000000100000 for cells of type $lcu.
Using extmapper simplemap for cells of type $pos.
Using template $paramod\_90_lcu_brent_kung\WIDTH=32'00000000000000000000000000001000 for cells of type $lcu.
No more expansions possible.
<suppressed ~3617 debug messages>

10. Executing OPT pass (performing simple optimizations).

10.1. Executing OPT_EXPR pass (perform const folding).
Optimizing module huffman.
<suppressed ~5434 debug messages>

10.2. Executing OPT_MERGE pass (detect identical cells).
Finding identical cells in module `\huffman'.
<suppressed ~2301 debug messages>
Removed a total of 767 cells.

10.3. Executing OPT_MUXTREE pass (detect dead branches in mux trees).
Running muxtree optimizer on module \huffman..
  Creating internal representation of mux trees.
  No muxes found in this module.
Removed 0 multiplexer ports.

10.4. Executing OPT_REDUCE pass (consolidate $*mux and $reduce_* inputs).
  Optimizing cells in module \huffman.
Performed a total of 0 changes.

10.5. Executing OPT_MERGE pass (detect identical cells).
Finding identical cells in module `\huffman'.
Removed a total of 0 cells.

10.6. Executing OPT_DFF pass (perform DFF optimizations).

10.7. Executing OPT_CLEAN pass (remove unused cells and wires).
Finding unused cells or wires in module \huffman..
Removed 68 unused cells and 3446 unused wires.
<suppressed ~69 debug messages>

10.8. Executing OPT_EXPR pass (perform const folding).
Optimizing module huffman.
<suppressed ~46 debug messages>

10.9. Rerunning OPT passes. (Maybe there is more to do..)

10.10. Executing OPT_MUXTREE pass (detect dead branches in mux trees).
Running muxtree optimizer on module \huffman..
  Creating internal representation of mux trees.
  No muxes found in this module.
Removed 0 multiplexer ports.

10.11. Executing OPT_REDUCE pass (consolidate $*mux and $reduce_* inputs).
  Optimizing cells in module \huffman.
Performed a total of 0 changes.

10.12. Executing OPT_MERGE pass (detect identical cells).
Finding identical cells in module `\huffman'.
Removed a total of 0 cells.

10.13. Executing OPT_DFF pass (perform DFF optimizations).

10.14. Executing OPT_CLEAN pass (remove unused cells and wires).
Finding unused cells or wires in module \huffman..
Removed 0 unused cells and 6 unused wires.
<suppressed ~1 debug messages>

10.15. Executing OPT_EXPR pass (perform const folding).
Optimizing module huffman.

10.16. Rerunning OPT passes. (Maybe there is more to do..)

10.17. Executing OPT_MUXTREE pass (detect dead branches in mux trees).
Running muxtree optimizer on module \huffman..
  Creating internal representation of mux trees.
  No muxes found in this module.
Removed 0 multiplexer ports.

10.18. Executing OPT_REDUCE pass (consolidate $*mux and $reduce_* inputs).
  Optimizing cells in module \huffman.
Performed a total of 0 changes.

10.19. Executing OPT_MERGE pass (detect identical cells).
Finding identical cells in module `\huffman'.
Removed a total of 0 cells.

10.20. Executing OPT_DFF pass (perform DFF optimizations).

10.21. Executing OPT_CLEAN pass (remove unused cells and wires).
Finding unused cells or wires in module \huffman..

10.22. Executing OPT_EXPR pass (perform const folding).
Optimizing module huffman.

10.23. Finished fast OPT passes. (There is nothing left to do.)

11. Executing DFFLIBMAP pass (mapping DFF cells to sequential cells from liberty file).
  cell DFF_X1 (noninv, pins=4, area=4.52) is a direct match for cell type $_DFF_P_.
  cell DFFR_X1 (noninv, pins=5, area=5.32) is a direct match for cell type $_DFF_PN0_.
  cell DFFS_X1 (noninv, pins=5, area=5.32) is a direct match for cell type $_DFF_PN1_.
  cell DFFRS_X1 (noninv, pins=6, area=6.38) is a direct match for cell type $_DFFSR_PNN_.
  final dff cell mappings:
    unmapped dff cell: $_DFF_N_
    \DFF_X1 _DFF_P_ (.CK( C), .D( D), .Q( Q), .QN(~Q));
    unmapped dff cell: $_DFF_NN0_
    unmapped dff cell: $_DFF_NN1_
    unmapped dff cell: $_DFF_NP0_
    unmapped dff cell: $_DFF_NP1_
    \DFFR_X1 _DFF_PN0_ (.CK( C), .D( D), .Q( Q), .QN(~Q), .RN( R));
    \DFFS_X1 _DFF_PN1_ (.CK( C), .D( D), .Q( Q), .QN(~Q), .SN( R));
    unmapped dff cell: $_DFF_PP0_
    unmapped dff cell: $_DFF_PP1_
    unmapped dff cell: $_DFFE_NN_
    unmapped dff cell: $_DFFE_NP_
    unmapped dff cell: $_DFFE_PN_
    unmapped dff cell: $_DFFE_PP_
    unmapped dff cell: $_DFFSR_NNN_
    unmapped dff cell: $_DFFSR_NNP_
    unmapped dff cell: $_DFFSR_NPN_
    unmapped dff cell: $_DFFSR_NPP_
    \DFFRS_X1 _DFFSR_PNN_ (.CK( C), .D( D), .Q( Q), .QN(~Q), .RN( R), .SN( S));
    unmapped dff cell: $_DFFSR_PNP_
    unmapped dff cell: $_DFFSR_PPN_
    unmapped dff cell: $_DFFSR_PPP_

11.1. Executing DFFLEGALIZE pass (convert FFs to types supported by the target).
<suppressed ~8 debug messages>
Mapping DFF cells in module `\huffman':
  mapped 186 $_DFF_PN0_ cells to \DFFR_X1 cells.
  mapped 28 $_DFF_PN1_ cells to \DFFS_X1 cells.
  mapped 8 $_DFF_P_ cells to \DFF_X1 cells.

12. Executing ABC pass (technology mapping using ABC).

12.1. Extracting gate netlist of module `\huffman' to `<abc-temp-dir>/input.blif'..
Replacing 475 occurrences of constant undef bits with constant zero bits
Extracted 3014 gates and 3327 wires to a netlist network with 306 inputs and 532 outputs.

12.1.1. Executing ABC.
Running ABC command: "<yosys-exe-dir>/yosys-abc" -s -f <abc-temp-dir>/abc.script 2>&1
ABC: ABC command line: "source <abc-temp-dir>/abc.script".
ABC: 
ABC: + read_blif <abc-temp-dir>/input.blif 
ABC: Warning: Constant-0 drivers added to 4 non-driven nets in network "netlist":
ABC: ys__n2625, ys__n2624, ys__n2623, ys__n2622 ...
ABC: + read_lib -w /home/weiber/project/NanGate45-Synopsys-Enablement/NanGate45/lib/NangateOpenCellLibrary_typical.lib 
ABC: Parsing finished successfully.  Parsing time =     0.03 sec
ABC: Scl_LibertyReadGenlib() skipped cell "ANTENNA_X1" due to dont_use attribute.
ABC: Scl_LibertyReadGenlib() skipped cell "CLKGATETST_X1" without logic function.
ABC: Scl_LibertyReadGenlib() skipped cell "CLKGATETST_X2" without logic function.
ABC: Scl_LibertyReadGenlib() skipped cell "CLKGATETST_X4" without logic function.
ABC: Scl_LibertyReadGenlib() skipped cell "CLKGATETST_X8" without logic function.
ABC: Scl_LibertyReadGenlib() skipped cell "CLKGATE_X1" without logic function.
ABC: Scl_LibertyReadGenlib() skipped cell "CLKGATE_X2" without logic function.
ABC: Scl_LibertyReadGenlib() skipped cell "CLKGATE_X4" without logic function.
ABC: Scl_LibertyReadGenlib() skipped cell "CLKGATE_X8" without logic function.
ABC: Scl_LibertyReadGenlib() skipped sequential cell "DFFRS_X1".
ABC: Scl_LibertyReadGenlib() skipped sequential cell "DFFRS_X2".
ABC: Scl_LibertyReadGenlib() skipped sequential cell "DFFR_X1".
ABC: Scl_LibertyReadGenlib() skipped sequential cell "DFFR_X2".
ABC: Scl_LibertyReadGenlib() skipped sequential cell "DFFS_X1".
ABC: Scl_LibertyReadGenlib() skipped sequential cell "DFFS_X2".
ABC: Scl_LibertyReadGenlib() skipped sequential cell "DFF_X1".
ABC: Scl_LibertyReadGenlib() skipped sequential cell "DFF_X2".
ABC: Scl_LibertyReadGenlib() skipped sequential cell "DLH_X1".
ABC: Scl_LibertyReadGenlib() skipped sequential cell "DLH_X2".
ABC: Scl_LibertyReadGenlib() skipped sequential cell "DLL_X1".
ABC: Scl_LibertyReadGenlib() skipped sequential cell "DLL_X2".
ABC: Scl_LibertyReadGenlib() skipped cell "FILLCELL_X1" due to dont_use attribute.
ABC: Scl_LibertyReadGenlib() skipped cell "TAPCELL_X1" due to dont_use attribute.
ABC: Scl_LibertyReadGenlib() skipped cell "FILLCELL_X2" due to dont_use attribute.
ABC: Scl_LibertyReadGenlib() skipped cell "FILLCELL_X4" due to dont_use attribute.
ABC: Scl_LibertyReadGenlib() skipped cell "FILLCELL_X8" due to dont_use attribute.
ABC: Scl_LibertyReadGenlib() skipped cell "FILLCELL_X16" due to dont_use attribute.
ABC: Scl_LibertyReadGenlib() skipped cell "FILLCELL_X32" due to dont_use attribute.
ABC: Scl_LibertyReadGenlib() skipped cell "LOGIC0_X1" due to dont_use attribute.
ABC: Scl_LibertyReadGenlib() skipped cell "LOGIC1_X1" due to dont_use attribute.
ABC: Scl_LibertyReadGenlib() skipped sequential cell "SDFFRS_X1".
ABC: Scl_LibertyReadGenlib() skipped sequential cell "SDFFRS_X2".
ABC: Scl_LibertyReadGenlib() skipped sequential cell "SDFFR_X1".
ABC: Scl_LibertyReadGenlib() skipped sequential cell "SDFFR_X2".
ABC: Scl_LibertyReadGenlib() skipped sequential cell "SDFFS_X1".
ABC: Scl_LibertyReadGenlib() skipped sequential cell "SDFFS_X2".
ABC: Scl_LibertyReadGenlib() skipped sequential cell "SDFF_X1".
ABC: Scl_LibertyReadGenlib() skipped sequential cell "SDFF_X2".
ABC: Scl_LibertyReadGenlib() skipped three-state cell "TBUF_X1".
ABC: Scl_LibertyReadGenlib() skipped three-state cell "TBUF_X2".
ABC: Scl_LibertyReadGenlib() skipped three-state cell "TBUF_X4".
ABC: Scl_LibertyReadGenlib() skipped three-state cell "TBUF_X8".
ABC: Scl_LibertyReadGenlib() skipped three-state cell "TBUF_X16".
ABC: Scl_LibertyReadGenlib() skipped three-state cell "TINV_X1".
ABC: Scl_LibertyReadGenlib() skipped sequential cell "TLAT_X1".
ABC: Library "NangateOpenCellLibrary" from "/home/weiber/project/NanGate45-Synopsys-Enablement/NanGate45/lib/NangateOpenCellLibrary_typical.lib" has 90 cells (45 skipped: 21 seq; 6 tri-state; 8 no func; 10 dont_use; 0 with 2 outputs; 0 with 3+ outputs).  Time =     0.04 sec
ABC: Memory =   11.38 MB. Time =     0.04 sec
ABC: Warning: Detected 2 multi-output cells (for example, "FA_X1").
ABC: + strash 
ABC: + &get -n 
ABC: + &fraig -x 
ABC: + &put 
ABC: + scorr 
ABC: Warning: The network is combinational (run "fraig" or "fraig_sweep").
ABC: + dc2 
ABC: + dretime 
ABC: + strash 
ABC: + &get -n 
ABC: + &dch -f 
ABC: + &nf 
ABC: + &put 
ABC: + write_blif <abc-temp-dir>/output.blif 

12.1.2. Re-integrating ABC results.
ABC RESULTS:           AND2_X1 cells:       78
ABC RESULTS:           AND3_X1 cells:       20
ABC RESULTS:         AOI211_X1 cells:       30
ABC RESULTS:          AOI21_X1 cells:      141
ABC RESULTS:         AOI221_X1 cells:       71
ABC RESULTS:         AOI222_X1 cells:       30
ABC RESULTS:          AOI22_X1 cells:       66
ABC RESULTS:            INV_X1 cells:      354
ABC RESULTS:           MUX2_X1 cells:      121
ABC RESULTS:          NAND2_X1 cells:       98
ABC RESULTS:          NAND3_X1 cells:       74
ABC RESULTS:          NAND4_X1 cells:       20
ABC RESULTS:           NOR2_X1 cells:       70
ABC RESULTS:           NOR3_X1 cells:       52
ABC RESULTS:           NOR4_X1 cells:        2
ABC RESULTS:         OAI211_X1 cells:       12
ABC RESULTS:          OAI21_X1 cells:       91
ABC RESULTS:         OAI221_X1 cells:        6
ABC RESULTS:         OAI222_X1 cells:        6
ABC RESULTS:          OAI22_X1 cells:       27
ABC RESULTS:          OAI33_X1 cells:        2
ABC RESULTS:            OR2_X1 cells:       21
ABC RESULTS:            OR3_X1 cells:       16
ABC RESULTS:            OR4_X1 cells:        1
ABC RESULTS:          XNOR2_X1 cells:       96
ABC RESULTS:           XOR2_X1 cells:       50
ABC RESULTS:        internal signals:     2489
ABC RESULTS:           input signals:      306
ABC RESULTS:          output signals:      532
Removing temp directory.

13. Printing statistics.

=== huffman ===

        +----------Local Count, excluding submodules.
        |        +-Local Area, excluding submodules.
        |        | 
     3314        - wires
     7074        - wire bits
       60        - public wires
      383        - public wire bits
       24        - ports
      157        - port bits
     1777  2.9E+03 cells
       78   82.992   AND2_X1
       20     26.6   AND3_X1
       30     39.9   AOI211_X1
      141  150.024   AOI21_X1
       71  113.316   AOI221_X1
       30    63.84   AOI222_X1
       66    87.78   AOI22_X1
      186   989.52   DFFR_X1
       28   148.96   DFFS_X1
        8   36.176   DFF_X1
      354  188.328   INV_X1
      121  225.302   MUX2_X1
       98   78.204   NAND2_X1
       74   78.736   NAND3_X1
       20     26.6   NAND4_X1
       70    55.86   NOR2_X1
       52   55.328   NOR3_X1
        2     2.66   NOR4_X1
       12    15.96   OAI211_X1
       91   96.824   OAI21_X1
        6    9.576   OAI221_X1
        6   12.768   OAI222_X1
       27    35.91   OAI22_X1
        2    3.724   OAI33_X1
       21   22.344   OR2_X1
       16    21.28   OR3_X1
        1    1.596   OR4_X1
       96  153.216   XNOR2_X1
       50     79.8   XOR2_X1

   Chip area for module '\huffman': 2903.124000
     of which used for sequential elements: 1174.656000 (40.46%)

14. Executing Verilog backend.

14.1. Executing BMUXMAP pass.

14.2. Executing DEMUXMAP pass.
Dumping module `\huffman'.

Warnings: 4 unique messages, 4 total
End of script. Logfile hash: 2446d45c47, CPU: user 0.39s system 0.02s, MEM: 48.35 MB peak
Yosys 0.57+72 (git sha1 fa02d71f6, g++ 11.4.0-1ubuntu1~22.04 -fPIC -O3)
Time spent: 41% 1x abc (0 sec), 11% 20x opt_expr (0 sec), ...
