Startpoint: _4829_ (rising edge-triggered flip-flop clocked by clk)
Endpoint: _4828_ (rising edge-triggered flip-flop clocked by clk)
Path Group: clk
Path Type: max

   Delay     Time   Description
-----------------------------------------------------------
   0.000    0.000   clock clk (rise edge)
   0.000    0.000   clock network delay (ideal)
   0.000    0.000 ^ _4829_/CK (DFFR_X1)
   0.092    0.092 v _4829_/Q (DFFR_X1)
   0.724    0.816 ^ _3350_/ZN (NOR2_X1)
   0.089    0.904 v _3868_/ZN (NAND3_X1)
   0.084    0.988 ^ _3871_/ZN (OAI21_X1)
   0.028    1.016 v _3874_/ZN (AOI21_X1)
   0.049    1.065 ^ _3875_/ZN (OAI21_X1)
   0.027    1.092 v _3876_/ZN (AOI21_X1)
   0.046    1.138 ^ _3877_/ZN (OAI21_X1)
   0.022    1.161 v _3880_/ZN (AOI21_X1)
   0.091    1.251 ^ _3881_/ZN (XNOR2_X1)
   0.026    1.277 v _4137_/ZN (OAI21_X1)
   0.073    1.350 ^ _4138_/ZN (AOI221_X1)
   0.018    1.368 v _4139_/ZN (AOI21_X1)
   0.000    1.368 v _4828_/D (DFFR_X1)
            1.368   data arrival time

  10.000   10.000   clock clk (rise edge)
   0.000   10.000   clock network delay (ideal)
   0.000   10.000   clock reconvergence pessimism
           10.000 ^ _4828_/CK (DFFR_X1)
  -0.048    9.952   library setup time
            9.952   data required time
-----------------------------------------------------------
            9.952   data required time
           -1.368   data arrival time
-----------------------------------------------------------
            8.583   slack (MET)


