
 /----------------------------------------------------------------------------\
 |  yosys -- Yosys Open SYnthesis Suite                                       |
 |  Copyright (C) 2012 - 2025  Claire Xenia Wolf <claire@yosyshq.com>         |
 |  Distributed under an ISC-like license, type "license" to see terms        |
 \----------------------------------------------------------------------------/
 Yosys 0.57+72 (git sha1 fa02d71f6, g++ 11.4.0-1ubuntu1~22.04 -fPIC -O3)

-- Running command `
  read_verilog ./ref_solution/initial_island_1.sv;
  hierarchy -top DT;
  proc; opt; fsm; opt; memory; opt;
  techmap; opt;
  dfflibmap -liberty /home/weiber/project/NanGate45-Synopsys-Enablement/NanGate45/lib/NangateOpenCellLibrary_typical.lib;
  abc       -liberty /home/weiber/project/NanGate45-Synopsys-Enablement/NanGate45/lib/NangateOpenCellLibrary_typical.lib;
  stat      -liberty /home/weiber/project/NanGate45-Synopsys-Enablement/NanGate45/lib/NangateOpenCellLibrary_typical.lib;
  write_verilog -noattr mapped.v
' --

1. Executing Verilog-2005 frontend: ./ref_solution/initial_island_1.sv
Parsing Verilog input from `./ref_solution/initial_island_1.sv' to AST representation.
Generating RTLIL representation for module `\DT'.
Warning: Replacing memory \addr_forw with list of registers. See ./ref_solution/initial_island_1.sv:118
./ref_solution/initial_island_1.sv:149: Warning: Identifier `\fw_finish' is implicitly declared.
Successfully finished Verilog frontend.

2. Executing HIERARCHY pass (managing design hierarchy).

2.1. Analyzing design hierarchy..
Top module:  \DT

2.2. Analyzing design hierarchy..
Top module:  \DT
Removed 0 unused modules.

3. Executing PROC pass (convert processes to netlists).

3.1. Executing PROC_CLEAN pass (remove empty switches from decision trees).
Cleaned up 0 empty switches.

3.2. Executing PROC_RMDEAD pass (remove dead branches from decision trees).
Marked 2 switch rules as full_case in process $proc$./ref_solution/initial_island_1.sv:189$122 in module DT.
Marked 1 switch rules as full_case in process $proc$./ref_solution/initial_island_1.sv:179$118 in module DT.
Marked 2 switch rules as full_case in process $proc$./ref_solution/initial_island_1.sv:170$114 in module DT.
Marked 3 switch rules as full_case in process $proc$./ref_solution/initial_island_1.sv:153$100 in module DT.
Marked 1 switch rules as full_case in process $proc$./ref_solution/initial_island_1.sv:141$91 in module DT.
Removed 2 dead cases from process $proc$./ref_solution/initial_island_1.sv:132$56 in module DT.
Marked 7 switch rules as full_case in process $proc$./ref_solution/initial_island_1.sv:132$56 in module DT.
Marked 1 switch rules as full_case in process $proc$./ref_solution/initial_island_1.sv:116$42 in module DT.
Marked 2 switch rules as full_case in process $proc$./ref_solution/initial_island_1.sv:108$38 in module DT.
Marked 3 switch rules as full_case in process $proc$./ref_solution/initial_island_1.sv:94$32 in module DT.
Marked 1 switch rules as full_case in process $proc$./ref_solution/initial_island_1.sv:87$25 in module DT.
Marked 1 switch rules as full_case in process $proc$./ref_solution/initial_island_1.sv:80$22 in module DT.
Marked 2 switch rules as full_case in process $proc$./ref_solution/initial_island_1.sv:73$19 in module DT.
Removed 1 dead cases from process $proc$./ref_solution/initial_island_1.sv:44$6 in module DT.
Marked 5 switch rules as full_case in process $proc$./ref_solution/initial_island_1.sv:44$6 in module DT.
Marked 1 switch rules as full_case in process $proc$./ref_solution/initial_island_1.sv:39$4 in module DT.
Removed a total of 3 dead cases.

3.3. Executing PROC_PRUNE pass (remove redundant assignments in processes).
Removed 3 redundant assignments.
Promoted 11 assignments to connections.

3.4. Executing PROC_INIT pass (extract init attributes).

3.5. Executing PROC_ARST pass (detect async resets in processes).
Found async reset \reset in `\DT.$proc$./ref_solution/initial_island_1.sv:189$122'.
Found async reset \reset in `\DT.$proc$./ref_solution/initial_island_1.sv:179$118'.
Found async reset \reset in `\DT.$proc$./ref_solution/initial_island_1.sv:170$114'.
Found async reset \reset in `\DT.$proc$./ref_solution/initial_island_1.sv:153$100'.
Found async reset \reset in `\DT.$proc$./ref_solution/initial_island_1.sv:141$91'.
Found async reset \reset in `\DT.$proc$./ref_solution/initial_island_1.sv:132$56'.
Found async reset \reset in `\DT.$proc$./ref_solution/initial_island_1.sv:108$38'.
Found async reset \reset in `\DT.$proc$./ref_solution/initial_island_1.sv:87$25'.
Found async reset \reset in `\DT.$proc$./ref_solution/initial_island_1.sv:80$22'.
Found async reset \reset in `\DT.$proc$./ref_solution/initial_island_1.sv:73$19'.
Found async reset \reset in `\DT.$proc$./ref_solution/initial_island_1.sv:39$4'.

3.6. Executing PROC_ROM pass (convert switches to ROMs).
Converted 0 switches.
<suppressed ~30 debug messages>

3.7. Executing PROC_MUX pass (convert decision trees to multiplexers).
Creating decoders for process `\DT.$proc$./ref_solution/initial_island_1.sv:189$122'.
     1/1: $0\mini[7:0]
Creating decoders for process `\DT.$proc$./ref_solution/initial_island_1.sv:179$118'.
     1/1: $0\flag_fb[0:0]
Creating decoders for process `\DT.$proc$./ref_solution/initial_island_1.sv:170$114'.
     1/1: $0\cnt_calc[2:0]
Creating decoders for process `\DT.$proc$./ref_solution/initial_island_1.sv:153$100'.
     1/2: $0\x[6:0]
     2/2: $0\y[6:0]
Creating decoders for process `\DT.$proc$./ref_solution/initial_island_1.sv:141$91'.
     1/1: $0\done[0:0]
Creating decoders for process `\DT.$proc$./ref_solution/initial_island_1.sv:132$56'.
     1/19: $5$mem2reg_rd$\addr_forw$./ref_solution/initial_island_1.sv:136$3_DATA[13:0]$82
     2/19: $5$mem2reg_rd$\addr_forw$./ref_solution/initial_island_1.sv:136$2_DATA[13:0]$81
     3/19: $4$mem2reg_rd$\addr_forw$./ref_solution/initial_island_1.sv:136$3_DATA[13:0]$80
     4/19: $4$mem2reg_rd$\addr_forw$./ref_solution/initial_island_1.sv:136$3_ADDR[1:0]$79
     5/19: $4$mem2reg_rd$\addr_forw$./ref_solution/initial_island_1.sv:136$2_DATA[13:0]$78
     6/19: $4$mem2reg_rd$\addr_forw$./ref_solution/initial_island_1.sv:136$2_ADDR[1:0]$77
     7/19: $3$mem2reg_rd$\addr_forw$./ref_solution/initial_island_1.sv:136$3_DATA[13:0]$75
     8/19: $3$mem2reg_rd$\addr_forw$./ref_solution/initial_island_1.sv:136$3_ADDR[1:0]$74
     9/19: $3$mem2reg_rd$\addr_forw$./ref_solution/initial_island_1.sv:136$2_DATA[13:0]$73
    10/19: $3$mem2reg_rd$\addr_forw$./ref_solution/initial_island_1.sv:136$2_ADDR[1:0]$72
    11/19: $2$mem2reg_rd$\addr_forw$./ref_solution/initial_island_1.sv:136$3_DATA[13:0]$70
    12/19: $2$mem2reg_rd$\addr_forw$./ref_solution/initial_island_1.sv:136$3_ADDR[1:0]$69
    13/19: $2$mem2reg_rd$\addr_forw$./ref_solution/initial_island_1.sv:136$2_DATA[13:0]$68
    14/19: $2$mem2reg_rd$\addr_forw$./ref_solution/initial_island_1.sv:136$2_ADDR[1:0]$67
    15/19: $1$mem2reg_rd$\addr_forw$./ref_solution/initial_island_1.sv:136$3_DATA[13:0]$65
    16/19: $1$mem2reg_rd$\addr_forw$./ref_solution/initial_island_1.sv:136$3_ADDR[1:0]$64
    17/19: $1$mem2reg_rd$\addr_forw$./ref_solution/initial_island_1.sv:136$2_DATA[13:0]$63
    18/19: $1$mem2reg_rd$\addr_forw$./ref_solution/initial_island_1.sv:136$2_ADDR[1:0]$62
    19/19: $0\res_addr[13:0]
Creating decoders for process `\DT.$proc$./ref_solution/initial_island_1.sv:116$42'.
     1/4: $1\addr_forw[3][13:0]
     2/4: $1\addr_forw[2][13:0]
     3/4: $1\addr_forw[1][13:0]
     4/4: $1\addr_forw[0][13:0]
Creating decoders for process `\DT.$proc$./ref_solution/initial_island_1.sv:108$38'.
     1/1: $0\dup_cnt[3:0]
Creating decoders for process `\DT.$proc$./ref_solution/initial_island_1.sv:94$32'.
     1/3: $3\res_do[7:0]
     2/3: $2\res_do[7:0]
     3/3: $1\res_do[7:0]
Creating decoders for process `\DT.$proc$./ref_solution/initial_island_1.sv:87$25'.
     1/1: $0\sti_addr[9:0]
Creating decoders for process `\DT.$proc$./ref_solution/initial_island_1.sv:80$22'.
     1/1: $0\res_input_buf[7:0]
Creating decoders for process `\DT.$proc$./ref_solution/initial_island_1.sv:73$19'.
     1/18: $2\i[31:0]
     2/18: $0\idata_buf[15:0] [1]
     3/18: $0\idata_buf[15:0] [0]
     4/18: $0\idata_buf[15:0] [2]
     5/18: $0\idata_buf[15:0] [3]
     6/18: $0\idata_buf[15:0] [4]
     7/18: $0\idata_buf[15:0] [5]
     8/18: $0\idata_buf[15:0] [6]
     9/18: $0\idata_buf[15:0] [7]
    10/18: $0\idata_buf[15:0] [8]
    11/18: $0\idata_buf[15:0] [9]
    12/18: $0\idata_buf[15:0] [10]
    13/18: $0\idata_buf[15:0] [11]
    14/18: $0\idata_buf[15:0] [12]
    15/18: $0\idata_buf[15:0] [13]
    16/18: $0\idata_buf[15:0] [14]
    17/18: $0\idata_buf[15:0] [15]
    18/18: $1\i[31:0]
Creating decoders for process `\DT.$proc$./ref_solution/initial_island_1.sv:44$6'.
     1/5: $5\nx_state[2:0]
     2/5: $4\nx_state[2:0]
     3/5: $3\nx_state[2:0]
     4/5: $2\nx_state[2:0]
     5/5: $1\nx_state[2:0]
Creating decoders for process `\DT.$proc$./ref_solution/initial_island_1.sv:39$4'.
     1/1: $0\cur_state[2:0]

3.8. Executing PROC_DLATCH pass (convert process syncs to latches).
No latch inferred for signal `\DT.\addr_forw[0]' from process `\DT.$proc$./ref_solution/initial_island_1.sv:116$42'.
No latch inferred for signal `\DT.\addr_forw[1]' from process `\DT.$proc$./ref_solution/initial_island_1.sv:116$42'.
No latch inferred for signal `\DT.\addr_forw[2]' from process `\DT.$proc$./ref_solution/initial_island_1.sv:116$42'.
No latch inferred for signal `\DT.\addr_forw[3]' from process `\DT.$proc$./ref_solution/initial_island_1.sv:116$42'.
No latch inferred for signal `\DT.\res_do' from process `\DT.$proc$./ref_solution/initial_island_1.sv:94$32'.
No latch inferred for signal `\DT.\nx_state' from process `\DT.$proc$./ref_solution/initial_island_1.sv:44$6'.

3.9. Executing PROC_DFF pass (convert process syncs to FFs).
Creating register for signal `\DT.\mini' using process `\DT.$proc$./ref_solution/initial_island_1.sv:189$122'.
  created $adff cell `$procdff$419' with positive edge clock and positive level reset.
Creating register for signal `\DT.\flag_fb' using process `\DT.$proc$./ref_solution/initial_island_1.sv:179$118'.
  created $adff cell `$procdff$424' with positive edge clock and positive level reset.
Creating register for signal `\DT.\cnt_calc' using process `\DT.$proc$./ref_solution/initial_island_1.sv:170$114'.
  created $adff cell `$procdff$429' with positive edge clock and positive level reset.
Creating register for signal `\DT.\y' using process `\DT.$proc$./ref_solution/initial_island_1.sv:153$100'.
  created $adff cell `$procdff$434' with positive edge clock and positive level reset.
Creating register for signal `\DT.\x' using process `\DT.$proc$./ref_solution/initial_island_1.sv:153$100'.
  created $adff cell `$procdff$439' with positive edge clock and positive level reset.
Creating register for signal `\DT.\done' using process `\DT.$proc$./ref_solution/initial_island_1.sv:141$91'.
  created $adff cell `$procdff$444' with positive edge clock and positive level reset.
Creating register for signal `\DT.\res_addr' using process `\DT.$proc$./ref_solution/initial_island_1.sv:132$56'.
  created $adff cell `$procdff$449' with positive edge clock and positive level reset.
Creating register for signal `\DT.$mem2reg_rd$\addr_forw$./ref_solution/initial_island_1.sv:136$2_ADDR' using process `\DT.$proc$./ref_solution/initial_island_1.sv:132$56'.
  created $adff cell `$procdff$454' with positive edge clock and positive level reset.
Creating register for signal `\DT.$mem2reg_rd$\addr_forw$./ref_solution/initial_island_1.sv:136$2_DATA' using process `\DT.$proc$./ref_solution/initial_island_1.sv:132$56'.
  created $adff cell `$procdff$459' with positive edge clock and positive level reset.
Creating register for signal `\DT.$mem2reg_rd$\addr_forw$./ref_solution/initial_island_1.sv:136$3_ADDR' using process `\DT.$proc$./ref_solution/initial_island_1.sv:132$56'.
  created $adff cell `$procdff$464' with positive edge clock and positive level reset.
Creating register for signal `\DT.$mem2reg_rd$\addr_forw$./ref_solution/initial_island_1.sv:136$3_DATA' using process `\DT.$proc$./ref_solution/initial_island_1.sv:132$56'.
  created $adff cell `$procdff$469' with positive edge clock and positive level reset.
Creating register for signal `\DT.\dup_cnt' using process `\DT.$proc$./ref_solution/initial_island_1.sv:108$38'.
  created $adff cell `$procdff$474' with positive edge clock and positive level reset.
Creating register for signal `\DT.\sti_addr' using process `\DT.$proc$./ref_solution/initial_island_1.sv:87$25'.
  created $adff cell `$procdff$479' with positive edge clock and positive level reset.
Creating register for signal `\DT.\res_input_buf' using process `\DT.$proc$./ref_solution/initial_island_1.sv:80$22'.
  created $adff cell `$procdff$484' with positive edge clock and positive level reset.
Creating register for signal `\DT.\i' using process `\DT.$proc$./ref_solution/initial_island_1.sv:73$19'.
  created $dff cell `$procdff$491' with positive edge clock.
Creating register for signal `\DT.\idata_buf' using process `\DT.$proc$./ref_solution/initial_island_1.sv:73$19'.
  created $adff cell `$procdff$496' with positive edge clock and positive level reset.
Creating register for signal `\DT.\cur_state' using process `\DT.$proc$./ref_solution/initial_island_1.sv:39$4'.
  created $adff cell `$procdff$501' with positive edge clock and positive level reset.

3.10. Executing PROC_MEMWR pass (convert process memory writes to cells).

3.11. Executing PROC_CLEAN pass (remove empty switches from decision trees).
Found and cleaned up 3 empty switches in `\DT.$proc$./ref_solution/initial_island_1.sv:189$122'.
Removing empty process `DT.$proc$./ref_solution/initial_island_1.sv:189$122'.
Found and cleaned up 2 empty switches in `\DT.$proc$./ref_solution/initial_island_1.sv:179$118'.
Removing empty process `DT.$proc$./ref_solution/initial_island_1.sv:179$118'.
Found and cleaned up 1 empty switch in `\DT.$proc$./ref_solution/initial_island_1.sv:170$114'.
Removing empty process `DT.$proc$./ref_solution/initial_island_1.sv:170$114'.
Found and cleaned up 3 empty switches in `\DT.$proc$./ref_solution/initial_island_1.sv:153$100'.
Removing empty process `DT.$proc$./ref_solution/initial_island_1.sv:153$100'.
Found and cleaned up 1 empty switch in `\DT.$proc$./ref_solution/initial_island_1.sv:141$91'.
Removing empty process `DT.$proc$./ref_solution/initial_island_1.sv:141$91'.
Found and cleaned up 7 empty switches in `\DT.$proc$./ref_solution/initial_island_1.sv:132$56'.
Removing empty process `DT.$proc$./ref_solution/initial_island_1.sv:132$56'.
Found and cleaned up 1 empty switch in `\DT.$proc$./ref_solution/initial_island_1.sv:116$42'.
Removing empty process `DT.$proc$./ref_solution/initial_island_1.sv:116$42'.
Found and cleaned up 1 empty switch in `\DT.$proc$./ref_solution/initial_island_1.sv:108$38'.
Removing empty process `DT.$proc$./ref_solution/initial_island_1.sv:108$38'.
Found and cleaned up 3 empty switches in `\DT.$proc$./ref_solution/initial_island_1.sv:94$32'.
Removing empty process `DT.$proc$./ref_solution/initial_island_1.sv:94$32'.
Found and cleaned up 1 empty switch in `\DT.$proc$./ref_solution/initial_island_1.sv:87$25'.
Removing empty process `DT.$proc$./ref_solution/initial_island_1.sv:87$25'.
Found and cleaned up 1 empty switch in `\DT.$proc$./ref_solution/initial_island_1.sv:80$22'.
Removing empty process `DT.$proc$./ref_solution/initial_island_1.sv:80$22'.
Found and cleaned up 1 empty switch in `\DT.$proc$./ref_solution/initial_island_1.sv:73$19'.
Removing empty process `DT.$proc$./ref_solution/initial_island_1.sv:73$19'.
Found and cleaned up 5 empty switches in `\DT.$proc$./ref_solution/initial_island_1.sv:44$6'.
Removing empty process `DT.$proc$./ref_solution/initial_island_1.sv:44$6'.
Removing empty process `DT.$proc$./ref_solution/initial_island_1.sv:39$4'.
Cleaned up 30 empty switches.

3.12. Executing OPT_EXPR pass (perform const folding).
Optimizing module DT.
<suppressed ~46 debug messages>

4. Executing OPT pass (performing simple optimizations).

4.1. Executing OPT_EXPR pass (perform const folding).
Optimizing module DT.

4.2. Executing OPT_MERGE pass (detect identical cells).
Finding identical cells in module `\DT'.
<suppressed ~207 debug messages>
Removed a total of 69 cells.

4.3. Executing OPT_MUXTREE pass (detect dead branches in mux trees).
Running muxtree optimizer on module \DT..
  Creating internal representation of mux trees.
  Evaluating internal representation of mux trees.
  Analyzing evaluation results.
    dead port 2/2 on $mux $procmux$301.
    dead port 2/2 on $mux $procmux$295.
    dead port 2/2 on $mux $procmux$293.
    dead port 1/2 on $mux $procmux$257.
    dead port 2/2 on $mux $procmux$257.
    dead port 1/2 on $mux $procmux$254.
    dead port 2/2 on $mux $procmux$254.
    dead port 1/2 on $mux $procmux$251.
    dead port 2/2 on $mux $procmux$251.
    dead port 1/2 on $mux $procmux$248.
    dead port 2/2 on $mux $procmux$248.
    dead port 1/2 on $mux $procmux$245.
    dead port 2/2 on $mux $procmux$245.
    dead port 1/2 on $mux $procmux$242.
    dead port 2/2 on $mux $procmux$242.
    dead port 1/2 on $mux $procmux$239.
    dead port 2/2 on $mux $procmux$239.
    dead port 1/2 on $mux $procmux$236.
    dead port 2/2 on $mux $procmux$236.
    dead port 1/2 on $mux $procmux$233.
    dead port 2/2 on $mux $procmux$233.
    dead port 1/2 on $mux $procmux$230.
    dead port 2/2 on $mux $procmux$230.
    dead port 1/2 on $mux $procmux$227.
    dead port 2/2 on $mux $procmux$227.
    dead port 1/2 on $mux $procmux$224.
    dead port 2/2 on $mux $procmux$224.
    dead port 1/2 on $mux $procmux$221.
    dead port 2/2 on $mux $procmux$221.
    dead port 1/2 on $mux $procmux$218.
    dead port 2/2 on $mux $procmux$218.
    dead port 1/2 on $mux $procmux$215.
    dead port 2/2 on $mux $procmux$215.
    dead port 1/2 on $mux $procmux$212.
    dead port 2/2 on $mux $procmux$212.
    dead port 1/2 on $mux $procmux$209.
    dead port 2/2 on $mux $procmux$209.
    dead port 1/2 on $mux $procmux$206.
    dead port 2/2 on $mux $procmux$206.
    dead port 1/2 on $mux $procmux$203.
    dead port 2/2 on $mux $procmux$203.
    dead port 1/2 on $mux $procmux$200.
    dead port 2/2 on $mux $procmux$200.
    dead port 1/2 on $mux $procmux$197.
    dead port 2/2 on $mux $procmux$197.
    dead port 1/2 on $mux $procmux$194.
    dead port 2/2 on $mux $procmux$194.
    dead port 1/2 on $mux $procmux$191.
    dead port 2/2 on $mux $procmux$191.
    dead port 1/2 on $mux $procmux$188.
    dead port 2/2 on $mux $procmux$188.
    dead port 2/2 on $mux $procmux$404.
    dead port 2/2 on $mux $procmux$394.
    dead port 2/2 on $mux $procmux$392.
    dead port 2/2 on $mux $procmux$381.
    dead port 2/2 on $mux $procmux$372.
    dead port 1/2 on $mux $procmux$370.
Removed 57 multiplexer ports.
<suppressed ~117 debug messages>

4.4. Executing OPT_REDUCE pass (consolidate $*mux and $reduce_* inputs).
  Optimizing cells in module \DT.
    New ctrl vector for $pmux cell $procmux$406: { $procmux$414_CMP $procmux$413_CMP $procmux$412_CMP $procmux$411_CMP $procmux$410_CMP $auto$opt_reduce.cc:137:opt_pmux$503 $procmux$407_CMP }
  Optimizing cells in module \DT.
Performed a total of 1 changes.

4.5. Executing OPT_MERGE pass (detect identical cells).
Finding identical cells in module `\DT'.
<suppressed ~12 debug messages>
Removed a total of 4 cells.

4.6. Executing OPT_DFF pass (perform DFF optimizations).
Adding EN signal on $procdff$439 ($adff) from module DT (D = $procmux$147_Y, Q = \x).
Adding EN signal on $procdff$479 ($adff) from module DT (D = $add$./ref_solution/initial_island_1.sv:89$30_Y [9:0], Q = \sti_addr).
Adding EN signal on $procdff$444 ($adff) from module DT (D = 1'1, Q = \done).
Adding EN signal on $procdff$419 ($adff) from module DT (D = $procmux$130_Y, Q = \mini).
Adding EN signal on $procdff$484 ($adff) from module DT (D = \res_di, Q = \res_input_buf).
Adding EN signal on $procdff$424 ($adff) from module DT (D = 1'1, Q = \flag_fb).
Adding EN signal on $procdff$491 ($dff) from module DT (D = 16, Q = \i).
Adding EN signal on $procdff$449 ($adff) from module DT (D = $procmux$271_Y, Q = \res_addr).
Adding EN signal on $procdff$434 ($adff) from module DT (D = $procmux$155_Y, Q = \y).
Adding EN signal on $procdff$496 ($adff) from module DT (D = \sti_di [14], Q = \idata_buf [1]).
Adding EN signal on $procdff$496 ($adff) from module DT (D = \sti_di [15], Q = \idata_buf [0]).
Adding EN signal on $procdff$496 ($adff) from module DT (D = \sti_di [13], Q = \idata_buf [2]).
Adding EN signal on $procdff$496 ($adff) from module DT (D = \sti_di [12], Q = \idata_buf [3]).
Adding EN signal on $procdff$496 ($adff) from module DT (D = \sti_di [11], Q = \idata_buf [4]).
Adding EN signal on $procdff$496 ($adff) from module DT (D = \sti_di [10], Q = \idata_buf [5]).
Adding EN signal on $procdff$496 ($adff) from module DT (D = \sti_di [9], Q = \idata_buf [6]).
Adding EN signal on $procdff$496 ($adff) from module DT (D = \sti_di [8], Q = \idata_buf [7]).
Adding EN signal on $procdff$496 ($adff) from module DT (D = \sti_di [7], Q = \idata_buf [8]).
Adding EN signal on $procdff$496 ($adff) from module DT (D = \sti_di [6], Q = \idata_buf [9]).
Adding EN signal on $procdff$496 ($adff) from module DT (D = \sti_di [5], Q = \idata_buf [10]).
Adding EN signal on $procdff$496 ($adff) from module DT (D = \sti_di [4], Q = \idata_buf [11]).
Adding EN signal on $procdff$496 ($adff) from module DT (D = \sti_di [3], Q = \idata_buf [12]).
Adding EN signal on $procdff$496 ($adff) from module DT (D = \sti_di [2], Q = \idata_buf [13]).
Adding EN signal on $procdff$496 ($adff) from module DT (D = \sti_di [1], Q = \idata_buf [14]).
Adding EN signal on $procdff$496 ($adff) from module DT (D = \sti_di [0], Q = \idata_buf [15]).
Setting constant 1-bit at position 0 on $procdff$469 ($adff) from module DT.
Setting constant 1-bit at position 1 on $procdff$469 ($adff) from module DT.
Setting constant 1-bit at position 2 on $procdff$469 ($adff) from module DT.
Setting constant 1-bit at position 3 on $procdff$469 ($adff) from module DT.
Setting constant 1-bit at position 4 on $procdff$469 ($adff) from module DT.
Setting constant 1-bit at position 5 on $procdff$469 ($adff) from module DT.
Setting constant 1-bit at position 6 on $procdff$469 ($adff) from module DT.
Setting constant 1-bit at position 7 on $procdff$469 ($adff) from module DT.
Setting constant 1-bit at position 8 on $procdff$469 ($adff) from module DT.
Setting constant 1-bit at position 9 on $procdff$469 ($adff) from module DT.
Setting constant 1-bit at position 10 on $procdff$469 ($adff) from module DT.
Setting constant 1-bit at position 11 on $procdff$469 ($adff) from module DT.
Setting constant 1-bit at position 12 on $procdff$469 ($adff) from module DT.
Setting constant 1-bit at position 13 on $procdff$469 ($adff) from module DT.
Setting constant 0-bit at position 0 on $auto$ff.cc:266:slice$518 ($dffe) from module DT.
Setting constant 0-bit at position 1 on $auto$ff.cc:266:slice$518 ($dffe) from module DT.
Setting constant 0-bit at position 2 on $auto$ff.cc:266:slice$518 ($dffe) from module DT.
Setting constant 0-bit at position 3 on $auto$ff.cc:266:slice$518 ($dffe) from module DT.
Setting constant 1-bit at position 4 on $auto$ff.cc:266:slice$518 ($dffe) from module DT.
Setting constant 0-bit at position 5 on $auto$ff.cc:266:slice$518 ($dffe) from module DT.
Setting constant 0-bit at position 6 on $auto$ff.cc:266:slice$518 ($dffe) from module DT.
Setting constant 0-bit at position 7 on $auto$ff.cc:266:slice$518 ($dffe) from module DT.
Setting constant 0-bit at position 8 on $auto$ff.cc:266:slice$518 ($dffe) from module DT.
Setting constant 0-bit at position 9 on $auto$ff.cc:266:slice$518 ($dffe) from module DT.
Setting constant 0-bit at position 10 on $auto$ff.cc:266:slice$518 ($dffe) from module DT.
Setting constant 0-bit at position 11 on $auto$ff.cc:266:slice$518 ($dffe) from module DT.
Setting constant 0-bit at position 12 on $auto$ff.cc:266:slice$518 ($dffe) from module DT.
Setting constant 0-bit at position 13 on $auto$ff.cc:266:slice$518 ($dffe) from module DT.
Setting constant 0-bit at position 14 on $auto$ff.cc:266:slice$518 ($dffe) from module DT.
Setting constant 0-bit at position 15 on $auto$ff.cc:266:slice$518 ($dffe) from module DT.
Setting constant 0-bit at position 16 on $auto$ff.cc:266:slice$518 ($dffe) from module DT.
Setting constant 0-bit at position 17 on $auto$ff.cc:266:slice$518 ($dffe) from module DT.
Setting constant 0-bit at position 18 on $auto$ff.cc:266:slice$518 ($dffe) from module DT.
Setting constant 0-bit at position 19 on $auto$ff.cc:266:slice$518 ($dffe) from module DT.
Setting constant 0-bit at position 20 on $auto$ff.cc:266:slice$518 ($dffe) from module DT.
Setting constant 0-bit at position 21 on $auto$ff.cc:266:slice$518 ($dffe) from module DT.
Setting constant 0-bit at position 22 on $auto$ff.cc:266:slice$518 ($dffe) from module DT.
Setting constant 0-bit at position 23 on $auto$ff.cc:266:slice$518 ($dffe) from module DT.
Setting constant 0-bit at position 24 on $auto$ff.cc:266:slice$518 ($dffe) from module DT.
Setting constant 0-bit at position 25 on $auto$ff.cc:266:slice$518 ($dffe) from module DT.
Setting constant 0-bit at position 26 on $auto$ff.cc:266:slice$518 ($dffe) from module DT.
Setting constant 0-bit at position 27 on $auto$ff.cc:266:slice$518 ($dffe) from module DT.
Setting constant 0-bit at position 28 on $auto$ff.cc:266:slice$518 ($dffe) from module DT.
Setting constant 0-bit at position 29 on $auto$ff.cc:266:slice$518 ($dffe) from module DT.
Setting constant 0-bit at position 30 on $auto$ff.cc:266:slice$518 ($dffe) from module DT.
Setting constant 0-bit at position 31 on $auto$ff.cc:266:slice$518 ($dffe) from module DT.
Setting constant 1-bit at position 0 on $procdff$464 ($adff) from module DT.
Setting constant 1-bit at position 1 on $procdff$464 ($adff) from module DT.

4.7. Executing OPT_CLEAN pass (remove unused cells and wires).
Finding unused cells or wires in module \DT..
Removed 27 unused cells and 299 unused wires.
<suppressed ~29 debug messages>

4.8. Executing OPT_EXPR pass (perform const folding).
Optimizing module DT.
<suppressed ~4 debug messages>

4.9. Rerunning OPT passes. (Maybe there is more to do..)

4.10. Executing OPT_MUXTREE pass (detect dead branches in mux trees).
Running muxtree optimizer on module \DT..
  Creating internal representation of mux trees.
  Evaluating internal representation of mux trees.
  Analyzing evaluation results.
Removed 0 multiplexer ports.
<suppressed ~46 debug messages>

4.11. Executing OPT_REDUCE pass (consolidate $*mux and $reduce_* inputs).
  Optimizing cells in module \DT.
Performed a total of 0 changes.

4.12. Executing OPT_MERGE pass (detect identical cells).
Finding identical cells in module `\DT'.
<suppressed ~6 debug messages>
Removed a total of 2 cells.

4.13. Executing OPT_DFF pass (perform DFF optimizations).
Adding EN signal on $auto$ff.cc:266:slice$524 ($adffe) from module DT (D = $0\y[6:0], Q = \y).

4.14. Executing OPT_CLEAN pass (remove unused cells and wires).
Finding unused cells or wires in module \DT..
Removed 0 unused cells and 2 unused wires.
<suppressed ~1 debug messages>

4.15. Executing OPT_EXPR pass (perform const folding).
Optimizing module DT.

4.16. Rerunning OPT passes. (Maybe there is more to do..)

4.17. Executing OPT_MUXTREE pass (detect dead branches in mux trees).
Running muxtree optimizer on module \DT..
  Creating internal representation of mux trees.
  Evaluating internal representation of mux trees.
  Analyzing evaluation results.
Removed 0 multiplexer ports.
<suppressed ~48 debug messages>

4.18. Executing OPT_REDUCE pass (consolidate $*mux and $reduce_* inputs).
  Optimizing cells in module \DT.
Performed a total of 0 changes.

4.19. Executing OPT_MERGE pass (detect identical cells).
Finding identical cells in module `\DT'.
Removed a total of 0 cells.

4.20. Executing OPT_DFF pass (perform DFF optimizations).

4.21. Executing OPT_CLEAN pass (remove unused cells and wires).
Finding unused cells or wires in module \DT..

4.22. Executing OPT_EXPR pass (perform const folding).
Optimizing module DT.

4.23. Finished fast OPT passes. (There is nothing left to do.)

5. Executing FSM pass (extract and optimize FSM).

5.1. Executing FSM_DETECT pass (finding FSMs in design).
Not marking DT.cur_state as FSM state register:
    Circuit seems to be self-resetting.

5.2. Executing FSM_EXTRACT pass (extracting FSM from design).

5.3. Executing FSM_OPT pass (simple optimizations of FSMs).

5.4. Executing OPT_CLEAN pass (remove unused cells and wires).
Finding unused cells or wires in module \DT..

5.5. Executing FSM_OPT pass (simple optimizations of FSMs).

5.6. Executing FSM_RECODE pass (re-assigning FSM state encoding).

5.7. Executing FSM_INFO pass (dumping all available information on FSM cells).

5.8. Executing FSM_MAP pass (mapping FSMs to basic logic).

6. Executing OPT pass (performing simple optimizations).

6.1. Executing OPT_EXPR pass (perform const folding).
Optimizing module DT.

6.2. Executing OPT_MERGE pass (detect identical cells).
Finding identical cells in module `\DT'.
Removed a total of 0 cells.

6.3. Executing OPT_MUXTREE pass (detect dead branches in mux trees).
Running muxtree optimizer on module \DT..
  Creating internal representation of mux trees.
  Evaluating internal representation of mux trees.
  Analyzing evaluation results.
Removed 0 multiplexer ports.
<suppressed ~48 debug messages>

6.4. Executing OPT_REDUCE pass (consolidate $*mux and $reduce_* inputs).
  Optimizing cells in module \DT.
Performed a total of 0 changes.

6.5. Executing OPT_MERGE pass (detect identical cells).
Finding identical cells in module `\DT'.
Removed a total of 0 cells.

6.6. Executing OPT_DFF pass (perform DFF optimizations).

6.7. Executing OPT_CLEAN pass (remove unused cells and wires).
Finding unused cells or wires in module \DT..

6.8. Executing OPT_EXPR pass (perform const folding).
Optimizing module DT.

6.9. Finished fast OPT passes. (There is nothing left to do.)

7. Executing MEMORY pass.

7.1. Executing OPT_MEM pass (optimize memories).
Performed a total of 0 transformations.

7.2. Executing OPT_MEM_PRIORITY pass (removing unnecessary memory write priority relations).
Performed a total of 0 transformations.

7.3. Executing OPT_MEM_FEEDBACK pass (finding memory read-to-write feedback paths).

7.4. Executing MEMORY_BMUX2ROM pass (converting muxes to ROMs).

7.5. Executing MEMORY_DFF pass (merging $dff cells to $memrd).

7.6. Executing OPT_CLEAN pass (remove unused cells and wires).
Finding unused cells or wires in module \DT..

7.7. Executing MEMORY_SHARE pass (consolidating $memrd/$memwr cells).

7.8. Executing OPT_MEM_WIDEN pass (optimize memories where all ports are wide).
Performed a total of 0 transformations.

7.9. Executing OPT_CLEAN pass (remove unused cells and wires).
Finding unused cells or wires in module \DT..

7.10. Executing MEMORY_COLLECT pass (generating $mem cells).

7.11. Executing MEMORY_MAP pass (converting memories to logic and flip-flops).

8. Executing OPT pass (performing simple optimizations).

8.1. Executing OPT_EXPR pass (perform const folding).
Optimizing module DT.

8.2. Executing OPT_MERGE pass (detect identical cells).
Finding identical cells in module `\DT'.
Removed a total of 0 cells.

8.3. Executing OPT_MUXTREE pass (detect dead branches in mux trees).
Running muxtree optimizer on module \DT..
  Creating internal representation of mux trees.
  Evaluating internal representation of mux trees.
  Analyzing evaluation results.
Removed 0 multiplexer ports.
<suppressed ~48 debug messages>

8.4. Executing OPT_REDUCE pass (consolidate $*mux and $reduce_* inputs).
  Optimizing cells in module \DT.
Performed a total of 0 changes.

8.5. Executing OPT_MERGE pass (detect identical cells).
Finding identical cells in module `\DT'.
Removed a total of 0 cells.

8.6. Executing OPT_DFF pass (perform DFF optimizations).

8.7. Executing OPT_CLEAN pass (remove unused cells and wires).
Finding unused cells or wires in module \DT..

8.8. Executing OPT_EXPR pass (perform const folding).
Optimizing module DT.

8.9. Finished fast OPT passes. (There is nothing left to do.)

9. Executing TECHMAP pass (map to technology primitives).

9.1. Executing Verilog-2005 frontend: /usr/local/bin/../share/yosys/techmap.v
Parsing Verilog input from `/usr/local/bin/../share/yosys/techmap.v' to AST representation.
Generating RTLIL representation for module `\_90_simplemap_bool_ops'.
Generating RTLIL representation for module `\_90_simplemap_reduce_ops'.
Generating RTLIL representation for module `\_90_simplemap_logic_ops'.
Generating RTLIL representation for module `\_90_simplemap_compare_ops'.
Generating RTLIL representation for module `\_90_simplemap_various'.
Generating RTLIL representation for module `\_90_simplemap_registers'.
Generating RTLIL representation for module `\_90_shift_ops_shr_shl_sshl_sshr'.
Generating RTLIL representation for module `\_90_shift_shiftx'.
Generating RTLIL representation for module `\_90_fa'.
Generating RTLIL representation for module `\_90_lcu_brent_kung'.
Generating RTLIL representation for module `\_90_alu'.
Generating RTLIL representation for module `\_90_macc'.
Generating RTLIL representation for module `\_90_alumacc'.
Generating RTLIL representation for module `\$__div_mod_u'.
Generating RTLIL representation for module `\$__div_mod_trunc'.
Generating RTLIL representation for module `\_90_div'.
Generating RTLIL representation for module `\_90_mod'.
Generating RTLIL representation for module `\$__div_mod_floor'.
Generating RTLIL representation for module `\_90_divfloor'.
Generating RTLIL representation for module `\_90_modfloor'.
Generating RTLIL representation for module `\_90_pow'.
Generating RTLIL representation for module `\_90_pmux'.
Generating RTLIL representation for module `\_90_demux'.
Generating RTLIL representation for module `\_90_lut'.
Successfully finished Verilog frontend.

9.2. Continuing TECHMAP pass.
Using extmapper simplemap for cells of type $eq.
Using extmapper simplemap for cells of type $logic_not.
Using extmapper simplemap for cells of type $logic_and.
Using extmapper simplemap for cells of type $reduce_bool.
Using extmapper simplemap for cells of type $mux.
Running "alumacc" on wrapper $extern:wrap:$add:A_SIGNED=0:A_WIDTH=10:B_SIGNED=0:B_WIDTH=32:Y_WIDTH=32:394426c56d1a028ba8fdd5469b163e04011def47.
Using template $extern:wrap:$add:A_SIGNED=0:A_WIDTH=10:B_SIGNED=0:B_WIDTH=32:Y_WIDTH=32:394426c56d1a028ba8fdd5469b163e04011def47 for cells of type $extern:wrap:$add:A_SIGNED=0:A_WIDTH=10:B_SIGNED=0:B_WIDTH=32:Y_WIDTH=32:394426c56d1a028ba8fdd5469b163e04011def47.
Running "alumacc" on wrapper $extern:wrap:$sub:A_SIGNED=0:A_WIDTH=4:B_SIGNED=0:B_WIDTH=4:Y_WIDTH=4:394426c56d1a028ba8fdd5469b163e04011def47.
Using template $extern:wrap:$sub:A_SIGNED=0:A_WIDTH=4:B_SIGNED=0:B_WIDTH=4:Y_WIDTH=4:394426c56d1a028ba8fdd5469b163e04011def47 for cells of type $extern:wrap:$sub:A_SIGNED=0:A_WIDTH=4:B_SIGNED=0:B_WIDTH=4:Y_WIDTH=4:394426c56d1a028ba8fdd5469b163e04011def47.
Using template $paramod$constmap:446553370afc6c2aa6cc0b8f657b7f64b237ff7c$paramod$962bb79c2a50a422516483c1c9c06046761917ac\_90_shift_shiftx for cells of type $shiftx.
Running "alumacc" on wrapper $extern:wrap:$gt:A_SIGNED=0:A_WIDTH=8:B_SIGNED=0:B_WIDTH=32:Y_WIDTH=1:394426c56d1a028ba8fdd5469b163e04011def47.
Using template $extern:wrap:$gt:A_SIGNED=0:A_WIDTH=8:B_SIGNED=0:B_WIDTH=32:Y_WIDTH=1:394426c56d1a028ba8fdd5469b163e04011def47 for cells of type $extern:wrap:$gt:A_SIGNED=0:A_WIDTH=8:B_SIGNED=0:B_WIDTH=32:Y_WIDTH=1:394426c56d1a028ba8fdd5469b163e04011def47.
Running "alumacc" on wrapper $extern:wrap:$add:A_SIGNED=0:A_WIDTH=8:B_SIGNED=0:B_WIDTH=32:Y_WIDTH=32:394426c56d1a028ba8fdd5469b163e04011def47.
Using template $extern:wrap:$add:A_SIGNED=0:A_WIDTH=8:B_SIGNED=0:B_WIDTH=32:Y_WIDTH=32:394426c56d1a028ba8fdd5469b163e04011def47 for cells of type $extern:wrap:$add:A_SIGNED=0:A_WIDTH=8:B_SIGNED=0:B_WIDTH=32:Y_WIDTH=32:394426c56d1a028ba8fdd5469b163e04011def47.
Running "alumacc" on wrapper $extern:wrap:$add:A_SIGNED=0:A_WIDTH=4:B_SIGNED=0:B_WIDTH=32:Y_WIDTH=32:394426c56d1a028ba8fdd5469b163e04011def47.
Using template $extern:wrap:$add:A_SIGNED=0:A_WIDTH=4:B_SIGNED=0:B_WIDTH=32:Y_WIDTH=32:394426c56d1a028ba8fdd5469b163e04011def47 for cells of type $extern:wrap:$add:A_SIGNED=0:A_WIDTH=4:B_SIGNED=0:B_WIDTH=32:Y_WIDTH=32:394426c56d1a028ba8fdd5469b163e04011def47.
Running "alumacc" on wrapper $extern:wrap:$sub:A_SIGNED=0:A_WIDTH=7:B_SIGNED=0:B_WIDTH=7:Y_WIDTH=7:394426c56d1a028ba8fdd5469b163e04011def47.
Using template $extern:wrap:$sub:A_SIGNED=0:A_WIDTH=7:B_SIGNED=0:B_WIDTH=7:Y_WIDTH=7:394426c56d1a028ba8fdd5469b163e04011def47 for cells of type $extern:wrap:$sub:A_SIGNED=0:A_WIDTH=7:B_SIGNED=0:B_WIDTH=7:Y_WIDTH=7:394426c56d1a028ba8fdd5469b163e04011def47.
Running "alumacc" on wrapper $extern:wrap:$add:A_SIGNED=0:A_WIDTH=7:B_SIGNED=0:B_WIDTH=7:Y_WIDTH=7:394426c56d1a028ba8fdd5469b163e04011def47.
Using template $extern:wrap:$add:A_SIGNED=0:A_WIDTH=7:B_SIGNED=0:B_WIDTH=7:Y_WIDTH=7:394426c56d1a028ba8fdd5469b163e04011def47 for cells of type $extern:wrap:$add:A_SIGNED=0:A_WIDTH=7:B_SIGNED=0:B_WIDTH=7:Y_WIDTH=7:394426c56d1a028ba8fdd5469b163e04011def47.
Running "alumacc" on wrapper $extern:wrap:$add:A_SIGNED=0:A_WIDTH=14:B_SIGNED=0:B_WIDTH=32:Y_WIDTH=32:394426c56d1a028ba8fdd5469b163e04011def47.
Using template $extern:wrap:$add:A_SIGNED=0:A_WIDTH=14:B_SIGNED=0:B_WIDTH=32:Y_WIDTH=32:394426c56d1a028ba8fdd5469b163e04011def47 for cells of type $extern:wrap:$add:A_SIGNED=0:A_WIDTH=14:B_SIGNED=0:B_WIDTH=32:Y_WIDTH=32:394426c56d1a028ba8fdd5469b163e04011def47.
Running "alumacc" on wrapper $extern:wrap:$sub:A_SIGNED=0:A_WIDTH=14:B_SIGNED=0:B_WIDTH=32:Y_WIDTH=32:394426c56d1a028ba8fdd5469b163e04011def47.
Using template $extern:wrap:$sub:A_SIGNED=0:A_WIDTH=14:B_SIGNED=0:B_WIDTH=32:Y_WIDTH=32:394426c56d1a028ba8fdd5469b163e04011def47 for cells of type $extern:wrap:$sub:A_SIGNED=0:A_WIDTH=14:B_SIGNED=0:B_WIDTH=32:Y_WIDTH=32:394426c56d1a028ba8fdd5469b163e04011def47.
Running "alumacc" on wrapper $extern:wrap:$add:A_SIGNED=0:A_WIDTH=32:B_SIGNED=0:B_WIDTH=32:Y_WIDTH=32:394426c56d1a028ba8fdd5469b163e04011def47.
Using template $extern:wrap:$add:A_SIGNED=0:A_WIDTH=32:B_SIGNED=0:B_WIDTH=32:Y_WIDTH=32:394426c56d1a028ba8fdd5469b163e04011def47 for cells of type $extern:wrap:$add:A_SIGNED=0:A_WIDTH=32:B_SIGNED=0:B_WIDTH=32:Y_WIDTH=32:394426c56d1a028ba8fdd5469b163e04011def47.
Running "alumacc" on wrapper $extern:wrap:$sub:A_SIGNED=0:A_WIDTH=32:B_SIGNED=0:B_WIDTH=32:Y_WIDTH=32:394426c56d1a028ba8fdd5469b163e04011def47.
Using template $extern:wrap:$sub:A_SIGNED=0:A_WIDTH=32:B_SIGNED=0:B_WIDTH=32:Y_WIDTH=32:394426c56d1a028ba8fdd5469b163e04011def47 for cells of type $extern:wrap:$sub:A_SIGNED=0:A_WIDTH=32:B_SIGNED=0:B_WIDTH=32:Y_WIDTH=32:394426c56d1a028ba8fdd5469b163e04011def47.
Using extmapper simplemap for cells of type $logic_or.
Running "alumacc" on wrapper $extern:wrap:$sub:A_SIGNED=0:A_WIDTH=7:B_SIGNED=0:B_WIDTH=32:Y_WIDTH=32:394426c56d1a028ba8fdd5469b163e04011def47.
Using template $extern:wrap:$sub:A_SIGNED=0:A_WIDTH=7:B_SIGNED=0:B_WIDTH=32:Y_WIDTH=32:394426c56d1a028ba8fdd5469b163e04011def47 for cells of type $extern:wrap:$sub:A_SIGNED=0:A_WIDTH=7:B_SIGNED=0:B_WIDTH=32:Y_WIDTH=32:394426c56d1a028ba8fdd5469b163e04011def47.
Running "alumacc" on wrapper $extern:wrap:$add:A_SIGNED=0:A_WIDTH=7:B_SIGNED=0:B_WIDTH=32:Y_WIDTH=32:394426c56d1a028ba8fdd5469b163e04011def47.
Using template $extern:wrap:$add:A_SIGNED=0:A_WIDTH=7:B_SIGNED=0:B_WIDTH=32:Y_WIDTH=32:394426c56d1a028ba8fdd5469b163e04011def47 for cells of type $extern:wrap:$add:A_SIGNED=0:A_WIDTH=7:B_SIGNED=0:B_WIDTH=32:Y_WIDTH=32:394426c56d1a028ba8fdd5469b163e04011def47.
Running "alumacc" on wrapper $extern:wrap:$add:A_SIGNED=0:A_WIDTH=3:B_SIGNED=0:B_WIDTH=32:Y_WIDTH=32:394426c56d1a028ba8fdd5469b163e04011def47.
Using template $extern:wrap:$add:A_SIGNED=0:A_WIDTH=3:B_SIGNED=0:B_WIDTH=32:Y_WIDTH=32:394426c56d1a028ba8fdd5469b163e04011def47 for cells of type $extern:wrap:$add:A_SIGNED=0:A_WIDTH=3:B_SIGNED=0:B_WIDTH=32:Y_WIDTH=32:394426c56d1a028ba8fdd5469b163e04011def47.
Running "alumacc" on wrapper $extern:wrap:$lt:A_SIGNED=0:A_WIDTH=8:B_SIGNED=0:B_WIDTH=8:Y_WIDTH=1:394426c56d1a028ba8fdd5469b163e04011def47.
Using template $extern:wrap:$lt:A_SIGNED=0:A_WIDTH=8:B_SIGNED=0:B_WIDTH=8:Y_WIDTH=1:394426c56d1a028ba8fdd5469b163e04011def47 for cells of type $extern:wrap:$lt:A_SIGNED=0:A_WIDTH=8:B_SIGNED=0:B_WIDTH=8:Y_WIDTH=1:394426c56d1a028ba8fdd5469b163e04011def47.
Using extmapper simplemap for cells of type $adffe.
Using template $paramod$bb990411fd15fdc1f86721cf4a55c97ef699e08e\_90_pmux for cells of type $pmux.
Using extmapper simplemap for cells of type $reduce_and.
Using extmapper simplemap for cells of type $ne.
Using template $paramod$fc16b9f758000d363d24f130038bd99b46b4fa1b\_90_pmux for cells of type $pmux.
Using extmapper simplemap for cells of type $reduce_or.
Using template $paramod$a285b5a57fe61eabc57c91b8c412748ee1151a85\_90_pmux for cells of type $pmux.
Using extmapper simplemap for cells of type $adff.
Using template $paramod$21b43a343f2bc4ba62df8a2c90631d371d8e7ce8\_90_alu for cells of type $alu.
Using template $paramod$531b0e8664cf0177363f10a943e616839f246c95\_90_alu for cells of type $alu.
Using extmapper simplemap for cells of type $or.
Using extmapper simplemap for cells of type $not.
Using template $paramod$91f82ead1edc61e0a1452110f15ef747116b421b\_90_alu for cells of type $alu.
Using template $paramod$a7817265ef3ab2ee43da53bbd8a90f6450d412d9\_90_alu for cells of type $alu.
Using template $paramod$740b056ede97228d3eae64ea2fdc81f0a33e0fe7\_90_alu for cells of type $alu.
Using template $paramod$dbcdc7e8aa1a4080cea2deda6fdc8772064f4d90\_90_alu for cells of type $alu.
Using template $paramod$fbc7873bff55778c0b3173955b7e4bce1d9d6834\_90_alu for cells of type $alu.
Using template $paramod$fdd20cfde6eff5e426e814d02912ca76c51febc9\_90_alu for cells of type $alu.
Using template $paramod$076c9a7a3f037230073fe14dd4865d470cb48917\_90_alu for cells of type $alu.
Using template $paramod$a1bc51c02ce12ac21eb18988e83292af48ed7d72\_90_alu for cells of type $alu.
Using extmapper simplemap for cells of type $and.
Using extmapper simplemap for cells of type $xor.
Using template $paramod\_90_lcu_brent_kung\WIDTH=32'00000000000000000000000000100000 for cells of type $lcu.
Using extmapper simplemap for cells of type $pos.
Using template $paramod\_90_lcu_brent_kung\WIDTH=32'00000000000000000000000000000100 for cells of type $lcu.
Using template $paramod\_90_lcu_brent_kung\WIDTH=32'00000000000000000000000000000111 for cells of type $lcu.
Using template $paramod\_90_lcu_brent_kung\WIDTH=32'00000000000000000000000000001000 for cells of type $lcu.
No more expansions possible.
<suppressed ~3519 debug messages>

10. Executing OPT pass (performing simple optimizations).

10.1. Executing OPT_EXPR pass (perform const folding).
Optimizing module DT.
<suppressed ~4153 debug messages>

10.2. Executing OPT_MERGE pass (detect identical cells).
Finding identical cells in module `\DT'.
<suppressed ~1221 debug messages>
Removed a total of 407 cells.

10.3. Executing OPT_MUXTREE pass (detect dead branches in mux trees).
Running muxtree optimizer on module \DT..
  Creating internal representation of mux trees.
  No muxes found in this module.
Removed 0 multiplexer ports.

10.4. Executing OPT_REDUCE pass (consolidate $*mux and $reduce_* inputs).
  Optimizing cells in module \DT.
Performed a total of 0 changes.

10.5. Executing OPT_MERGE pass (detect identical cells).
Finding identical cells in module `\DT'.
Removed a total of 0 cells.

10.6. Executing OPT_DFF pass (perform DFF optimizations).

10.7. Executing OPT_CLEAN pass (remove unused cells and wires).
Finding unused cells or wires in module \DT..
Removed 147 unused cells and 2328 unused wires.
<suppressed ~148 debug messages>

10.8. Executing OPT_EXPR pass (perform const folding).
Optimizing module DT.
<suppressed ~3 debug messages>

10.9. Rerunning OPT passes. (Maybe there is more to do..)

10.10. Executing OPT_MUXTREE pass (detect dead branches in mux trees).
Running muxtree optimizer on module \DT..
  Creating internal representation of mux trees.
  No muxes found in this module.
Removed 0 multiplexer ports.

10.11. Executing OPT_REDUCE pass (consolidate $*mux and $reduce_* inputs).
  Optimizing cells in module \DT.
Performed a total of 0 changes.

10.12. Executing OPT_MERGE pass (detect identical cells).
Finding identical cells in module `\DT'.
Removed a total of 0 cells.

10.13. Executing OPT_DFF pass (perform DFF optimizations).

10.14. Executing OPT_CLEAN pass (remove unused cells and wires).
Finding unused cells or wires in module \DT..
Removed 0 unused cells and 2 unused wires.
<suppressed ~1 debug messages>

10.15. Executing OPT_EXPR pass (perform const folding).
Optimizing module DT.

10.16. Rerunning OPT passes. (Maybe there is more to do..)

10.17. Executing OPT_MUXTREE pass (detect dead branches in mux trees).
Running muxtree optimizer on module \DT..
  Creating internal representation of mux trees.
  No muxes found in this module.
Removed 0 multiplexer ports.

10.18. Executing OPT_REDUCE pass (consolidate $*mux and $reduce_* inputs).
  Optimizing cells in module \DT.
Performed a total of 0 changes.

10.19. Executing OPT_MERGE pass (detect identical cells).
Finding identical cells in module `\DT'.
Removed a total of 0 cells.

10.20. Executing OPT_DFF pass (perform DFF optimizations).

10.21. Executing OPT_CLEAN pass (remove unused cells and wires).
Finding unused cells or wires in module \DT..

10.22. Executing OPT_EXPR pass (perform const folding).
Optimizing module DT.

10.23. Finished fast OPT passes. (There is nothing left to do.)

11. Executing DFFLIBMAP pass (mapping DFF cells to sequential cells from liberty file).
  cell DFF_X1 (noninv, pins=4, area=4.52) is a direct match for cell type $_DFF_P_.
  cell DFFR_X1 (noninv, pins=5, area=5.32) is a direct match for cell type $_DFF_PN0_.
  cell DFFS_X1 (noninv, pins=5, area=5.32) is a direct match for cell type $_DFF_PN1_.
  cell DFFRS_X1 (noninv, pins=6, area=6.38) is a direct match for cell type $_DFFSR_PNN_.
  final dff cell mappings:
    unmapped dff cell: $_DFF_N_
    \DFF_X1 _DFF_P_ (.CK( C), .D( D), .Q( Q), .QN(~Q));
    unmapped dff cell: $_DFF_NN0_
    unmapped dff cell: $_DFF_NN1_
    unmapped dff cell: $_DFF_NP0_
    unmapped dff cell: $_DFF_NP1_
    \DFFR_X1 _DFF_PN0_ (.CK( C), .D( D), .Q( Q), .QN(~Q), .RN( R));
    \DFFS_X1 _DFF_PN1_ (.CK( C), .D( D), .Q( Q), .QN(~Q), .SN( R));
    unmapped dff cell: $_DFF_PP0_
    unmapped dff cell: $_DFF_PP1_
    unmapped dff cell: $_DFFE_NN_
    unmapped dff cell: $_DFFE_NP_
    unmapped dff cell: $_DFFE_PN_
    unmapped dff cell: $_DFFE_PP_
    unmapped dff cell: $_DFFSR_NNN_
    unmapped dff cell: $_DFFSR_NNP_
    unmapped dff cell: $_DFFSR_NPN_
    unmapped dff cell: $_DFFSR_NPP_
    \DFFRS_X1 _DFFSR_PNN_ (.CK( C), .D( D), .Q( Q), .QN(~Q), .RN( R), .SN( S));
    unmapped dff cell: $_DFFSR_PNP_
    unmapped dff cell: $_DFFSR_PPN_
    unmapped dff cell: $_DFFSR_PPP_

11.1. Executing DFFLEGALIZE pass (convert FFs to types supported by the target).
<suppressed ~8 debug messages>
Mapping DFF cells in module `\DT':
  mapped 82 $_DFF_PN0_ cells to \DFFR_X1 cells.

12. Executing ABC pass (technology mapping using ABC).

12.1. Extracting gate netlist of module `\DT' to `<abc-temp-dir>/input.blif'..
Replacing 82 occurrences of constant undef bits with constant zero bits
Extracted 1050 gates and 1216 wires to a netlist network with 163 inputs and 93 outputs.

12.1.1. Executing ABC.
Running ABC command: "<yosys-exe-dir>/yosys-abc" -s -f <abc-temp-dir>/abc.script 2>&1
ABC: ABC command line: "source <abc-temp-dir>/abc.script".
ABC: 
ABC: + read_blif <abc-temp-dir>/input.blif 
ABC: + read_lib -w /home/weiber/project/NanGate45-Synopsys-Enablement/NanGate45/lib/NangateOpenCellLibrary_typical.lib 
ABC: Parsing finished successfully.  Parsing time =     0.03 sec
ABC: Scl_LibertyReadGenlib() skipped cell "ANTENNA_X1" due to dont_use attribute.
ABC: Scl_LibertyReadGenlib() skipped cell "CLKGATETST_X1" without logic function.
ABC: Scl_LibertyReadGenlib() skipped cell "CLKGATETST_X2" without logic function.
ABC: Scl_LibertyReadGenlib() skipped cell "CLKGATETST_X4" without logic function.
ABC: Scl_LibertyReadGenlib() skipped cell "CLKGATETST_X8" without logic function.
ABC: Scl_LibertyReadGenlib() skipped cell "CLKGATE_X1" without logic function.
ABC: Scl_LibertyReadGenlib() skipped cell "CLKGATE_X2" without logic function.
ABC: Scl_LibertyReadGenlib() skipped cell "CLKGATE_X4" without logic function.
ABC: Scl_LibertyReadGenlib() skipped cell "CLKGATE_X8" without logic function.
ABC: Scl_LibertyReadGenlib() skipped sequential cell "DFFRS_X1".
ABC: Scl_LibertyReadGenlib() skipped sequential cell "DFFRS_X2".
ABC: Scl_LibertyReadGenlib() skipped sequential cell "DFFR_X1".
ABC: Scl_LibertyReadGenlib() skipped sequential cell "DFFR_X2".
ABC: Scl_LibertyReadGenlib() skipped sequential cell "DFFS_X1".
ABC: Scl_LibertyReadGenlib() skipped sequential cell "DFFS_X2".
ABC: Scl_LibertyReadGenlib() skipped sequential cell "DFF_X1".
ABC: Scl_LibertyReadGenlib() skipped sequential cell "DFF_X2".
ABC: Scl_LibertyReadGenlib() skipped sequential cell "DLH_X1".
ABC: Scl_LibertyReadGenlib() skipped sequential cell "DLH_X2".
ABC: Scl_LibertyReadGenlib() skipped sequential cell "DLL_X1".
ABC: Scl_LibertyReadGenlib() skipped sequential cell "DLL_X2".
ABC: Scl_LibertyReadGenlib() skipped cell "FILLCELL_X1" due to dont_use attribute.
ABC: Scl_LibertyReadGenlib() skipped cell "TAPCELL_X1" due to dont_use attribute.
ABC: Scl_LibertyReadGenlib() skipped cell "FILLCELL_X2" due to dont_use attribute.
ABC: Scl_LibertyReadGenlib() skipped cell "FILLCELL_X4" due to dont_use attribute.
ABC: Scl_LibertyReadGenlib() skipped cell "FILLCELL_X8" due to dont_use attribute.
ABC: Scl_LibertyReadGenlib() skipped cell "FILLCELL_X16" due to dont_use attribute.
ABC: Scl_LibertyReadGenlib() skipped cell "FILLCELL_X32" due to dont_use attribute.
ABC: Scl_LibertyReadGenlib() skipped cell "LOGIC0_X1" due to dont_use attribute.
ABC: Scl_LibertyReadGenlib() skipped cell "LOGIC1_X1" due to dont_use attribute.
ABC: Scl_LibertyReadGenlib() skipped sequential cell "SDFFRS_X1".
ABC: Scl_LibertyReadGenlib() skipped sequential cell "SDFFRS_X2".
ABC: Scl_LibertyReadGenlib() skipped sequential cell "SDFFR_X1".
ABC: Scl_LibertyReadGenlib() skipped sequential cell "SDFFR_X2".
ABC: Scl_LibertyReadGenlib() skipped sequential cell "SDFFS_X1".
ABC: Scl_LibertyReadGenlib() skipped sequential cell "SDFFS_X2".
ABC: Scl_LibertyReadGenlib() skipped sequential cell "SDFF_X1".
ABC: Scl_LibertyReadGenlib() skipped sequential cell "SDFF_X2".
ABC: Scl_LibertyReadGenlib() skipped three-state cell "TBUF_X1".
ABC: Scl_LibertyReadGenlib() skipped three-state cell "TBUF_X2".
ABC: Scl_LibertyReadGenlib() skipped three-state cell "TBUF_X4".
ABC: Scl_LibertyReadGenlib() skipped three-state cell "TBUF_X8".
ABC: Scl_LibertyReadGenlib() skipped three-state cell "TBUF_X16".
ABC: Scl_LibertyReadGenlib() skipped three-state cell "TINV_X1".
ABC: Scl_LibertyReadGenlib() skipped sequential cell "TLAT_X1".
ABC: Library "NangateOpenCellLibrary" from "/home/weiber/project/NanGate45-Synopsys-Enablement/NanGate45/lib/NangateOpenCellLibrary_typical.lib" has 90 cells (45 skipped: 21 seq; 6 tri-state; 8 no func; 10 dont_use; 0 with 2 outputs; 0 with 3+ outputs).  Time =     0.04 sec
ABC: Memory =   11.38 MB. Time =     0.04 sec
ABC: Warning: Detected 2 multi-output cells (for example, "FA_X1").
ABC: + strash 
ABC: + &get -n 
ABC: + &fraig -x 
ABC: + &put 
ABC: + scorr 
ABC: Warning: The network is combinational (run "fraig" or "fraig_sweep").
ABC: + dc2 
ABC: + dretime 
ABC: + strash 
ABC: + &get -n 
ABC: + &dch -f 
ABC: + &nf 
ABC: + &put 
ABC: + write_blif <abc-temp-dir>/output.blif 

12.1.2. Re-integrating ABC results.
ABC RESULTS:           AND2_X1 cells:       22
ABC RESULTS:           AND3_X1 cells:       10
ABC RESULTS:           AND4_X1 cells:        3
ABC RESULTS:         AOI211_X1 cells:       17
ABC RESULTS:          AOI21_X1 cells:       55
ABC RESULTS:         AOI221_X1 cells:       21
ABC RESULTS:         AOI222_X1 cells:        3
ABC RESULTS:          AOI22_X1 cells:       28
ABC RESULTS:            INV_X1 cells:       57
ABC RESULTS:           MUX2_X1 cells:       42
ABC RESULTS:          NAND2_X1 cells:       63
ABC RESULTS:          NAND3_X1 cells:       26
ABC RESULTS:          NAND4_X1 cells:        9
ABC RESULTS:           NOR2_X1 cells:       70
ABC RESULTS:           NOR3_X1 cells:       17
ABC RESULTS:           NOR4_X1 cells:       11
ABC RESULTS:         OAI211_X1 cells:       24
ABC RESULTS:          OAI21_X1 cells:       41
ABC RESULTS:         OAI221_X1 cells:        5
ABC RESULTS:          OAI22_X1 cells:        9
ABC RESULTS:          OAI33_X1 cells:        1
ABC RESULTS:            OR2_X1 cells:       18
ABC RESULTS:            OR3_X1 cells:        8
ABC RESULTS:            OR4_X1 cells:        4
ABC RESULTS:          XNOR2_X1 cells:       35
ABC RESULTS:           XOR2_X1 cells:       17
ABC RESULTS:        internal signals:      960
ABC RESULTS:           input signals:      163
ABC RESULTS:          output signals:       93
Removing temp directory.

13. Printing statistics.

=== DT ===

        +----------Local Count, excluding submodules.
        |        +-Local Area, excluding submodules.
        |        | 
     1367        - wires
     3038        - wire bits
       28        - public wires
      215        - public wire bits
       11        - ports
       62        - port bits
      698 1.14E+03 cells
       22   23.408   AND2_X1
       10     13.3   AND3_X1
        3    4.788   AND4_X1
       17    22.61   AOI211_X1
       55    58.52   AOI21_X1
       21   33.516   AOI221_X1
        3    6.384   AOI222_X1
       28    37.24   AOI22_X1
       82   436.24   DFFR_X1
       57   30.324   INV_X1
       42   78.204   MUX2_X1
       63   50.274   NAND2_X1
       26   27.664   NAND3_X1
        9    11.97   NAND4_X1
       70    55.86   NOR2_X1
       17   18.088   NOR3_X1
       11    14.63   NOR4_X1
       24    31.92   OAI211_X1
       41   43.624   OAI21_X1
        5     7.98   OAI221_X1
        9    11.97   OAI22_X1
        1    1.862   OAI33_X1
       18   19.152   OR2_X1
        8    10.64   OR3_X1
        4    6.384   OR4_X1
       35    55.86   XNOR2_X1
       17   27.132   XOR2_X1

   Chip area for module '\DT': 1139.544000
     of which used for sequential elements: 436.240000 (38.28%)

14. Executing Verilog backend.

14.1. Executing BMUXMAP pass.

14.2. Executing DEMUXMAP pass.
Dumping module `\DT'.

Warnings: 2 unique messages, 2 total
End of script. Logfile hash: f8bba51160, CPU: user 0.26s system 0.00s, MEM: 39.89 MB peak
Yosys 0.57+72 (git sha1 fa02d71f6, g++ 11.4.0-1ubuntu1~22.04 -fPIC -O3)
Time spent: 45% 1x abc (0 sec), 10% 1x stat (0 sec), ...
