Startpoint: _2019_ (rising edge-triggered flip-flop clocked by clk)
Endpoint: _2033_ (rising edge-triggered flip-flop clocked by clk)
Path Group: clk
Path Type: max

   Delay     Time   Description
-----------------------------------------------------------
   0.000    0.000   clock clk (rise edge)
   0.000    0.000   clock network delay (ideal)
   0.000    0.000 ^ _2019_/CK (DFFR_X1)
   0.358    0.358 ^ _2019_/Q (DFFR_X1)
   0.063    0.421 v _1381_/ZN (NAND4_X1)
   0.100    0.522 ^ _1385_/ZN (OAI33_X1)
   0.016    0.538 v _1413_/ZN (NAND2_X1)
   0.065    0.603 v _1414_/ZN (AND4_X1)
   0.079    0.682 ^ _1604_/ZN (NAND3_X1)
   0.022    0.704 v _1678_/ZN (NOR2_X1)
   0.114    0.818 v _1742_/ZN (OR4_X1)
   0.098    0.916 ^ _1743_/ZN (AOI211_X1)
   0.045    0.961 v _1836_/ZN (NAND4_X1)
   0.055    1.016 ^ _1858_/ZN (OAI22_X1)
   0.044    1.061 ^ _1859_/ZN (XNOR2_X1)
   0.023    1.083 v _1868_/ZN (OAI211_X1)
   0.000    1.083 v _2033_/D (DFFR_X1)
            1.083   data arrival time

  10.000   10.000   clock clk (rise edge)
   0.000   10.000   clock network delay (ideal)
   0.000   10.000   clock reconvergence pessimism
           10.000 ^ _2033_/CK (DFFR_X1)
  -0.045    9.955   library setup time
            9.955   data required time
-----------------------------------------------------------
            9.955   data required time
           -1.083   data arrival time
-----------------------------------------------------------
            8.871   slack (MET)


