----------------------------------------------
-             inst = 4                      -
-             START COMPUTE                  -
-             CHECK ANSWER                   -
Test[          2]: Error!, expected 1cfe, got Xxxx
Test[          3]: Error!, expected 1e4a, got Xxxx
----------------------------------------------
-             inst = 16                      -
-             START COMPUTE                  -
-             CHECK ANSWER                   -
Test[          2]: Error!, expected 1cfe, got Xxxx
Test[          3]: Error!, expected 1e4a, got Xxxx
Test[          6]: Error!, expected e86f, got Xxxx
Test[          7]: Error!, expected 7438, got Xxxx
Test[         10]: Error!, expected beb1, got Xxxx
Test[         11]: Error!, expected e2c4, got Xxxx
Test[         14]: Error!, expected f23d, got Xxxx
Test[         15]: Error!, expected 32b8, got Xxxx
Test[         66]: Error!, expected d8b7, got Xxxx
Test[         67]: Error!, expected b353, got Xxxx
Test[         70]: Error!, expected 14bd, got Xxxx
Test[         71]: Error!, expected 8000, got Xxxx
Test[         74]: Error!, expected 352c, got Xxxx
Test[         75]: Error!, expected 457d, got Xxxx
Test[         78]: Error!, expected fb1b, got Xxxx
Test[         79]: Error!, expected 8000, got Xxxx
Test[        130]: Error!, expected 8000, got Xxxx
Test[        131]: Error!, expected 7fff, got Xxxx
Test[        134]: Error!, expected 6ca3, got Xxxx
Test[        135]: Error!, expected 724b, got Xxxx
Test[        138]: Error!, expected 67f8, got Xxxx
Test[        139]: Error!, expected 8000, got Xxxx
Test[        142]: Error!, expected de14, got Xxxx
Test[        143]: Error!, expected 8000, got Xxxx
Test[        194]: Error!, expected 8000, got Xxxx
Test[        195]: Error!, expected 7fff, got Xxxx
Test[        198]: Error!, expected 7fac, got Xxxx
Test[        199]: Error!, expected 1dca, got Xxxx
Test[        202]: Error!, expected 7fff, got Xxxx
Test[        203]: Error!, expected dfd5, got Xxxx
Test[        206]: Error!, expected c32b, got Xxxx
Test[        207]: Error!, expected e968, got Xxxx
----------------------------------------------
-             inst = 8                      -
-             START COMPUTE                  -
-             CHECK ANSWER                   -
Test[          2]: Error!, expected 1cfe, got Xxxx
Test[          3]: Error!, expected 1e4a, got Xxxx
Test[          6]: Error!, expected e86f, got Xxxx
Test[          7]: Error!, expected 7438, got Xxxx
Test[         66]: Error!, expected d8b7, got Xxxx
Test[         67]: Error!, expected b353, got Xxxx
Test[         70]: Error!, expected 14bd, got Xxxx
Test[         71]: Error!, expected 8000, got Xxxx
------------------------------------------------
------------------FAIL-------------------------
-   Total Error: 42 (5.47% of total pixels)   -
------------------------------------------------
./tb/tb.sv:244: $finish called at 2099500 (10ps)
