Startpoint: _10363_ (rising edge-triggered flip-flop clocked by clk)
Endpoint: _10341_ (rising edge-triggered flip-flop clocked by clk)
Path Group: clk
Path Type: max

   Delay     Time   Description
-----------------------------------------------------------
   0.000    0.000   clock clk (rise edge)
   0.000    0.000   clock network delay (ideal)
   0.000    0.000 ^ _10363_/CK (DFFR_X1)
   0.089    0.089 v _10363_/Q (DFFR_X1)
   1.101    1.190 ^ _07275_/ZN (NOR2_X1)
   4.702    5.892 v _07412_/ZN (NOR4_X1)
   0.362    6.255 ^ _08305_/ZN (NAND3_X1)
   0.027    6.282 v _08306_/ZN (OAI21_X1)
   0.000    6.282 v _10341_/D (DFFR_X1)
            6.282   data arrival time

  10.000   10.000   clock clk (rise edge)
   0.000   10.000   clock network delay (ideal)
   0.000   10.000   clock reconvergence pessimism
           10.000 ^ _10341_/CK (DFFR_X1)
  -0.222    9.778   library setup time
            9.778   data required time
-----------------------------------------------------------
            9.778   data required time
           -6.282   data arrival time
-----------------------------------------------------------
            3.496   slack (MET)


